09:38:12.951 [main] INFO  com.ruoyi.RuoYiApplication - Starting RuoYiApplication on yff-PC with PID 6256 (F:\IDEA_Project\RuoYi\target\classes started by yff in F:\IDEA_Project\RuoYi)
09:38:12.997 [main] DEBUG com.ruoyi.RuoYiApplication - Running with Spring Boot v1.5.10.RELEASE, Spring v4.3.14.RELEASE
09:38:12.997 [main] INFO  com.ruoyi.RuoYiApplication - The following profiles are active: druid
09:38:14.044 [background-preinit] INFO  org.hibernate.validator.internal.util.Version - HV000001: Hibernate Validator 5.3.6.Final
09:38:20.397 [main] INFO  org.apache.shiro.cache.ehcache.EhCacheManager - Cache with name 'com.ruoyi.framework.shiro.realm.UserRealm.authorizationCache' does not yet exist.  Creating now.
09:38:20.397 [main] INFO  org.apache.shiro.cache.ehcache.EhCacheManager - Added EhCache named [com.ruoyi.framework.shiro.realm.UserRealm.authorizationCache]
09:38:21.474 [main] INFO  com.alibaba.druid.pool.DruidDataSource - {dataSource-1} inited
09:38:24.911 [main] INFO  org.apache.shiro.cache.ehcache.EhCacheManager - Using existing EHCache named [loginRecordCache]
09:38:28.925 [main] INFO  org.apache.catalina.core.StandardService - Starting service [Tomcat]
09:38:28.925 [main] INFO  org.apache.catalina.core.StandardEngine - Starting Servlet Engine: Apache Tomcat/8.5.27
09:38:29.049 [localhost-startStop-1] INFO  org.apache.catalina.core.ContainerBase.[Tomcat].[localhost].[/] - Initializing Spring embedded WebApplicationContext
09:38:30.408 [main] INFO  org.quartz.impl.StdSchedulerFactory - Using default implementation for ThreadExecutor
09:38:30.610 [main] INFO  org.quartz.core.SchedulerSignalerImpl - Initialized Scheduler Signaller of type: class org.quartz.core.SchedulerSignalerImpl
09:38:30.610 [main] INFO  org.quartz.core.QuartzScheduler - Quartz Scheduler v.2.3.0 created.
09:38:30.752 [main] INFO  org.quartz.core.QuartzScheduler - Scheduler meta-data: Quartz Scheduler (v2.3.0) 'RuoyiScheduler' with instanceId 'yff-PC1529372310470'
  Scheduler class: 'org.quartz.core.QuartzScheduler' - running locally.
  NOT STARTED.
  Currently in standby mode.
  Number of jobs executed: 0
  Using thread pool 'org.quartz.simpl.SimpleThreadPool' - with 20 threads.
  Using job-store 'org.springframework.scheduling.quartz.LocalDataSourceJobStore' - which supports persistence. and is clustered.

09:38:30.752 [main] INFO  org.quartz.impl.StdSchedulerFactory - Quartz scheduler 'RuoyiScheduler' initialized from an externally provided properties instance.
09:38:30.752 [main] INFO  org.quartz.impl.StdSchedulerFactory - Quartz scheduler version: 2.3.0
09:38:30.752 [main] INFO  org.quartz.core.QuartzScheduler - JobFactory set to: org.springframework.scheduling.quartz.AdaptableJobFactory@6968c1d6
09:38:31.001 [main] DEBUG com.ruoyi.project.monitor.job.mapper.JobMapper.selectJobAll - ==>  Preparing: SELECT job_id, job_name, job_group, method_name, params, cron_expression, status, create_by, create_time FROM sys_job 
09:38:31.454 [main] DEBUG com.ruoyi.project.monitor.job.mapper.JobMapper.selectJobAll - ==> Parameters: 
09:38:31.547 [main] DEBUG com.ruoyi.project.monitor.job.mapper.JobMapper.selectJobAll - <==      Total: 3
09:38:36.888 [main] INFO  org.apache.coyote.http11.Http11NioProtocol - Initializing ProtocolHandler ["http-nio-80"]
09:38:36.919 [main] INFO  org.apache.coyote.http11.Http11NioProtocol - Starting ProtocolHandler ["http-nio-80"]
09:38:36.919 [main] INFO  org.apache.tomcat.util.net.NioSelectorPool - Using a shared selector for servlet write/read
09:38:36.934 [main] INFO  com.ruoyi.RuoYiApplication - Started RuoYiApplication in 24.926 seconds (JVM running for 32.013)
09:38:38.153 [Quartz Scheduler [RuoyiScheduler]] INFO  org.quartz.core.QuartzScheduler - Scheduler RuoyiScheduler_$_yff-PC1529372310470 started.
09:38:56.493 [http-nio-80-exec-1] INFO  org.apache.catalina.core.ContainerBase.[Tomcat].[localhost].[/] - Initializing Spring FrameworkServlet 'dispatcherServlet'
09:38:56.571 [http-nio-80-exec-1] INFO  org.apache.shiro.session.mgt.AbstractValidatingSessionManager - Enabling session validation scheduler...
09:38:56.572 [http-nio-80-exec-1] DEBUG com.ruoyi.framework.shiro.web.session.SpringSessionValidationScheduler - Scheduling session validation job using Spring Scheduler with session validation interval of [600000]ms...
09:38:56.572 [http-nio-80-exec-1] DEBUG com.ruoyi.framework.shiro.web.session.SpringSessionValidationScheduler - Session validation job successfully scheduled with Spring Scheduler.
09:38:56.609 [http-nio-80-exec-1] INFO  org.apache.shiro.cache.ehcache.EhCacheManager - Using existing EHCache named [shiro-activeSessionCache]
09:38:57.010 [http-nio-80-exec-2] DEBUG com.ruoyi.project.system.config.mapper.ConfigMapper.selectConfigByKey - ==>  Preparing: select config_id, config_name, config_key, config_value, config_type, create_by, create_time, update_by, update_time, remark from sys_config where config_key = ? 
09:38:57.012 [http-nio-80-exec-2] DEBUG com.ruoyi.project.system.config.mapper.ConfigMapper.selectConfigByKey - ==> Parameters: sys.name(String)
09:38:57.029 [http-nio-80-exec-2] DEBUG com.ruoyi.project.system.config.mapper.ConfigMapper.selectConfigByKey - <==      Total: 1
09:38:57.120 [http-nio-80-exec-2] DEBUG com.ruoyi.project.system.config.mapper.ConfigMapper.selectConfigByKey - ==>  Preparing: select config_id, config_name, config_key, config_value, config_type, create_by, create_time, update_by, update_time, remark from sys_config where config_key = ? 
09:38:57.121 [http-nio-80-exec-2] DEBUG com.ruoyi.project.system.config.mapper.ConfigMapper.selectConfigByKey - ==> Parameters: sys.name(String)
09:38:57.122 [http-nio-80-exec-2] DEBUG com.ruoyi.project.system.config.mapper.ConfigMapper.selectConfigByKey - <==      Total: 1
09:38:57.124 [http-nio-80-exec-2] DEBUG com.ruoyi.project.system.config.mapper.ConfigMapper.selectConfigByKey - ==>  Preparing: select config_id, config_name, config_key, config_value, config_type, create_by, create_time, update_by, update_time, remark from sys_config where config_key = ? 
09:38:57.124 [http-nio-80-exec-2] DEBUG com.ruoyi.project.system.config.mapper.ConfigMapper.selectConfigByKey - ==> Parameters: sys.name(String)
09:38:57.126 [http-nio-80-exec-2] DEBUG com.ruoyi.project.system.config.mapper.ConfigMapper.selectConfigByKey - <==      Total: 1
09:38:57.148 [http-nio-80-exec-2] DEBUG com.ruoyi.project.system.config.mapper.ConfigMapper.selectConfigByKey - ==>  Preparing: select config_id, config_name, config_key, config_value, config_type, create_by, create_time, update_by, update_time, remark from sys_config where config_key = ? 
09:38:57.149 [http-nio-80-exec-2] DEBUG com.ruoyi.project.system.config.mapper.ConfigMapper.selectConfigByKey - ==> Parameters: sys.name(String)
09:38:57.150 [http-nio-80-exec-2] DEBUG com.ruoyi.project.system.config.mapper.ConfigMapper.selectConfigByKey - <==      Total: 1
09:38:57.153 [http-nio-80-exec-2] DEBUG com.ruoyi.project.system.config.mapper.ConfigMapper.selectConfigByKey - ==>  Preparing: select config_id, config_name, config_key, config_value, config_type, create_by, create_time, update_by, update_time, remark from sys_config where config_key = ? 
09:38:57.154 [http-nio-80-exec-2] DEBUG com.ruoyi.project.system.config.mapper.ConfigMapper.selectConfigByKey - ==> Parameters: sys.login.slogan(String)
09:38:57.155 [http-nio-80-exec-2] DEBUG com.ruoyi.project.system.config.mapper.ConfigMapper.selectConfigByKey - <==      Total: 1
09:38:57.160 [http-nio-80-exec-2] DEBUG com.ruoyi.project.system.config.mapper.ConfigMapper.selectConfigByKey - ==>  Preparing: select config_id, config_name, config_key, config_value, config_type, create_by, create_time, update_by, update_time, remark from sys_config where config_key = ? 
09:38:57.161 [http-nio-80-exec-2] DEBUG com.ruoyi.project.system.config.mapper.ConfigMapper.selectConfigByKey - ==> Parameters: sys.login.copyright(String)
09:38:57.162 [http-nio-80-exec-2] DEBUG com.ruoyi.project.system.config.mapper.ConfigMapper.selectConfigByKey - <==      Total: 1
09:38:57.573 [pool-2-thread-1] INFO  com.ruoyi.framework.shiro.web.session.OnlineWebSessionManager - invalidation sessions...
09:38:58.389 [pool-2-thread-1] DEBUG com.ruoyi.project.monitor.online.mapper.UserOnlineMapper.selectOnlineByExpired - ==>  Preparing: SELECT * FROM sys_user_online o WHERE o.last_access_time <= ? ORDER BY o.last_access_time ASC 
09:38:58.391 [pool-2-thread-1] DEBUG com.ruoyi.project.monitor.online.mapper.UserOnlineMapper.selectOnlineByExpired - ==> Parameters: 2018-06-19 09:08:57(String)
09:38:58.700 [pool-2-thread-1] DEBUG com.ruoyi.project.monitor.online.mapper.UserOnlineMapper.selectOnlineByExpired - <==      Total: 0
09:38:58.701 [pool-2-thread-1] INFO  com.ruoyi.framework.shiro.web.session.OnlineWebSessionManager - Finished invalidation session. No sessions were stopped.
09:39:05.102 [http-nio-80-exec-10] DEBUG com.ruoyi.project.system.user.mapper.UserMapper.selectUserByLoginName - ==>  Preparing: select u.user_id, u.dept_id, u.login_name, u.user_name, u.email, u.phonenumber, u.sex, u.avatar, u.password, u.salt, u.status, u.login_ip, u.login_date, u.create_time, u.remark, d.dept_id, d.parent_id, d.dept_name, d.order_num, d.status as dept_status from sys_user u left join sys_dept d on u.dept_id = d.dept_id left join sys_user_role ur on u.user_id = ur.user_id where u.login_name = ? 
09:39:05.103 [http-nio-80-exec-10] DEBUG com.ruoyi.project.system.user.mapper.UserMapper.selectUserByLoginName - ==> Parameters: admin(String)
09:39:05.390 [http-nio-80-exec-10] DEBUG com.ruoyi.project.system.user.mapper.UserMapper.selectUserByLoginName - <==      Total: 1
09:39:05.734 [http-nio-80-exec-10] INFO  sys-user - [127.0.0.1]XXXX内网IP[admin][Success][登录成功]
09:39:06.793 [http-nio-80-exec-10] DEBUG com.ruoyi.project.monitor.logininfor.mapper.LogininforMapper.insertLogininfor - ==>  Preparing: insert into sys_logininfor (login_name, status, ipaddr, login_location, browser, os, msg, login_time) values (?, ?, ?, ?, ?, ?, ?, sysdate()) 
09:39:06.799 [http-nio-80-exec-10] DEBUG com.ruoyi.project.monitor.logininfor.mapper.LogininforMapper.insertLogininfor - ==> Parameters: admin(String), 0(String), 127.0.0.1(String), XXXX内网IP(String), Chrome(String), Windows 7(String), 登录成功(String)
09:39:07.005 [http-nio-80-exec-10] DEBUG com.ruoyi.project.monitor.logininfor.mapper.LogininforMapper.insertLogininfor - <==    Updates: 1
09:39:07.140 [http-nio-80-exec-10] DEBUG com.ruoyi.project.system.user.mapper.UserMapper.updateUser - ==>  Preparing: update sys_user SET dept_id = ?, login_name = ?, user_name = ?, email = ?, phonenumber = ?, sex = ?, password = ?, salt = ?, status = ?, login_ip = ?, login_date = ?, remark = ?, update_time = sysdate() where 1=1 and user_id = ? 
09:39:07.147 [http-nio-80-exec-10] DEBUG com.ruoyi.project.system.user.mapper.UserMapper.updateUser - ==> Parameters: 106(Long), admin(String), 那谁(String), 1888@163.com(String), 15888888889(String), 0(String), 8f02c9f5377c332a359cdf2b3701b2e4(String), de88b6(String), 0(Integer), 127.0.0.1(String), 2018-06-19 09:39:07.007(Timestamp), 管理员(String), 1(Long)
09:39:07.196 [http-nio-80-exec-10] DEBUG com.ruoyi.project.system.user.mapper.UserMapper.updateUser - <==    Updates: 1
09:39:07.640 [http-nio-80-exec-1] DEBUG com.ruoyi.project.system.menu.mapper.MenuMapper.selectMenusByUserId - ==>  Preparing: select distinct m.menu_id, m.parent_id, m.menu_name, m.url, m.perms , m.menu_type, m.icon, m.order_num, m.create_time, m.open_mode from sys_menu m left join sys_role_menu rm on m.menu_id = rm.menu_id left join sys_user_role ur on rm.role_id = ur.role_id where ur.user_id = ? and m.menu_type in ('M', 'C') and m.visible = 0 order by m.order_num 
09:39:07.641 [http-nio-80-exec-1] DEBUG com.ruoyi.project.system.menu.mapper.MenuMapper.selectMenusByUserId - ==> Parameters: 1(Long)
09:39:07.805 [http-nio-80-exec-1] DEBUG com.ruoyi.project.system.menu.mapper.MenuMapper.selectMenusByUserId - <==      Total: 20
09:39:07.856 [http-nio-80-exec-1] DEBUG com.ruoyi.project.system.config.mapper.ConfigMapper.selectConfigByKey - ==>  Preparing: select config_id, config_name, config_key, config_value, config_type, create_by, create_time, update_by, update_time, remark from sys_config where config_key = ? 
09:39:07.857 [http-nio-80-exec-1] DEBUG com.ruoyi.project.system.config.mapper.ConfigMapper.selectConfigByKey - ==> Parameters: sys.name(String)
09:39:07.861 [http-nio-80-exec-1] DEBUG com.ruoyi.project.system.config.mapper.ConfigMapper.selectConfigByKey - <==      Total: 1
09:39:07.864 [http-nio-80-exec-1] DEBUG com.ruoyi.project.system.config.mapper.ConfigMapper.selectConfigByKey - ==>  Preparing: select config_id, config_name, config_key, config_value, config_type, create_by, create_time, update_by, update_time, remark from sys_config where config_key = ? 
09:39:07.865 [http-nio-80-exec-1] DEBUG com.ruoyi.project.system.config.mapper.ConfigMapper.selectConfigByKey - ==> Parameters: sys.name(String)
09:39:07.868 [http-nio-80-exec-1] DEBUG com.ruoyi.project.system.config.mapper.ConfigMapper.selectConfigByKey - <==      Total: 1
09:39:07.872 [http-nio-80-exec-1] DEBUG com.ruoyi.project.system.config.mapper.ConfigMapper.selectConfigByKey - ==>  Preparing: select config_id, config_name, config_key, config_value, config_type, create_by, create_time, update_by, update_time, remark from sys_config where config_key = ? 
09:39:07.873 [http-nio-80-exec-1] DEBUG com.ruoyi.project.system.config.mapper.ConfigMapper.selectConfigByKey - ==> Parameters: sys.name(String)
09:39:07.874 [http-nio-80-exec-1] DEBUG com.ruoyi.project.system.config.mapper.ConfigMapper.selectConfigByKey - <==      Total: 1
09:39:07.877 [http-nio-80-exec-1] DEBUG com.ruoyi.project.system.config.mapper.ConfigMapper.selectConfigByKey - ==>  Preparing: select config_id, config_name, config_key, config_value, config_type, create_by, create_time, update_by, update_time, remark from sys_config where config_key = ? 
09:39:07.878 [http-nio-80-exec-1] DEBUG com.ruoyi.project.system.config.mapper.ConfigMapper.selectConfigByKey - ==> Parameters: sys.index.skinName(String)
09:39:07.880 [http-nio-80-exec-1] DEBUG com.ruoyi.project.system.config.mapper.ConfigMapper.selectConfigByKey - <==      Total: 1
09:39:07.898 [http-nio-80-exec-1] DEBUG com.ruoyi.project.system.config.mapper.ConfigMapper.selectConfigByKey - ==>  Preparing: select config_id, config_name, config_key, config_value, config_type, create_by, create_time, update_by, update_time, remark from sys_config where config_key = ? 
09:39:07.898 [http-nio-80-exec-1] DEBUG com.ruoyi.project.system.config.mapper.ConfigMapper.selectConfigByKey - ==> Parameters: sys.name(String)
09:39:07.900 [http-nio-80-exec-1] DEBUG com.ruoyi.project.system.config.mapper.ConfigMapper.selectConfigByKey - <==      Total: 1
09:39:07.904 [http-nio-80-exec-1] DEBUG com.ruoyi.project.system.config.mapper.ConfigMapper.selectConfigByKey - ==>  Preparing: select config_id, config_name, config_key, config_value, config_type, create_by, create_time, update_by, update_time, remark from sys_config where config_key = ? 
09:39:07.905 [http-nio-80-exec-1] DEBUG com.ruoyi.project.system.config.mapper.ConfigMapper.selectConfigByKey - ==> Parameters: sys.login.copyright(String)
09:39:07.907 [http-nio-80-exec-1] DEBUG com.ruoyi.project.system.config.mapper.ConfigMapper.selectConfigByKey - <==      Total: 1
09:39:07.972 [http-nio-80-exec-4] DEBUG com.ruoyi.project.monitor.online.mapper.UserOnlineMapper.saveOnline - ==>  Preparing: replace into sys_user_online(sessionId, login_name, dept_name, ipaddr, login_location, browser, os, status, start_timestsamp, last_access_time, expire_time) values (?, ?, ?, ?, ?, ?, ?, ?, ?, ?, ?) 
09:39:08.269 [http-nio-80-exec-4] DEBUG com.ruoyi.project.monitor.online.mapper.UserOnlineMapper.saveOnline - ==> Parameters: 9c3c6d7d-9ea7-450c-b16f-329dec550378(String), admin(String), 研发一部(String), 127.0.0.1(String), XXXX内网IP(String), Chrome(String), Windows 7(String), on_line(String), 2018-06-19 09:38:56.581(Timestamp), 2018-06-19 09:39:07.934(Timestamp), 1800000(Long)
09:39:08.464 [http-nio-80-exec-4] DEBUG com.ruoyi.project.monitor.online.mapper.UserOnlineMapper.saveOnline - <==    Updates: 1
09:39:08.476 [http-nio-80-exec-4] DEBUG com.ruoyi.project.system.role.mapper.RoleMapper.selectRolesByUserId - ==>  Preparing: SELECT r.role_id, r.role_name, r.role_key FROM sys_user u LEFT JOIN sys_user_role ur ON u.user_id = ur.user_id LEFT JOIN sys_role r ON ur.role_id = r.role_id WHERE ur.user_id = ? 
09:39:08.478 [http-nio-80-exec-4] DEBUG com.ruoyi.project.system.role.mapper.RoleMapper.selectRolesByUserId - ==> Parameters: 1(Long)
09:39:08.517 [http-nio-80-exec-4] DEBUG com.ruoyi.project.system.role.mapper.RoleMapper.selectRolesByUserId - <==      Total: 1
09:39:08.518 [http-nio-80-exec-4] DEBUG com.ruoyi.project.system.menu.mapper.MenuMapper.selectPermsByUserId - ==>  Preparing: select distinct m.perms from sys_menu m left join sys_role_menu rm on m.menu_id = rm.menu_id left join sys_user_role ur on rm.role_id = ur.role_id where ur.user_id = ? 
09:39:08.519 [http-nio-80-exec-4] DEBUG com.ruoyi.project.system.menu.mapper.MenuMapper.selectPermsByUserId - ==> Parameters: 1(Long)
09:39:08.522 [http-nio-80-exec-4] DEBUG com.ruoyi.project.system.menu.mapper.MenuMapper.selectPermsByUserId - <==      Total: 74
09:39:19.094 [http-nio-80-exec-7] DEBUG com.ruoyi.project.system.role.mapper.RoleMapper.selectRoleList_COUNT - ==>  Preparing: SELECT count(0) FROM sys_role 
09:39:19.094 [http-nio-80-exec-7] DEBUG com.ruoyi.project.system.role.mapper.RoleMapper.selectRoleList_COUNT - ==> Parameters: 
09:39:19.095 [http-nio-80-exec-7] DEBUG com.ruoyi.project.system.role.mapper.RoleMapper.selectRoleList_COUNT - <==      Total: 1
09:39:19.097 [http-nio-80-exec-7] DEBUG com.ruoyi.project.system.role.mapper.RoleMapper.selectRoleList - ==>  Preparing: SELECT role_id, role_name, role_key, role_sort, status, create_time, remark FROM sys_role order by role_sort asc LIMIT ? 
09:39:19.099 [http-nio-80-exec-7] DEBUG com.ruoyi.project.system.role.mapper.RoleMapper.selectRoleList - ==> Parameters: 10(Integer)
09:39:19.100 [http-nio-80-exec-7] DEBUG com.ruoyi.project.system.role.mapper.RoleMapper.selectRoleList - <==      Total: 2
09:39:24.493 [http-nio-80-exec-10] DEBUG com.ruoyi.project.system.user.mapper.UserMapper.selectUserList_COUNT - ==>  Preparing: SELECT count(0) FROM sys_user u LEFT JOIN sys_dept d ON u.dept_id = d.dept_id WHERE u.status IN (0, 1) 
09:39:24.494 [http-nio-80-exec-10] DEBUG com.ruoyi.project.system.user.mapper.UserMapper.selectUserList_COUNT - ==> Parameters: 
09:39:24.498 [http-nio-80-exec-10] DEBUG com.ruoyi.project.system.user.mapper.UserMapper.selectUserList_COUNT - <==      Total: 1
09:39:24.500 [http-nio-80-exec-10] DEBUG com.ruoyi.project.system.user.mapper.UserMapper.selectUserList - ==>  Preparing: SELECT u.user_id, u.dept_id, u.login_name, u.user_name, u.email, u.phonenumber, u.password, u.sex, u.avatar, u.salt, u.status, u.create_by, u.create_time, u.remark, d.dept_name FROM sys_user u LEFT JOIN sys_dept d ON u.dept_id = d.dept_id WHERE u.status IN (0, 1) order by create_time desc LIMIT ? 
09:39:24.501 [http-nio-80-exec-10] DEBUG com.ruoyi.project.system.user.mapper.UserMapper.selectUserList - ==> Parameters: 10(Integer)
09:39:24.505 [http-nio-80-exec-10] DEBUG com.ruoyi.project.system.user.mapper.UserMapper.selectUserList - <==      Total: 2
09:39:24.524 [http-nio-80-exec-3] DEBUG com.ruoyi.project.system.dept.mapper.DeptMapper.selectDeptAll - ==>  Preparing: select dept_id, parent_id, dept_name, order_num, leader, phone, email, status, create_by, create_time from sys_dept 
09:39:24.524 [http-nio-80-exec-3] DEBUG com.ruoyi.project.system.dept.mapper.DeptMapper.selectDeptAll - ==> Parameters: 
09:39:24.526 [http-nio-80-exec-3] DEBUG com.ruoyi.project.system.dept.mapper.DeptMapper.selectDeptAll - <==      Total: 10
09:39:58.678 [http-nio-80-exec-5] DEBUG com.ruoyi.project.system.dict.mapper.DictTypeMapper.selectDictTypeList_COUNT - ==>  Preparing: SELECT count(0) FROM sys_dict_type 
09:39:58.679 [http-nio-80-exec-5] DEBUG com.ruoyi.project.system.dict.mapper.DictTypeMapper.selectDictTypeList_COUNT - ==> Parameters: 
09:39:58.694 [http-nio-80-exec-5] DEBUG com.ruoyi.project.system.dict.mapper.DictTypeMapper.selectDictTypeList_COUNT - <==      Total: 1
09:39:58.696 [http-nio-80-exec-5] DEBUG com.ruoyi.project.system.dict.mapper.DictTypeMapper.selectDictTypeList - ==>  Preparing: SELECT dict_id, dict_name, dict_type, status, create_by, create_time, remark FROM sys_dict_type order by create_time asc LIMIT ? 
09:39:58.697 [http-nio-80-exec-5] DEBUG com.ruoyi.project.system.dict.mapper.DictTypeMapper.selectDictTypeList - ==> Parameters: 10(Integer)
09:39:58.699 [http-nio-80-exec-5] DEBUG com.ruoyi.project.system.dict.mapper.DictTypeMapper.selectDictTypeList - <==      Total: 8
09:40:01.408 [http-nio-80-exec-8] DEBUG com.ruoyi.project.system.dict.mapper.DictTypeMapper.selectDictTypeById - ==>  Preparing: select dict_id, dict_name, dict_type, status, create_by, create_time, remark from sys_dict_type where dict_id = ? 
09:40:01.410 [http-nio-80-exec-8] DEBUG com.ruoyi.project.system.dict.mapper.DictTypeMapper.selectDictTypeById - ==> Parameters: 8(Long)
09:40:01.413 [http-nio-80-exec-8] DEBUG com.ruoyi.project.system.dict.mapper.DictTypeMapper.selectDictTypeById - <==      Total: 1
09:40:01.500 [http-nio-80-exec-8] DEBUG com.ruoyi.project.monitor.operlog.mapper.OperLogMapper.insertOperlog - ==>  Preparing: insert into sys_oper_log(title, action, method, channel, login_name, dept_name, oper_url, oper_ip, oper_location, oper_param, status, error_msg, oper_time) values (?, ?, ?, ?, ?, ?, ?, ?, ?, ?, ?, ?, sysdate()) 
09:40:01.503 [http-nio-80-exec-8] DEBUG com.ruoyi.project.monitor.operlog.mapper.OperLogMapper.insertOperlog - ==> Parameters: 系统管理(String), 字典管理-查询字典数据(String), com.ruoyi.project.system.dict.controller.DictTypeController.detail()(String), web(String), admin(String), 研发一部(String), /system/dict/detail/8(String), 127.0.0.1(String), XXXX内网IP(String), {}(String), 0(Integer), null
09:40:01.684 [http-nio-80-exec-8] DEBUG com.ruoyi.project.monitor.operlog.mapper.OperLogMapper.insertOperlog - <==    Updates: 1
09:40:01.830 [http-nio-80-exec-10] DEBUG com.ruoyi.project.system.dict.mapper.DictDataMapper.selectDictDataList_COUNT - ==>  Preparing: SELECT count(0) FROM sys_dict_data WHERE dict_type = ? 
09:40:01.831 [http-nio-80-exec-10] DEBUG com.ruoyi.project.system.dict.mapper.DictDataMapper.selectDictDataList_COUNT - ==> Parameters: sys_menu_openmode(String)
09:40:01.904 [http-nio-80-exec-10] DEBUG com.ruoyi.project.system.dict.mapper.DictDataMapper.selectDictDataList_COUNT - <==      Total: 1
09:40:01.906 [http-nio-80-exec-10] DEBUG com.ruoyi.project.system.dict.mapper.DictDataMapper.selectDictDataList - ==>  Preparing: SELECT dict_code, dict_sort, dict_label, dict_value, dict_type, css_class, is_default, status, create_by, create_time, remark FROM sys_dict_data WHERE dict_type = ? order by create_time asc LIMIT ? 
09:40:01.907 [http-nio-80-exec-10] DEBUG com.ruoyi.project.system.dict.mapper.DictDataMapper.selectDictDataList - ==> Parameters: sys_menu_openmode(String), 10(Integer)
09:40:01.909 [http-nio-80-exec-10] DEBUG com.ruoyi.project.system.dict.mapper.DictDataMapper.selectDictDataList - <==      Total: 2
09:40:11.392 [http-nio-80-exec-3] DEBUG com.ruoyi.project.monitor.online.mapper.UserOnlineMapper.saveOnline - ==>  Preparing: replace into sys_user_online(sessionId, login_name, dept_name, ipaddr, login_location, browser, os, status, start_timestsamp, last_access_time, expire_time) values (?, ?, ?, ?, ?, ?, ?, ?, ?, ?, ?) 
09:40:11.394 [http-nio-80-exec-3] DEBUG com.ruoyi.project.monitor.online.mapper.UserOnlineMapper.saveOnline - ==> Parameters: 9c3c6d7d-9ea7-450c-b16f-329dec550378(String), admin(String), 研发一部(String), 127.0.0.1(String), XXXX内网IP(String), Chrome(String), Windows 7(String), on_line(String), 2018-06-19 09:38:56.581(Timestamp), 2018-06-19 09:40:11.323(Timestamp), 1800000(Long)
09:40:11.517 [http-nio-80-exec-3] DEBUG com.ruoyi.project.monitor.online.mapper.UserOnlineMapper.saveOnline - <==    Updates: 2
09:40:11.527 [http-nio-80-exec-3] DEBUG com.ruoyi.project.system.dict.mapper.DictDataMapper.selectDictDataById - ==>  Preparing: select dict_code, dict_sort, dict_label, dict_value, dict_type, css_class, is_default, status, create_by, create_time, remark from sys_dict_data where dict_code = ? 
09:40:11.529 [http-nio-80-exec-3] DEBUG com.ruoyi.project.system.dict.mapper.DictDataMapper.selectDictDataById - ==> Parameters: 17(Long)
09:40:11.532 [http-nio-80-exec-3] DEBUG com.ruoyi.project.system.dict.mapper.DictDataMapper.selectDictDataById - <==      Total: 1
09:40:11.892 [http-nio-80-exec-3] DEBUG com.ruoyi.project.monitor.operlog.mapper.OperLogMapper.insertOperlog - ==>  Preparing: insert into sys_oper_log(title, action, method, channel, login_name, dept_name, oper_url, oper_ip, oper_location, oper_param, status, error_msg, oper_time) values (?, ?, ?, ?, ?, ?, ?, ?, ?, ?, ?, ?, sysdate()) 
09:40:11.894 [http-nio-80-exec-3] DEBUG com.ruoyi.project.monitor.operlog.mapper.OperLogMapper.insertOperlog - ==> Parameters: 系统管理(String), 字典管理-修改字典数据(String), com.ruoyi.project.system.dict.controller.DictDataController.edit()(String), web(String), admin(String), 研发一部(String), /system/dict/data/edit/17(String), 127.0.0.1(String), XXXX内网IP(String), {}(String), 0(Integer), null
09:40:11.957 [http-nio-80-exec-3] DEBUG com.ruoyi.project.monitor.operlog.mapper.OperLogMapper.insertOperlog - <==    Updates: 1
09:40:12.021 [http-nio-80-exec-3] DEBUG com.ruoyi.project.system.dict.mapper.DictDataMapper.selectDictDataByType - ==>  Preparing: select dict_code, dict_sort, dict_label, dict_value, dict_type, css_class, is_default, status, create_by, create_time, remark from sys_dict_data where dict_type = ? order by dict_sort asc 
09:40:12.022 [http-nio-80-exec-3] DEBUG com.ruoyi.project.system.dict.mapper.DictDataMapper.selectDictDataByType - ==> Parameters: sys_yes_no(String)
09:40:12.023 [http-nio-80-exec-3] DEBUG com.ruoyi.project.system.dict.mapper.DictDataMapper.selectDictDataByType - <==      Total: 2
09:40:12.032 [http-nio-80-exec-3] DEBUG com.ruoyi.project.system.dict.mapper.DictDataMapper.selectDictDataByType - ==>  Preparing: select dict_code, dict_sort, dict_label, dict_value, dict_type, css_class, is_default, status, create_by, create_time, remark from sys_dict_data where dict_type = ? order by dict_sort asc 
09:40:12.032 [http-nio-80-exec-3] DEBUG com.ruoyi.project.system.dict.mapper.DictDataMapper.selectDictDataByType - ==> Parameters: sys_dict_status(String)
09:40:12.033 [http-nio-80-exec-3] DEBUG com.ruoyi.project.system.dict.mapper.DictDataMapper.selectDictDataByType - <==      Total: 2
09:40:37.600 [http-nio-80-exec-8] DEBUG com.ruoyi.project.system.dict.mapper.DictDataMapper.selectDictDataById - ==>  Preparing: select dict_code, dict_sort, dict_label, dict_value, dict_type, css_class, is_default, status, create_by, create_time, remark from sys_dict_data where dict_code = ? 
09:40:37.601 [http-nio-80-exec-8] DEBUG com.ruoyi.project.system.dict.mapper.DictDataMapper.selectDictDataById - ==> Parameters: 18(Long)
09:40:37.603 [http-nio-80-exec-8] DEBUG com.ruoyi.project.system.dict.mapper.DictDataMapper.selectDictDataById - <==      Total: 1
09:40:37.674 [http-nio-80-exec-8] DEBUG com.ruoyi.project.monitor.operlog.mapper.OperLogMapper.insertOperlog - ==>  Preparing: insert into sys_oper_log(title, action, method, channel, login_name, dept_name, oper_url, oper_ip, oper_location, oper_param, status, error_msg, oper_time) values (?, ?, ?, ?, ?, ?, ?, ?, ?, ?, ?, ?, sysdate()) 
09:40:37.674 [http-nio-80-exec-8] DEBUG com.ruoyi.project.monitor.operlog.mapper.OperLogMapper.insertOperlog - ==> Parameters: 系统管理(String), 字典管理-修改字典数据(String), com.ruoyi.project.system.dict.controller.DictDataController.edit()(String), web(String), admin(String), 研发一部(String), /system/dict/data/edit/18(String), 127.0.0.1(String), XXXX内网IP(String), {}(String), 0(Integer), null
09:40:37.770 [http-nio-80-exec-8] DEBUG com.ruoyi.project.monitor.operlog.mapper.OperLogMapper.insertOperlog - <==    Updates: 1
09:40:37.783 [http-nio-80-exec-8] DEBUG com.ruoyi.project.system.dict.mapper.DictDataMapper.selectDictDataByType - ==>  Preparing: select dict_code, dict_sort, dict_label, dict_value, dict_type, css_class, is_default, status, create_by, create_time, remark from sys_dict_data where dict_type = ? order by dict_sort asc 
09:40:37.785 [http-nio-80-exec-8] DEBUG com.ruoyi.project.system.dict.mapper.DictDataMapper.selectDictDataByType - ==> Parameters: sys_yes_no(String)
09:40:37.787 [http-nio-80-exec-8] DEBUG com.ruoyi.project.system.dict.mapper.DictDataMapper.selectDictDataByType - <==      Total: 2
09:40:37.790 [http-nio-80-exec-8] DEBUG com.ruoyi.project.system.dict.mapper.DictDataMapper.selectDictDataByType - ==>  Preparing: select dict_code, dict_sort, dict_label, dict_value, dict_type, css_class, is_default, status, create_by, create_time, remark from sys_dict_data where dict_type = ? order by dict_sort asc 
09:40:37.790 [http-nio-80-exec-8] DEBUG com.ruoyi.project.system.dict.mapper.DictDataMapper.selectDictDataByType - ==> Parameters: sys_dict_status(String)
09:40:37.792 [http-nio-80-exec-8] DEBUG com.ruoyi.project.system.dict.mapper.DictDataMapper.selectDictDataByType - <==      Total: 2
09:48:57.578 [pool-2-thread-1] INFO  com.ruoyi.framework.shiro.web.session.OnlineWebSessionManager - invalidation sessions...
09:48:57.580 [pool-2-thread-1] DEBUG com.ruoyi.project.monitor.online.mapper.UserOnlineMapper.selectOnlineByExpired - ==>  Preparing: SELECT * FROM sys_user_online o WHERE o.last_access_time <= ? ORDER BY o.last_access_time ASC 
09:48:57.581 [pool-2-thread-1] DEBUG com.ruoyi.project.monitor.online.mapper.UserOnlineMapper.selectOnlineByExpired - ==> Parameters: 2018-06-19 09:18:57(String)
09:48:57.584 [pool-2-thread-1] DEBUG com.ruoyi.project.monitor.online.mapper.UserOnlineMapper.selectOnlineByExpired - <==      Total: 0
09:48:57.585 [pool-2-thread-1] INFO  com.ruoyi.framework.shiro.web.session.OnlineWebSessionManager - Finished invalidation session. No sessions were stopped.
09:58:57.584 [pool-2-thread-1] INFO  com.ruoyi.framework.shiro.web.session.OnlineWebSessionManager - invalidation sessions...
09:58:57.588 [pool-2-thread-1] DEBUG com.ruoyi.project.monitor.online.mapper.UserOnlineMapper.selectOnlineByExpired - ==>  Preparing: SELECT * FROM sys_user_online o WHERE o.last_access_time <= ? ORDER BY o.last_access_time ASC 
09:58:57.589 [pool-2-thread-1] DEBUG com.ruoyi.project.monitor.online.mapper.UserOnlineMapper.selectOnlineByExpired - ==> Parameters: 2018-06-19 09:28:57(String)
09:58:57.593 [pool-2-thread-1] DEBUG com.ruoyi.project.monitor.online.mapper.UserOnlineMapper.selectOnlineByExpired - <==      Total: 0
09:58:57.594 [pool-2-thread-1] INFO  com.ruoyi.framework.shiro.web.session.OnlineWebSessionManager - Finished invalidation session. No sessions were stopped.
10:08:57.590 [pool-2-thread-1] INFO  com.ruoyi.framework.shiro.web.session.OnlineWebSessionManager - invalidation sessions...
10:08:57.593 [pool-2-thread-1] DEBUG com.ruoyi.project.monitor.online.mapper.UserOnlineMapper.selectOnlineByExpired - ==>  Preparing: SELECT * FROM sys_user_online o WHERE o.last_access_time <= ? ORDER BY o.last_access_time ASC 
10:08:57.593 [pool-2-thread-1] DEBUG com.ruoyi.project.monitor.online.mapper.UserOnlineMapper.selectOnlineByExpired - ==> Parameters: 2018-06-19 09:38:57(String)
10:08:57.595 [pool-2-thread-1] DEBUG com.ruoyi.project.monitor.online.mapper.UserOnlineMapper.selectOnlineByExpired - <==      Total: 0
10:08:57.596 [pool-2-thread-1] INFO  com.ruoyi.framework.shiro.web.session.OnlineWebSessionManager - Finished invalidation session. No sessions were stopped.
10:18:57.596 [pool-2-thread-1] INFO  com.ruoyi.framework.shiro.web.session.OnlineWebSessionManager - invalidation sessions...
10:18:57.599 [pool-2-thread-1] DEBUG com.ruoyi.project.monitor.online.mapper.UserOnlineMapper.selectOnlineByExpired - ==>  Preparing: SELECT * FROM sys_user_online o WHERE o.last_access_time <= ? ORDER BY o.last_access_time ASC 
10:18:57.600 [pool-2-thread-1] DEBUG com.ruoyi.project.monitor.online.mapper.UserOnlineMapper.selectOnlineByExpired - ==> Parameters: 2018-06-19 09:48:57(String)
10:18:57.603 [pool-2-thread-1] DEBUG com.ruoyi.project.monitor.online.mapper.UserOnlineMapper.selectOnlineByExpired - <==      Total: 1
10:18:57.604 [pool-2-thread-1] DEBUG com.ruoyi.framework.shiro.web.session.OnlineWebSessionManager - Invalidated session with id [9c3c6d7d-9ea7-450c-b16f-329dec550378] (stopped)
10:18:57.606 [pool-2-thread-1] DEBUG com.ruoyi.project.monitor.online.mapper.UserOnlineMapper.selectOnlineById - ==>  Preparing: select * from sys_user_online where sessionid = ? 
10:18:57.608 [pool-2-thread-1] DEBUG com.ruoyi.project.monitor.online.mapper.UserOnlineMapper.selectOnlineById - ==> Parameters: 9c3c6d7d-9ea7-450c-b16f-329dec550378(String)
10:18:57.610 [pool-2-thread-1] DEBUG com.ruoyi.project.monitor.online.mapper.UserOnlineMapper.selectOnlineById - <==      Total: 1
10:18:57.612 [pool-2-thread-1] DEBUG com.ruoyi.project.monitor.online.mapper.UserOnlineMapper.deleteOnlineById - ==>  Preparing: delete from sys_user_online where sessionId = ? 
10:18:57.613 [pool-2-thread-1] DEBUG com.ruoyi.project.monitor.online.mapper.UserOnlineMapper.deleteOnlineById - ==> Parameters: 9c3c6d7d-9ea7-450c-b16f-329dec550378(String)
10:18:57.678 [pool-2-thread-1] DEBUG com.ruoyi.project.monitor.online.mapper.UserOnlineMapper.deleteOnlineById - <==    Updates: 1
10:18:57.679 [pool-2-thread-1] INFO  com.ruoyi.framework.shiro.web.session.OnlineWebSessionManager - Finished invalidation session. [1] sessions were stopped.
10:28:57.600 [pool-2-thread-1] INFO  com.ruoyi.framework.shiro.web.session.OnlineWebSessionManager - invalidation sessions...
10:28:57.603 [pool-2-thread-1] DEBUG com.ruoyi.project.monitor.online.mapper.UserOnlineMapper.selectOnlineByExpired - ==>  Preparing: SELECT * FROM sys_user_online o WHERE o.last_access_time <= ? ORDER BY o.last_access_time ASC 
10:28:57.603 [pool-2-thread-1] DEBUG com.ruoyi.project.monitor.online.mapper.UserOnlineMapper.selectOnlineByExpired - ==> Parameters: 2018-06-19 09:58:57(String)
10:28:57.605 [pool-2-thread-1] DEBUG com.ruoyi.project.monitor.online.mapper.UserOnlineMapper.selectOnlineByExpired - <==      Total: 0
10:28:57.606 [pool-2-thread-1] INFO  com.ruoyi.framework.shiro.web.session.OnlineWebSessionManager - Finished invalidation session. No sessions were stopped.
10:38:57.606 [pool-2-thread-1] INFO  com.ruoyi.framework.shiro.web.session.OnlineWebSessionManager - invalidation sessions...
10:38:57.609 [pool-2-thread-1] DEBUG com.ruoyi.project.monitor.online.mapper.UserOnlineMapper.selectOnlineByExpired - ==>  Preparing: SELECT * FROM sys_user_online o WHERE o.last_access_time <= ? ORDER BY o.last_access_time ASC 
10:38:57.610 [pool-2-thread-1] DEBUG com.ruoyi.project.monitor.online.mapper.UserOnlineMapper.selectOnlineByExpired - ==> Parameters: 2018-06-19 10:08:57(String)
10:38:57.612 [pool-2-thread-1] DEBUG com.ruoyi.project.monitor.online.mapper.UserOnlineMapper.selectOnlineByExpired - <==      Total: 0
10:38:57.613 [pool-2-thread-1] INFO  com.ruoyi.framework.shiro.web.session.OnlineWebSessionManager - Finished invalidation session. No sessions were stopped.
10:48:57.612 [pool-2-thread-1] INFO  com.ruoyi.framework.shiro.web.session.OnlineWebSessionManager - invalidation sessions...
10:48:57.615 [pool-2-thread-1] DEBUG com.ruoyi.project.monitor.online.mapper.UserOnlineMapper.selectOnlineByExpired - ==>  Preparing: SELECT * FROM sys_user_online o WHERE o.last_access_time <= ? ORDER BY o.last_access_time ASC 
10:48:57.616 [pool-2-thread-1] DEBUG com.ruoyi.project.monitor.online.mapper.UserOnlineMapper.selectOnlineByExpired - ==> Parameters: 2018-06-19 10:18:57(String)
10:48:57.618 [pool-2-thread-1] DEBUG com.ruoyi.project.monitor.online.mapper.UserOnlineMapper.selectOnlineByExpired - <==      Total: 0
10:48:57.619 [pool-2-thread-1] INFO  com.ruoyi.framework.shiro.web.session.OnlineWebSessionManager - Finished invalidation session. No sessions were stopped.
10:58:57.617 [pool-2-thread-1] INFO  com.ruoyi.framework.shiro.web.session.OnlineWebSessionManager - invalidation sessions...
10:58:57.620 [pool-2-thread-1] DEBUG com.ruoyi.project.monitor.online.mapper.UserOnlineMapper.selectOnlineByExpired - ==>  Preparing: SELECT * FROM sys_user_online o WHERE o.last_access_time <= ? ORDER BY o.last_access_time ASC 
10:58:57.620 [pool-2-thread-1] DEBUG com.ruoyi.project.monitor.online.mapper.UserOnlineMapper.selectOnlineByExpired - ==> Parameters: 2018-06-19 10:28:57(String)
10:58:57.623 [pool-2-thread-1] DEBUG com.ruoyi.project.monitor.online.mapper.UserOnlineMapper.selectOnlineByExpired - <==      Total: 0
10:58:57.624 [pool-2-thread-1] INFO  com.ruoyi.framework.shiro.web.session.OnlineWebSessionManager - Finished invalidation session. No sessions were stopped.
11:08:57.622 [pool-2-thread-1] INFO  com.ruoyi.framework.shiro.web.session.OnlineWebSessionManager - invalidation sessions...
11:08:57.625 [pool-2-thread-1] DEBUG com.ruoyi.project.monitor.online.mapper.UserOnlineMapper.selectOnlineByExpired - ==>  Preparing: SELECT * FROM sys_user_online o WHERE o.last_access_time <= ? ORDER BY o.last_access_time ASC 
11:08:57.626 [pool-2-thread-1] DEBUG com.ruoyi.project.monitor.online.mapper.UserOnlineMapper.selectOnlineByExpired - ==> Parameters: 2018-06-19 10:38:57(String)
11:08:57.628 [pool-2-thread-1] DEBUG com.ruoyi.project.monitor.online.mapper.UserOnlineMapper.selectOnlineByExpired - <==      Total: 0
11:08:57.628 [pool-2-thread-1] INFO  com.ruoyi.framework.shiro.web.session.OnlineWebSessionManager - Finished invalidation session. No sessions were stopped.
11:18:57.629 [pool-2-thread-1] INFO  com.ruoyi.framework.shiro.web.session.OnlineWebSessionManager - invalidation sessions...
11:18:57.632 [pool-2-thread-1] DEBUG com.ruoyi.project.monitor.online.mapper.UserOnlineMapper.selectOnlineByExpired - ==>  Preparing: SELECT * FROM sys_user_online o WHERE o.last_access_time <= ? ORDER BY o.last_access_time ASC 
11:18:57.632 [pool-2-thread-1] DEBUG com.ruoyi.project.monitor.online.mapper.UserOnlineMapper.selectOnlineByExpired - ==> Parameters: 2018-06-19 10:48:57(String)
11:18:57.634 [pool-2-thread-1] DEBUG com.ruoyi.project.monitor.online.mapper.UserOnlineMapper.selectOnlineByExpired - <==      Total: 0
11:18:57.635 [pool-2-thread-1] INFO  com.ruoyi.framework.shiro.web.session.OnlineWebSessionManager - Finished invalidation session. No sessions were stopped.
11:28:57.634 [pool-2-thread-1] INFO  com.ruoyi.framework.shiro.web.session.OnlineWebSessionManager - invalidation sessions...
11:28:57.637 [pool-2-thread-1] DEBUG com.ruoyi.project.monitor.online.mapper.UserOnlineMapper.selectOnlineByExpired - ==>  Preparing: SELECT * FROM sys_user_online o WHERE o.last_access_time <= ? ORDER BY o.last_access_time ASC 
11:28:57.638 [pool-2-thread-1] DEBUG com.ruoyi.project.monitor.online.mapper.UserOnlineMapper.selectOnlineByExpired - ==> Parameters: 2018-06-19 10:58:57(String)
11:28:57.640 [pool-2-thread-1] DEBUG com.ruoyi.project.monitor.online.mapper.UserOnlineMapper.selectOnlineByExpired - <==      Total: 0
11:28:57.641 [pool-2-thread-1] INFO  com.ruoyi.framework.shiro.web.session.OnlineWebSessionManager - Finished invalidation session. No sessions were stopped.
11:38:57.639 [pool-2-thread-1] INFO  com.ruoyi.framework.shiro.web.session.OnlineWebSessionManager - invalidation sessions...
11:38:57.641 [pool-2-thread-1] DEBUG com.ruoyi.project.monitor.online.mapper.UserOnlineMapper.selectOnlineByExpired - ==>  Preparing: SELECT * FROM sys_user_online o WHERE o.last_access_time <= ? ORDER BY o.last_access_time ASC 
11:38:57.642 [pool-2-thread-1] DEBUG com.ruoyi.project.monitor.online.mapper.UserOnlineMapper.selectOnlineByExpired - ==> Parameters: 2018-06-19 11:08:57(String)
11:38:57.644 [pool-2-thread-1] DEBUG com.ruoyi.project.monitor.online.mapper.UserOnlineMapper.selectOnlineByExpired - <==      Total: 0
11:38:57.645 [pool-2-thread-1] INFO  com.ruoyi.framework.shiro.web.session.OnlineWebSessionManager - Finished invalidation session. No sessions were stopped.
11:48:57.644 [pool-2-thread-1] INFO  com.ruoyi.framework.shiro.web.session.OnlineWebSessionManager - invalidation sessions...
11:48:57.647 [pool-2-thread-1] DEBUG com.ruoyi.project.monitor.online.mapper.UserOnlineMapper.selectOnlineByExpired - ==>  Preparing: SELECT * FROM sys_user_online o WHERE o.last_access_time <= ? ORDER BY o.last_access_time ASC 
11:48:57.647 [pool-2-thread-1] DEBUG com.ruoyi.project.monitor.online.mapper.UserOnlineMapper.selectOnlineByExpired - ==> Parameters: 2018-06-19 11:18:57(String)
11:48:57.649 [pool-2-thread-1] DEBUG com.ruoyi.project.monitor.online.mapper.UserOnlineMapper.selectOnlineByExpired - <==      Total: 0
11:48:57.650 [pool-2-thread-1] INFO  com.ruoyi.framework.shiro.web.session.OnlineWebSessionManager - Finished invalidation session. No sessions were stopped.
11:58:57.650 [pool-2-thread-1] INFO  com.ruoyi.framework.shiro.web.session.OnlineWebSessionManager - invalidation sessions...
11:58:57.652 [pool-2-thread-1] DEBUG com.ruoyi.project.monitor.online.mapper.UserOnlineMapper.selectOnlineByExpired - ==>  Preparing: SELECT * FROM sys_user_online o WHERE o.last_access_time <= ? ORDER BY o.last_access_time ASC 
11:58:57.653 [pool-2-thread-1] DEBUG com.ruoyi.project.monitor.online.mapper.UserOnlineMapper.selectOnlineByExpired - ==> Parameters: 2018-06-19 11:28:57(String)
11:58:57.655 [pool-2-thread-1] DEBUG com.ruoyi.project.monitor.online.mapper.UserOnlineMapper.selectOnlineByExpired - <==      Total: 0
11:58:57.656 [pool-2-thread-1] INFO  com.ruoyi.framework.shiro.web.session.OnlineWebSessionManager - Finished invalidation session. No sessions were stopped.
12:08:57.656 [pool-2-thread-1] INFO  com.ruoyi.framework.shiro.web.session.OnlineWebSessionManager - invalidation sessions...
12:08:57.658 [pool-2-thread-1] DEBUG com.ruoyi.project.monitor.online.mapper.UserOnlineMapper.selectOnlineByExpired - ==>  Preparing: SELECT * FROM sys_user_online o WHERE o.last_access_time <= ? ORDER BY o.last_access_time ASC 
12:08:57.659 [pool-2-thread-1] DEBUG com.ruoyi.project.monitor.online.mapper.UserOnlineMapper.selectOnlineByExpired - ==> Parameters: 2018-06-19 11:38:57(String)
12:08:57.661 [pool-2-thread-1] DEBUG com.ruoyi.project.monitor.online.mapper.UserOnlineMapper.selectOnlineByExpired - <==      Total: 0
12:08:57.662 [pool-2-thread-1] INFO  com.ruoyi.framework.shiro.web.session.OnlineWebSessionManager - Finished invalidation session. No sessions were stopped.
13:00:41.503 [pool-2-thread-1] INFO  com.ruoyi.framework.shiro.web.session.OnlineWebSessionManager - invalidation sessions...
13:00:41.505 [pool-2-thread-1] DEBUG com.ruoyi.project.monitor.online.mapper.UserOnlineMapper.selectOnlineByExpired - ==>  Preparing: SELECT * FROM sys_user_online o WHERE o.last_access_time <= ? ORDER BY o.last_access_time ASC 
13:00:41.505 [pool-2-thread-1] DEBUG com.ruoyi.project.monitor.online.mapper.UserOnlineMapper.selectOnlineByExpired - ==> Parameters: 2018-06-19 12:30:41(String)
13:00:41.507 [pool-2-thread-1] DEBUG com.ruoyi.project.monitor.online.mapper.UserOnlineMapper.selectOnlineByExpired - <==      Total: 0
13:00:41.507 [pool-2-thread-1] INFO  com.ruoyi.framework.shiro.web.session.OnlineWebSessionManager - Finished invalidation session. No sessions were stopped.
13:00:41.507 [pool-2-thread-1] INFO  com.ruoyi.framework.shiro.web.session.OnlineWebSessionManager - invalidation sessions...
13:00:41.508 [pool-2-thread-1] DEBUG com.ruoyi.project.monitor.online.mapper.UserOnlineMapper.selectOnlineByExpired - ==>  Preparing: SELECT * FROM sys_user_online o WHERE o.last_access_time <= ? ORDER BY o.last_access_time ASC 
13:00:41.508 [pool-2-thread-1] DEBUG com.ruoyi.project.monitor.online.mapper.UserOnlineMapper.selectOnlineByExpired - ==> Parameters: 2018-06-19 12:30:41(String)
13:00:41.508 [pool-2-thread-1] DEBUG com.ruoyi.project.monitor.online.mapper.UserOnlineMapper.selectOnlineByExpired - <==      Total: 0
13:00:41.509 [pool-2-thread-1] INFO  com.ruoyi.framework.shiro.web.session.OnlineWebSessionManager - Finished invalidation session. No sessions were stopped.
13:00:41.509 [pool-2-thread-1] INFO  com.ruoyi.framework.shiro.web.session.OnlineWebSessionManager - invalidation sessions...
13:00:41.509 [pool-2-thread-1] DEBUG com.ruoyi.project.monitor.online.mapper.UserOnlineMapper.selectOnlineByExpired - ==>  Preparing: SELECT * FROM sys_user_online o WHERE o.last_access_time <= ? ORDER BY o.last_access_time ASC 
13:00:41.509 [pool-2-thread-1] DEBUG com.ruoyi.project.monitor.online.mapper.UserOnlineMapper.selectOnlineByExpired - ==> Parameters: 2018-06-19 12:30:41(String)
13:00:41.510 [pool-2-thread-1] DEBUG com.ruoyi.project.monitor.online.mapper.UserOnlineMapper.selectOnlineByExpired - <==      Total: 0
13:00:41.510 [pool-2-thread-1] INFO  com.ruoyi.framework.shiro.web.session.OnlineWebSessionManager - Finished invalidation session. No sessions were stopped.
13:00:41.510 [pool-2-thread-1] INFO  com.ruoyi.framework.shiro.web.session.OnlineWebSessionManager - invalidation sessions...
13:00:41.511 [pool-2-thread-1] DEBUG com.ruoyi.project.monitor.online.mapper.UserOnlineMapper.selectOnlineByExpired - ==>  Preparing: SELECT * FROM sys_user_online o WHERE o.last_access_time <= ? ORDER BY o.last_access_time ASC 
13:00:41.511 [pool-2-thread-1] DEBUG com.ruoyi.project.monitor.online.mapper.UserOnlineMapper.selectOnlineByExpired - ==> Parameters: 2018-06-19 12:30:41(String)
13:00:41.511 [pool-2-thread-1] DEBUG com.ruoyi.project.monitor.online.mapper.UserOnlineMapper.selectOnlineByExpired - <==      Total: 0
13:00:41.512 [pool-2-thread-1] INFO  com.ruoyi.framework.shiro.web.session.OnlineWebSessionManager - Finished invalidation session. No sessions were stopped.
13:00:41.512 [pool-2-thread-1] INFO  com.ruoyi.framework.shiro.web.session.OnlineWebSessionManager - invalidation sessions...
13:00:41.512 [pool-2-thread-1] DEBUG com.ruoyi.project.monitor.online.mapper.UserOnlineMapper.selectOnlineByExpired - ==>  Preparing: SELECT * FROM sys_user_online o WHERE o.last_access_time <= ? ORDER BY o.last_access_time ASC 
13:00:41.512 [pool-2-thread-1] DEBUG com.ruoyi.project.monitor.online.mapper.UserOnlineMapper.selectOnlineByExpired - ==> Parameters: 2018-06-19 12:30:41(String)
13:00:41.513 [pool-2-thread-1] DEBUG com.ruoyi.project.monitor.online.mapper.UserOnlineMapper.selectOnlineByExpired - <==      Total: 0
13:00:41.513 [pool-2-thread-1] INFO  com.ruoyi.framework.shiro.web.session.OnlineWebSessionManager - Finished invalidation session. No sessions were stopped.
13:08:57.686 [pool-2-thread-1] INFO  com.ruoyi.framework.shiro.web.session.OnlineWebSessionManager - invalidation sessions...
13:08:57.688 [pool-2-thread-1] DEBUG com.ruoyi.project.monitor.online.mapper.UserOnlineMapper.selectOnlineByExpired - ==>  Preparing: SELECT * FROM sys_user_online o WHERE o.last_access_time <= ? ORDER BY o.last_access_time ASC 
13:08:57.689 [pool-2-thread-1] DEBUG com.ruoyi.project.monitor.online.mapper.UserOnlineMapper.selectOnlineByExpired - ==> Parameters: 2018-06-19 12:38:57(String)
13:08:57.692 [pool-2-thread-1] DEBUG com.ruoyi.project.monitor.online.mapper.UserOnlineMapper.selectOnlineByExpired - <==      Total: 0
13:08:57.693 [pool-2-thread-1] INFO  com.ruoyi.framework.shiro.web.session.OnlineWebSessionManager - Finished invalidation session. No sessions were stopped.
13:20:15.501 [pool-2-thread-1] INFO  com.ruoyi.framework.shiro.web.session.OnlineWebSessionManager - invalidation sessions...
13:20:15.503 [pool-2-thread-1] DEBUG com.ruoyi.project.monitor.online.mapper.UserOnlineMapper.selectOnlineByExpired - ==>  Preparing: SELECT * FROM sys_user_online o WHERE o.last_access_time <= ? ORDER BY o.last_access_time ASC 
13:20:15.504 [pool-2-thread-1] DEBUG com.ruoyi.project.monitor.online.mapper.UserOnlineMapper.selectOnlineByExpired - ==> Parameters: 2018-06-19 12:50:15(String)
13:20:15.505 [pool-2-thread-1] DEBUG com.ruoyi.project.monitor.online.mapper.UserOnlineMapper.selectOnlineByExpired - <==      Total: 0
13:20:15.507 [pool-2-thread-1] INFO  com.ruoyi.framework.shiro.web.session.OnlineWebSessionManager - Finished invalidation session. No sessions were stopped.
13:32:04.538 [pool-2-thread-1] INFO  com.ruoyi.framework.shiro.web.session.OnlineWebSessionManager - invalidation sessions...
13:32:04.540 [pool-2-thread-1] DEBUG com.ruoyi.project.monitor.online.mapper.UserOnlineMapper.selectOnlineByExpired - ==>  Preparing: SELECT * FROM sys_user_online o WHERE o.last_access_time <= ? ORDER BY o.last_access_time ASC 
13:32:07.614 [pool-2-thread-1] DEBUG com.ruoyi.project.monitor.online.mapper.UserOnlineMapper.selectOnlineByExpired - ==> Parameters: 2018-06-19 13:02:04(String)
13:32:07.616 [pool-2-thread-1] DEBUG com.ruoyi.project.monitor.online.mapper.UserOnlineMapper.selectOnlineByExpired - <==      Total: 0
13:32:07.617 [pool-2-thread-1] INFO  com.ruoyi.framework.shiro.web.session.OnlineWebSessionManager - Finished invalidation session. No sessions were stopped.
13:38:57.697 [pool-2-thread-1] INFO  com.ruoyi.framework.shiro.web.session.OnlineWebSessionManager - invalidation sessions...
13:38:57.700 [pool-2-thread-1] DEBUG com.ruoyi.project.monitor.online.mapper.UserOnlineMapper.selectOnlineByExpired - ==>  Preparing: SELECT * FROM sys_user_online o WHERE o.last_access_time <= ? ORDER BY o.last_access_time ASC 
13:38:57.702 [pool-2-thread-1] DEBUG com.ruoyi.project.monitor.online.mapper.UserOnlineMapper.selectOnlineByExpired - ==> Parameters: 2018-06-19 13:08:57(String)
13:38:57.706 [pool-2-thread-1] DEBUG com.ruoyi.project.monitor.online.mapper.UserOnlineMapper.selectOnlineByExpired - <==      Total: 0
13:38:57.707 [pool-2-thread-1] INFO  com.ruoyi.framework.shiro.web.session.OnlineWebSessionManager - Finished invalidation session. No sessions were stopped.
13:49:06.184 [pool-2-thread-1] INFO  com.ruoyi.framework.shiro.web.session.OnlineWebSessionManager - invalidation sessions...
13:49:06.186 [pool-2-thread-1] DEBUG com.ruoyi.project.monitor.online.mapper.UserOnlineMapper.selectOnlineByExpired - ==>  Preparing: SELECT * FROM sys_user_online o WHERE o.last_access_time <= ? ORDER BY o.last_access_time ASC 
13:49:06.186 [pool-2-thread-1] DEBUG com.ruoyi.project.monitor.online.mapper.UserOnlineMapper.selectOnlineByExpired - ==> Parameters: 2018-06-19 13:19:06(String)
13:49:06.187 [pool-2-thread-1] DEBUG com.ruoyi.project.monitor.online.mapper.UserOnlineMapper.selectOnlineByExpired - <==      Total: 0
13:49:06.187 [pool-2-thread-1] INFO  com.ruoyi.framework.shiro.web.session.OnlineWebSessionManager - Finished invalidation session. No sessions were stopped.
13:59:06.189 [pool-2-thread-1] INFO  com.ruoyi.framework.shiro.web.session.OnlineWebSessionManager - invalidation sessions...
13:59:06.191 [pool-2-thread-1] DEBUG com.ruoyi.project.monitor.online.mapper.UserOnlineMapper.selectOnlineByExpired - ==>  Preparing: SELECT * FROM sys_user_online o WHERE o.last_access_time <= ? ORDER BY o.last_access_time ASC 
13:59:06.192 [pool-2-thread-1] DEBUG com.ruoyi.project.monitor.online.mapper.UserOnlineMapper.selectOnlineByExpired - ==> Parameters: 2018-06-19 13:29:06(String)
13:59:06.194 [pool-2-thread-1] DEBUG com.ruoyi.project.monitor.online.mapper.UserOnlineMapper.selectOnlineByExpired - <==      Total: 0
13:59:06.195 [pool-2-thread-1] INFO  com.ruoyi.framework.shiro.web.session.OnlineWebSessionManager - Finished invalidation session. No sessions were stopped.
14:09:06.194 [pool-2-thread-1] INFO  com.ruoyi.framework.shiro.web.session.OnlineWebSessionManager - invalidation sessions...
14:09:06.196 [pool-2-thread-1] DEBUG com.ruoyi.project.monitor.online.mapper.UserOnlineMapper.selectOnlineByExpired - ==>  Preparing: SELECT * FROM sys_user_online o WHERE o.last_access_time <= ? ORDER BY o.last_access_time ASC 
14:09:06.197 [pool-2-thread-1] DEBUG com.ruoyi.project.monitor.online.mapper.UserOnlineMapper.selectOnlineByExpired - ==> Parameters: 2018-06-19 13:39:06(String)
14:09:06.199 [pool-2-thread-1] DEBUG com.ruoyi.project.monitor.online.mapper.UserOnlineMapper.selectOnlineByExpired - <==      Total: 0
14:09:06.200 [pool-2-thread-1] INFO  com.ruoyi.framework.shiro.web.session.OnlineWebSessionManager - Finished invalidation session. No sessions were stopped.
14:19:06.200 [pool-2-thread-1] INFO  com.ruoyi.framework.shiro.web.session.OnlineWebSessionManager - invalidation sessions...
14:19:06.202 [pool-2-thread-1] DEBUG com.ruoyi.project.monitor.online.mapper.UserOnlineMapper.selectOnlineByExpired - ==>  Preparing: SELECT * FROM sys_user_online o WHERE o.last_access_time <= ? ORDER BY o.last_access_time ASC 
14:19:06.203 [pool-2-thread-1] DEBUG com.ruoyi.project.monitor.online.mapper.UserOnlineMapper.selectOnlineByExpired - ==> Parameters: 2018-06-19 13:49:06(String)
14:19:06.205 [pool-2-thread-1] DEBUG com.ruoyi.project.monitor.online.mapper.UserOnlineMapper.selectOnlineByExpired - <==      Total: 0
14:19:06.206 [pool-2-thread-1] INFO  com.ruoyi.framework.shiro.web.session.OnlineWebSessionManager - Finished invalidation session. No sessions were stopped.
14:29:06.205 [pool-2-thread-1] INFO  com.ruoyi.framework.shiro.web.session.OnlineWebSessionManager - invalidation sessions...
14:29:06.208 [pool-2-thread-1] DEBUG com.ruoyi.project.monitor.online.mapper.UserOnlineMapper.selectOnlineByExpired - ==>  Preparing: SELECT * FROM sys_user_online o WHERE o.last_access_time <= ? ORDER BY o.last_access_time ASC 
14:29:06.209 [pool-2-thread-1] DEBUG com.ruoyi.project.monitor.online.mapper.UserOnlineMapper.selectOnlineByExpired - ==> Parameters: 2018-06-19 13:59:06(String)
14:29:06.210 [pool-2-thread-1] DEBUG com.ruoyi.project.monitor.online.mapper.UserOnlineMapper.selectOnlineByExpired - <==      Total: 0
14:29:06.212 [pool-2-thread-1] INFO  com.ruoyi.framework.shiro.web.session.OnlineWebSessionManager - Finished invalidation session. No sessions were stopped.
14:39:06.211 [pool-2-thread-1] INFO  com.ruoyi.framework.shiro.web.session.OnlineWebSessionManager - invalidation sessions...
14:39:06.214 [pool-2-thread-1] DEBUG com.ruoyi.project.monitor.online.mapper.UserOnlineMapper.selectOnlineByExpired - ==>  Preparing: SELECT * FROM sys_user_online o WHERE o.last_access_time <= ? ORDER BY o.last_access_time ASC 
14:39:06.214 [pool-2-thread-1] DEBUG com.ruoyi.project.monitor.online.mapper.UserOnlineMapper.selectOnlineByExpired - ==> Parameters: 2018-06-19 14:09:06(String)
14:39:06.217 [pool-2-thread-1] DEBUG com.ruoyi.project.monitor.online.mapper.UserOnlineMapper.selectOnlineByExpired - <==      Total: 0
14:39:06.218 [pool-2-thread-1] INFO  com.ruoyi.framework.shiro.web.session.OnlineWebSessionManager - Finished invalidation session. No sessions were stopped.
14:49:06.216 [pool-2-thread-1] INFO  com.ruoyi.framework.shiro.web.session.OnlineWebSessionManager - invalidation sessions...
14:49:06.218 [pool-2-thread-1] DEBUG com.ruoyi.project.monitor.online.mapper.UserOnlineMapper.selectOnlineByExpired - ==>  Preparing: SELECT * FROM sys_user_online o WHERE o.last_access_time <= ? ORDER BY o.last_access_time ASC 
14:49:06.219 [pool-2-thread-1] DEBUG com.ruoyi.project.monitor.online.mapper.UserOnlineMapper.selectOnlineByExpired - ==> Parameters: 2018-06-19 14:19:06(String)
14:49:06.221 [pool-2-thread-1] DEBUG com.ruoyi.project.monitor.online.mapper.UserOnlineMapper.selectOnlineByExpired - <==      Total: 0
14:49:06.222 [pool-2-thread-1] INFO  com.ruoyi.framework.shiro.web.session.OnlineWebSessionManager - Finished invalidation session. No sessions were stopped.
14:59:06.222 [pool-2-thread-1] INFO  com.ruoyi.framework.shiro.web.session.OnlineWebSessionManager - invalidation sessions...
14:59:06.223 [pool-2-thread-1] DEBUG com.ruoyi.project.monitor.online.mapper.UserOnlineMapper.selectOnlineByExpired - ==>  Preparing: SELECT * FROM sys_user_online o WHERE o.last_access_time <= ? ORDER BY o.last_access_time ASC 
14:59:06.223 [pool-2-thread-1] DEBUG com.ruoyi.project.monitor.online.mapper.UserOnlineMapper.selectOnlineByExpired - ==> Parameters: 2018-06-19 14:29:06(String)
14:59:06.224 [pool-2-thread-1] DEBUG com.ruoyi.project.monitor.online.mapper.UserOnlineMapper.selectOnlineByExpired - <==      Total: 0
14:59:06.224 [pool-2-thread-1] INFO  com.ruoyi.framework.shiro.web.session.OnlineWebSessionManager - Finished invalidation session. No sessions were stopped.
15:09:06.227 [pool-2-thread-1] INFO  com.ruoyi.framework.shiro.web.session.OnlineWebSessionManager - invalidation sessions...
15:09:06.230 [pool-2-thread-1] DEBUG com.ruoyi.project.monitor.online.mapper.UserOnlineMapper.selectOnlineByExpired - ==>  Preparing: SELECT * FROM sys_user_online o WHERE o.last_access_time <= ? ORDER BY o.last_access_time ASC 
15:09:06.230 [pool-2-thread-1] DEBUG com.ruoyi.project.monitor.online.mapper.UserOnlineMapper.selectOnlineByExpired - ==> Parameters: 2018-06-19 14:39:06(String)
15:09:06.233 [pool-2-thread-1] DEBUG com.ruoyi.project.monitor.online.mapper.UserOnlineMapper.selectOnlineByExpired - <==      Total: 0
15:09:06.234 [pool-2-thread-1] INFO  com.ruoyi.framework.shiro.web.session.OnlineWebSessionManager - Finished invalidation session. No sessions were stopped.
15:19:06.232 [pool-2-thread-1] INFO  com.ruoyi.framework.shiro.web.session.OnlineWebSessionManager - invalidation sessions...
15:19:06.235 [pool-2-thread-1] DEBUG com.ruoyi.project.monitor.online.mapper.UserOnlineMapper.selectOnlineByExpired - ==>  Preparing: SELECT * FROM sys_user_online o WHERE o.last_access_time <= ? ORDER BY o.last_access_time ASC 
15:19:06.235 [pool-2-thread-1] DEBUG com.ruoyi.project.monitor.online.mapper.UserOnlineMapper.selectOnlineByExpired - ==> Parameters: 2018-06-19 14:49:06(String)
15:19:06.237 [pool-2-thread-1] DEBUG com.ruoyi.project.monitor.online.mapper.UserOnlineMapper.selectOnlineByExpired - <==      Total: 0
15:19:06.238 [pool-2-thread-1] INFO  com.ruoyi.framework.shiro.web.session.OnlineWebSessionManager - Finished invalidation session. No sessions were stopped.
15:29:06.238 [pool-2-thread-1] INFO  com.ruoyi.framework.shiro.web.session.OnlineWebSessionManager - invalidation sessions...
15:29:06.241 [pool-2-thread-1] DEBUG com.ruoyi.project.monitor.online.mapper.UserOnlineMapper.selectOnlineByExpired - ==>  Preparing: SELECT * FROM sys_user_online o WHERE o.last_access_time <= ? ORDER BY o.last_access_time ASC 
15:29:06.241 [pool-2-thread-1] DEBUG com.ruoyi.project.monitor.online.mapper.UserOnlineMapper.selectOnlineByExpired - ==> Parameters: 2018-06-19 14:59:06(String)
15:29:06.243 [pool-2-thread-1] DEBUG com.ruoyi.project.monitor.online.mapper.UserOnlineMapper.selectOnlineByExpired - <==      Total: 0
15:29:06.244 [pool-2-thread-1] INFO  com.ruoyi.framework.shiro.web.session.OnlineWebSessionManager - Finished invalidation session. No sessions were stopped.
15:39:06.243 [pool-2-thread-1] INFO  com.ruoyi.framework.shiro.web.session.OnlineWebSessionManager - invalidation sessions...
15:39:06.246 [pool-2-thread-1] DEBUG com.ruoyi.project.monitor.online.mapper.UserOnlineMapper.selectOnlineByExpired - ==>  Preparing: SELECT * FROM sys_user_online o WHERE o.last_access_time <= ? ORDER BY o.last_access_time ASC 
15:39:06.246 [pool-2-thread-1] DEBUG com.ruoyi.project.monitor.online.mapper.UserOnlineMapper.selectOnlineByExpired - ==> Parameters: 2018-06-19 15:09:06(String)
15:39:06.248 [pool-2-thread-1] DEBUG com.ruoyi.project.monitor.online.mapper.UserOnlineMapper.selectOnlineByExpired - <==      Total: 0
15:39:06.249 [pool-2-thread-1] INFO  com.ruoyi.framework.shiro.web.session.OnlineWebSessionManager - Finished invalidation session. No sessions were stopped.
15:49:06.249 [pool-2-thread-1] INFO  com.ruoyi.framework.shiro.web.session.OnlineWebSessionManager - invalidation sessions...
15:49:06.252 [pool-2-thread-1] DEBUG com.ruoyi.project.monitor.online.mapper.UserOnlineMapper.selectOnlineByExpired - ==>  Preparing: SELECT * FROM sys_user_online o WHERE o.last_access_time <= ? ORDER BY o.last_access_time ASC 
15:49:06.252 [pool-2-thread-1] DEBUG com.ruoyi.project.monitor.online.mapper.UserOnlineMapper.selectOnlineByExpired - ==> Parameters: 2018-06-19 15:19:06(String)
15:49:06.254 [pool-2-thread-1] DEBUG com.ruoyi.project.monitor.online.mapper.UserOnlineMapper.selectOnlineByExpired - <==      Total: 0
15:49:06.255 [pool-2-thread-1] INFO  com.ruoyi.framework.shiro.web.session.OnlineWebSessionManager - Finished invalidation session. No sessions were stopped.
15:59:06.255 [pool-2-thread-1] INFO  com.ruoyi.framework.shiro.web.session.OnlineWebSessionManager - invalidation sessions...
15:59:06.258 [pool-2-thread-1] DEBUG com.ruoyi.project.monitor.online.mapper.UserOnlineMapper.selectOnlineByExpired - ==>  Preparing: SELECT * FROM sys_user_online o WHERE o.last_access_time <= ? ORDER BY o.last_access_time ASC 
15:59:06.258 [pool-2-thread-1] DEBUG com.ruoyi.project.monitor.online.mapper.UserOnlineMapper.selectOnlineByExpired - ==> Parameters: 2018-06-19 15:29:06(String)
15:59:06.260 [pool-2-thread-1] DEBUG com.ruoyi.project.monitor.online.mapper.UserOnlineMapper.selectOnlineByExpired - <==      Total: 0
15:59:06.261 [pool-2-thread-1] INFO  com.ruoyi.framework.shiro.web.session.OnlineWebSessionManager - Finished invalidation session. No sessions were stopped.
16:09:06.257 [pool-2-thread-1] INFO  com.ruoyi.framework.shiro.web.session.OnlineWebSessionManager - invalidation sessions...
16:09:06.259 [pool-2-thread-1] DEBUG com.ruoyi.project.monitor.online.mapper.UserOnlineMapper.selectOnlineByExpired - ==>  Preparing: SELECT * FROM sys_user_online o WHERE o.last_access_time <= ? ORDER BY o.last_access_time ASC 
16:09:06.259 [pool-2-thread-1] DEBUG com.ruoyi.project.monitor.online.mapper.UserOnlineMapper.selectOnlineByExpired - ==> Parameters: 2018-06-19 15:39:06(String)
16:09:06.284 [pool-2-thread-1] DEBUG com.ruoyi.project.monitor.online.mapper.UserOnlineMapper.selectOnlineByExpired - <==      Total: 0
16:09:06.284 [pool-2-thread-1] INFO  com.ruoyi.framework.shiro.web.session.OnlineWebSessionManager - Finished invalidation session. No sessions were stopped.
16:19:06.262 [pool-2-thread-1] INFO  com.ruoyi.framework.shiro.web.session.OnlineWebSessionManager - invalidation sessions...
16:19:06.263 [pool-2-thread-1] DEBUG com.ruoyi.project.monitor.online.mapper.UserOnlineMapper.selectOnlineByExpired - ==>  Preparing: SELECT * FROM sys_user_online o WHERE o.last_access_time <= ? ORDER BY o.last_access_time ASC 
16:19:06.263 [pool-2-thread-1] DEBUG com.ruoyi.project.monitor.online.mapper.UserOnlineMapper.selectOnlineByExpired - ==> Parameters: 2018-06-19 15:49:06(String)
16:19:06.264 [pool-2-thread-1] DEBUG com.ruoyi.project.monitor.online.mapper.UserOnlineMapper.selectOnlineByExpired - <==      Total: 0
16:19:06.264 [pool-2-thread-1] INFO  com.ruoyi.framework.shiro.web.session.OnlineWebSessionManager - Finished invalidation session. No sessions were stopped.
16:29:06.268 [pool-2-thread-1] INFO  com.ruoyi.framework.shiro.web.session.OnlineWebSessionManager - invalidation sessions...
16:29:06.271 [pool-2-thread-1] DEBUG com.ruoyi.project.monitor.online.mapper.UserOnlineMapper.selectOnlineByExpired - ==>  Preparing: SELECT * FROM sys_user_online o WHERE o.last_access_time <= ? ORDER BY o.last_access_time ASC 
16:29:06.271 [pool-2-thread-1] DEBUG com.ruoyi.project.monitor.online.mapper.UserOnlineMapper.selectOnlineByExpired - ==> Parameters: 2018-06-19 15:59:06(String)
16:29:06.273 [pool-2-thread-1] DEBUG com.ruoyi.project.monitor.online.mapper.UserOnlineMapper.selectOnlineByExpired - <==      Total: 0
16:29:06.274 [pool-2-thread-1] INFO  com.ruoyi.framework.shiro.web.session.OnlineWebSessionManager - Finished invalidation session. No sessions were stopped.
16:39:06.273 [pool-2-thread-1] INFO  com.ruoyi.framework.shiro.web.session.OnlineWebSessionManager - invalidation sessions...
16:39:06.276 [pool-2-thread-1] DEBUG com.ruoyi.project.monitor.online.mapper.UserOnlineMapper.selectOnlineByExpired - ==>  Preparing: SELECT * FROM sys_user_online o WHERE o.last_access_time <= ? ORDER BY o.last_access_time ASC 
16:39:06.277 [pool-2-thread-1] DEBUG com.ruoyi.project.monitor.online.mapper.UserOnlineMapper.selectOnlineByExpired - ==> Parameters: 2018-06-19 16:09:06(String)
16:39:06.279 [pool-2-thread-1] DEBUG com.ruoyi.project.monitor.online.mapper.UserOnlineMapper.selectOnlineByExpired - <==      Total: 0
16:39:06.280 [pool-2-thread-1] INFO  com.ruoyi.framework.shiro.web.session.OnlineWebSessionManager - Finished invalidation session. No sessions were stopped.
16:49:06.279 [pool-2-thread-1] INFO  com.ruoyi.framework.shiro.web.session.OnlineWebSessionManager - invalidation sessions...
16:49:06.282 [pool-2-thread-1] DEBUG com.ruoyi.project.monitor.online.mapper.UserOnlineMapper.selectOnlineByExpired - ==>  Preparing: SELECT * FROM sys_user_online o WHERE o.last_access_time <= ? ORDER BY o.last_access_time ASC 
16:49:06.282 [pool-2-thread-1] DEBUG com.ruoyi.project.monitor.online.mapper.UserOnlineMapper.selectOnlineByExpired - ==> Parameters: 2018-06-19 16:19:06(String)
16:49:06.284 [pool-2-thread-1] DEBUG com.ruoyi.project.monitor.online.mapper.UserOnlineMapper.selectOnlineByExpired - <==      Total: 0
16:49:06.285 [pool-2-thread-1] INFO  com.ruoyi.framework.shiro.web.session.OnlineWebSessionManager - Finished invalidation session. No sessions were stopped.
16:59:06.285 [pool-2-thread-1] INFO  com.ruoyi.framework.shiro.web.session.OnlineWebSessionManager - invalidation sessions...
16:59:06.288 [pool-2-thread-1] DEBUG com.ruoyi.project.monitor.online.mapper.UserOnlineMapper.selectOnlineByExpired - ==>  Preparing: SELECT * FROM sys_user_online o WHERE o.last_access_time <= ? ORDER BY o.last_access_time ASC 
16:59:06.288 [pool-2-thread-1] DEBUG com.ruoyi.project.monitor.online.mapper.UserOnlineMapper.selectOnlineByExpired - ==> Parameters: 2018-06-19 16:29:06(String)
16:59:06.290 [pool-2-thread-1] DEBUG com.ruoyi.project.monitor.online.mapper.UserOnlineMapper.selectOnlineByExpired - <==      Total: 0
16:59:06.291 [pool-2-thread-1] INFO  com.ruoyi.framework.shiro.web.session.OnlineWebSessionManager - Finished invalidation session. No sessions were stopped.
17:09:06.290 [pool-2-thread-1] INFO  com.ruoyi.framework.shiro.web.session.OnlineWebSessionManager - invalidation sessions...
17:09:06.292 [pool-2-thread-1] DEBUG com.ruoyi.project.monitor.online.mapper.UserOnlineMapper.selectOnlineByExpired - ==>  Preparing: SELECT * FROM sys_user_online o WHERE o.last_access_time <= ? ORDER BY o.last_access_time ASC 
17:09:06.293 [pool-2-thread-1] DEBUG com.ruoyi.project.monitor.online.mapper.UserOnlineMapper.selectOnlineByExpired - ==> Parameters: 2018-06-19 16:39:06(String)
17:09:06.296 [pool-2-thread-1] DEBUG com.ruoyi.project.monitor.online.mapper.UserOnlineMapper.selectOnlineByExpired - <==      Total: 0
17:09:06.297 [pool-2-thread-1] INFO  com.ruoyi.framework.shiro.web.session.OnlineWebSessionManager - Finished invalidation session. No sessions were stopped.
17:19:06.295 [pool-2-thread-1] INFO  com.ruoyi.framework.shiro.web.session.OnlineWebSessionManager - invalidation sessions...
17:19:06.298 [pool-2-thread-1] DEBUG com.ruoyi.project.monitor.online.mapper.UserOnlineMapper.selectOnlineByExpired - ==>  Preparing: SELECT * FROM sys_user_online o WHERE o.last_access_time <= ? ORDER BY o.last_access_time ASC 
17:19:06.299 [pool-2-thread-1] DEBUG com.ruoyi.project.monitor.online.mapper.UserOnlineMapper.selectOnlineByExpired - ==> Parameters: 2018-06-19 16:49:06(String)
17:19:06.319 [pool-2-thread-1] DEBUG com.ruoyi.project.monitor.online.mapper.UserOnlineMapper.selectOnlineByExpired - <==      Total: 0
17:19:06.319 [pool-2-thread-1] INFO  com.ruoyi.framework.shiro.web.session.OnlineWebSessionManager - Finished invalidation session. No sessions were stopped.
17:29:06.301 [pool-2-thread-1] INFO  com.ruoyi.framework.shiro.web.session.OnlineWebSessionManager - invalidation sessions...
17:29:06.303 [pool-2-thread-1] DEBUG com.ruoyi.project.monitor.online.mapper.UserOnlineMapper.selectOnlineByExpired - ==>  Preparing: SELECT * FROM sys_user_online o WHERE o.last_access_time <= ? ORDER BY o.last_access_time ASC 
17:29:06.304 [pool-2-thread-1] DEBUG com.ruoyi.project.monitor.online.mapper.UserOnlineMapper.selectOnlineByExpired - ==> Parameters: 2018-06-19 16:59:06(String)
17:29:06.306 [pool-2-thread-1] DEBUG com.ruoyi.project.monitor.online.mapper.UserOnlineMapper.selectOnlineByExpired - <==      Total: 0
17:29:06.306 [pool-2-thread-1] INFO  com.ruoyi.framework.shiro.web.session.OnlineWebSessionManager - Finished invalidation session. No sessions were stopped.
17:39:06.306 [pool-2-thread-1] INFO  com.ruoyi.framework.shiro.web.session.OnlineWebSessionManager - invalidation sessions...
17:39:06.309 [pool-2-thread-1] DEBUG com.ruoyi.project.monitor.online.mapper.UserOnlineMapper.selectOnlineByExpired - ==>  Preparing: SELECT * FROM sys_user_online o WHERE o.last_access_time <= ? ORDER BY o.last_access_time ASC 
17:39:06.310 [pool-2-thread-1] DEBUG com.ruoyi.project.monitor.online.mapper.UserOnlineMapper.selectOnlineByExpired - ==> Parameters: 2018-06-19 17:09:06(String)
17:39:06.312 [pool-2-thread-1] DEBUG com.ruoyi.project.monitor.online.mapper.UserOnlineMapper.selectOnlineByExpired - <==      Total: 0
17:39:06.313 [pool-2-thread-1] INFO  com.ruoyi.framework.shiro.web.session.OnlineWebSessionManager - Finished invalidation session. No sessions were stopped.
17:49:06.312 [pool-2-thread-1] INFO  com.ruoyi.framework.shiro.web.session.OnlineWebSessionManager - invalidation sessions...
17:49:06.315 [pool-2-thread-1] DEBUG com.ruoyi.project.monitor.online.mapper.UserOnlineMapper.selectOnlineByExpired - ==>  Preparing: SELECT * FROM sys_user_online o WHERE o.last_access_time <= ? ORDER BY o.last_access_time ASC 
17:49:06.315 [pool-2-thread-1] DEBUG com.ruoyi.project.monitor.online.mapper.UserOnlineMapper.selectOnlineByExpired - ==> Parameters: 2018-06-19 17:19:06(String)
17:49:06.317 [pool-2-thread-1] DEBUG com.ruoyi.project.monitor.online.mapper.UserOnlineMapper.selectOnlineByExpired - <==      Total: 0
17:49:06.318 [pool-2-thread-1] INFO  com.ruoyi.framework.shiro.web.session.OnlineWebSessionManager - Finished invalidation session. No sessions were stopped.
17:59:06.318 [pool-2-thread-1] INFO  com.ruoyi.framework.shiro.web.session.OnlineWebSessionManager - invalidation sessions...
17:59:06.320 [pool-2-thread-1] DEBUG com.ruoyi.project.monitor.online.mapper.UserOnlineMapper.selectOnlineByExpired - ==>  Preparing: SELECT * FROM sys_user_online o WHERE o.last_access_time <= ? ORDER BY o.last_access_time ASC 
17:59:06.321 [pool-2-thread-1] DEBUG com.ruoyi.project.monitor.online.mapper.UserOnlineMapper.selectOnlineByExpired - ==> Parameters: 2018-06-19 17:29:06(String)
17:59:06.323 [pool-2-thread-1] DEBUG com.ruoyi.project.monitor.online.mapper.UserOnlineMapper.selectOnlineByExpired - <==      Total: 0
17:59:06.324 [pool-2-thread-1] INFO  com.ruoyi.framework.shiro.web.session.OnlineWebSessionManager - Finished invalidation session. No sessions were stopped.
