14:29:14.859 [main] INFO  com.ruoyi.RuoYiApplication - Starting RuoYiApplication on yff-PC with PID 6788 (F:\IDEA_Project\RuoYi\target\classes started by yff in F:\IDEA_Project\RuoYi)
14:29:14.865 [main] DEBUG com.ruoyi.RuoYiApplication - Running with Spring Boot v1.5.10.RELEASE, Spring v4.3.14.RELEASE
14:29:14.865 [main] INFO  com.ruoyi.RuoYiApplication - The following profiles are active: druid
14:29:14.944 [background-preinit] INFO  org.hibernate.validator.internal.util.Version - HV000001: Hibernate Validator 5.3.6.Final
14:29:16.109 [main] INFO  org.apache.shiro.cache.ehcache.EhCacheManager - Cache with name 'com.ruoyi.framework.shiro.realm.UserRealm.authorizationCache' does not yet exist.  Creating now.
14:29:16.109 [main] INFO  org.apache.shiro.cache.ehcache.EhCacheManager - Added EhCache named [com.ruoyi.framework.shiro.realm.UserRealm.authorizationCache]
14:29:16.650 [main] INFO  com.alibaba.druid.pool.DruidDataSource - {dataSource-1} inited
14:29:17.818 [main] INFO  org.apache.shiro.cache.ehcache.EhCacheManager - Using existing EHCache named [loginRecordCache]
14:29:18.808 [main] INFO  org.apache.catalina.core.StandardService - Starting service [Tomcat]
14:29:18.809 [main] INFO  org.apache.catalina.core.StandardEngine - Starting Servlet Engine: Apache Tomcat/8.5.27
14:29:18.891 [localhost-startStop-1] INFO  org.apache.catalina.core.ContainerBase.[Tomcat].[localhost].[/] - Initializing Spring embedded WebApplicationContext
14:29:19.319 [main] INFO  org.quartz.impl.StdSchedulerFactory - Using default implementation for ThreadExecutor
14:29:19.330 [main] INFO  org.quartz.core.SchedulerSignalerImpl - Initialized Scheduler Signaller of type: class org.quartz.core.SchedulerSignalerImpl
14:29:19.330 [main] INFO  org.quartz.core.QuartzScheduler - Quartz Scheduler v.2.3.0 created.
14:29:19.338 [main] INFO  org.quartz.core.QuartzScheduler - Scheduler meta-data: Quartz Scheduler (v2.3.0) 'RuoyiScheduler' with instanceId 'yff-PC1528784959321'
  Scheduler class: 'org.quartz.core.QuartzScheduler' - running locally.
  NOT STARTED.
  Currently in standby mode.
  Number of jobs executed: 0
  Using thread pool 'org.quartz.simpl.SimpleThreadPool' - with 20 threads.
  Using job-store 'org.springframework.scheduling.quartz.LocalDataSourceJobStore' - which supports persistence. and is clustered.

14:29:19.338 [main] INFO  org.quartz.impl.StdSchedulerFactory - Quartz scheduler 'RuoyiScheduler' initialized from an externally provided properties instance.
14:29:19.338 [main] INFO  org.quartz.impl.StdSchedulerFactory - Quartz scheduler version: 2.3.0
14:29:19.339 [main] INFO  org.quartz.core.QuartzScheduler - JobFactory set to: org.springframework.scheduling.quartz.AdaptableJobFactory@5503de1
14:29:19.369 [main] DEBUG com.ruoyi.project.monitor.job.mapper.JobMapper.selectJobAll - ==>  Preparing: SELECT job_id, job_name, job_group, method_name, params, cron_expression, status, create_by, create_time FROM sys_job 
14:29:19.419 [main] DEBUG com.ruoyi.project.monitor.job.mapper.JobMapper.selectJobAll - ==> Parameters: 
14:29:19.540 [main] DEBUG com.ruoyi.project.monitor.job.mapper.JobMapper.selectJobAll - <==      Total: 3
14:29:23.405 [main] INFO  org.apache.coyote.http11.Http11NioProtocol - Initializing ProtocolHandler ["http-nio-80"]
14:29:23.412 [main] INFO  org.apache.coyote.http11.Http11NioProtocol - Starting ProtocolHandler ["http-nio-80"]
14:29:23.421 [main] INFO  org.apache.tomcat.util.net.NioSelectorPool - Using a shared selector for servlet write/read
14:29:23.439 [main] INFO  com.ruoyi.RuoYiApplication - Started RuoYiApplication in 8.928 seconds (JVM running for 9.852)
14:29:24.666 [Quartz Scheduler [RuoyiScheduler]] INFO  org.quartz.core.QuartzScheduler - Scheduler RuoyiScheduler_$_yff-PC1528784959321 started.
14:30:15.043 [http-nio-80-exec-1] INFO  org.apache.catalina.core.ContainerBase.[Tomcat].[localhost].[/] - Initializing Spring FrameworkServlet 'dispatcherServlet'
14:32:38.336 [main] INFO  com.ruoyi.RuoYiApplication - Starting RuoYiApplication on yff-PC with PID 9440 (F:\IDEA_Project\RuoYi\target\classes started by yff in F:\IDEA_Project\RuoYi)
14:32:38.338 [main] DEBUG com.ruoyi.RuoYiApplication - Running with Spring Boot v1.5.10.RELEASE, Spring v4.3.14.RELEASE
14:32:38.339 [main] INFO  com.ruoyi.RuoYiApplication - The following profiles are active: druid
14:32:38.488 [background-preinit] INFO  org.hibernate.validator.internal.util.Version - HV000001: Hibernate Validator 5.3.6.Final
14:32:39.514 [main] INFO  org.apache.shiro.cache.ehcache.EhCacheManager - Cache with name 'com.ruoyi.framework.shiro.realm.UserRealm.authorizationCache' does not yet exist.  Creating now.
14:32:39.515 [main] INFO  org.apache.shiro.cache.ehcache.EhCacheManager - Added EhCache named [com.ruoyi.framework.shiro.realm.UserRealm.authorizationCache]
14:32:39.881 [main] INFO  com.alibaba.druid.pool.DruidDataSource - {dataSource-1} inited
14:32:40.183 [main] INFO  org.apache.shiro.cache.ehcache.EhCacheManager - Using existing EHCache named [loginRecordCache]
14:32:40.922 [main] INFO  org.apache.catalina.core.StandardService - Starting service [Tomcat]
14:32:40.922 [main] INFO  org.apache.catalina.core.StandardEngine - Starting Servlet Engine: Apache Tomcat/8.5.27
14:32:41.004 [localhost-startStop-1] INFO  org.apache.catalina.core.ContainerBase.[Tomcat].[localhost].[/] - Initializing Spring embedded WebApplicationContext
14:32:41.448 [main] INFO  org.quartz.impl.StdSchedulerFactory - Using default implementation for ThreadExecutor
14:32:41.459 [main] INFO  org.quartz.core.SchedulerSignalerImpl - Initialized Scheduler Signaller of type: class org.quartz.core.SchedulerSignalerImpl
14:32:41.460 [main] INFO  org.quartz.core.QuartzScheduler - Quartz Scheduler v.2.3.0 created.
14:32:41.469 [main] INFO  org.quartz.core.QuartzScheduler - Scheduler meta-data: Quartz Scheduler (v2.3.0) 'RuoyiScheduler' with instanceId 'yff-PC1528785161449'
  Scheduler class: 'org.quartz.core.QuartzScheduler' - running locally.
  NOT STARTED.
  Currently in standby mode.
  Number of jobs executed: 0
  Using thread pool 'org.quartz.simpl.SimpleThreadPool' - with 20 threads.
  Using job-store 'org.springframework.scheduling.quartz.LocalDataSourceJobStore' - which supports persistence. and is clustered.

14:32:41.469 [main] INFO  org.quartz.impl.StdSchedulerFactory - Quartz scheduler 'RuoyiScheduler' initialized from an externally provided properties instance.
14:32:41.470 [main] INFO  org.quartz.impl.StdSchedulerFactory - Quartz scheduler version: 2.3.0
14:32:41.471 [main] INFO  org.quartz.core.QuartzScheduler - JobFactory set to: org.springframework.scheduling.quartz.AdaptableJobFactory@2fd72332
14:32:41.504 [main] DEBUG com.ruoyi.project.monitor.job.mapper.JobMapper.selectJobAll - ==>  Preparing: SELECT job_id, job_name, job_group, method_name, params, cron_expression, status, create_by, create_time FROM sys_job 
14:32:41.561 [main] DEBUG com.ruoyi.project.monitor.job.mapper.JobMapper.selectJobAll - ==> Parameters: 
14:32:41.616 [main] DEBUG com.ruoyi.project.monitor.job.mapper.JobMapper.selectJobAll - <==      Total: 3
14:32:45.811 [main] INFO  org.apache.coyote.http11.Http11NioProtocol - Initializing ProtocolHandler ["http-nio-80"]
14:32:45.818 [main] INFO  org.apache.coyote.http11.Http11NioProtocol - Starting ProtocolHandler ["http-nio-80"]
14:32:45.826 [main] INFO  org.apache.tomcat.util.net.NioSelectorPool - Using a shared selector for servlet write/read
14:32:45.844 [main] INFO  com.ruoyi.RuoYiApplication - Started RuoYiApplication in 7.835 seconds (JVM running for 8.765)
14:32:46.892 [Quartz Scheduler [RuoyiScheduler]] INFO  org.quartz.core.QuartzScheduler - Scheduler RuoyiScheduler_$_yff-PC1528785161449 started.
14:33:04.059 [http-nio-80-exec-1] INFO  org.apache.catalina.core.ContainerBase.[Tomcat].[localhost].[/] - Initializing Spring FrameworkServlet 'dispatcherServlet'
14:38:06.390 [main] INFO  com.ruoyi.RuoYiApplication - Starting RuoYiApplication on yff-PC with PID 9720 (F:\IDEA_Project\RuoYi\target\classes started by yff in F:\IDEA_Project\RuoYi)
14:38:06.392 [main] DEBUG com.ruoyi.RuoYiApplication - Running with Spring Boot v1.5.10.RELEASE, Spring v4.3.14.RELEASE
14:38:06.392 [main] INFO  com.ruoyi.RuoYiApplication - The following profiles are active: druid
14:38:06.539 [background-preinit] INFO  org.hibernate.validator.internal.util.Version - HV000001: Hibernate Validator 5.3.6.Final
14:38:07.680 [main] INFO  org.apache.shiro.cache.ehcache.EhCacheManager - Cache with name 'com.ruoyi.framework.shiro.realm.UserRealm.authorizationCache' does not yet exist.  Creating now.
14:38:07.681 [main] INFO  org.apache.shiro.cache.ehcache.EhCacheManager - Added EhCache named [com.ruoyi.framework.shiro.realm.UserRealm.authorizationCache]
14:38:08.035 [main] INFO  com.alibaba.druid.pool.DruidDataSource - {dataSource-1} inited
14:38:08.315 [main] INFO  org.apache.shiro.cache.ehcache.EhCacheManager - Using existing EHCache named [loginRecordCache]
14:38:09.024 [main] INFO  org.apache.catalina.core.StandardService - Starting service [Tomcat]
14:38:09.024 [main] INFO  org.apache.catalina.core.StandardEngine - Starting Servlet Engine: Apache Tomcat/8.5.27
14:38:09.112 [localhost-startStop-1] INFO  org.apache.catalina.core.ContainerBase.[Tomcat].[localhost].[/] - Initializing Spring embedded WebApplicationContext
14:38:09.515 [main] INFO  org.quartz.impl.StdSchedulerFactory - Using default implementation for ThreadExecutor
14:38:09.525 [main] INFO  org.quartz.core.SchedulerSignalerImpl - Initialized Scheduler Signaller of type: class org.quartz.core.SchedulerSignalerImpl
14:38:09.525 [main] INFO  org.quartz.core.QuartzScheduler - Quartz Scheduler v.2.3.0 created.
14:38:09.533 [main] INFO  org.quartz.core.QuartzScheduler - Scheduler meta-data: Quartz Scheduler (v2.3.0) 'RuoyiScheduler' with instanceId 'yff-PC1528785489516'
  Scheduler class: 'org.quartz.core.QuartzScheduler' - running locally.
  NOT STARTED.
  Currently in standby mode.
  Number of jobs executed: 0
  Using thread pool 'org.quartz.simpl.SimpleThreadPool' - with 20 threads.
  Using job-store 'org.springframework.scheduling.quartz.LocalDataSourceJobStore' - which supports persistence. and is clustered.

14:38:09.533 [main] INFO  org.quartz.impl.StdSchedulerFactory - Quartz scheduler 'RuoyiScheduler' initialized from an externally provided properties instance.
14:38:09.533 [main] INFO  org.quartz.impl.StdSchedulerFactory - Quartz scheduler version: 2.3.0
14:38:09.534 [main] INFO  org.quartz.core.QuartzScheduler - JobFactory set to: org.springframework.scheduling.quartz.AdaptableJobFactory@64e1377c
14:38:09.565 [main] DEBUG com.ruoyi.project.monitor.job.mapper.JobMapper.selectJobAll - ==>  Preparing: SELECT job_id, job_name, job_group, method_name, params, cron_expression, status, create_by, create_time FROM sys_job 
14:38:09.617 [main] DEBUG com.ruoyi.project.monitor.job.mapper.JobMapper.selectJobAll - ==> Parameters: 
14:38:09.633 [main] DEBUG com.ruoyi.project.monitor.job.mapper.JobMapper.selectJobAll - <==      Total: 3
14:38:14.126 [main] INFO  org.apache.coyote.http11.Http11NioProtocol - Initializing ProtocolHandler ["http-nio-80"]
14:38:14.133 [main] INFO  org.apache.coyote.http11.Http11NioProtocol - Starting ProtocolHandler ["http-nio-80"]
14:38:14.142 [main] INFO  org.apache.tomcat.util.net.NioSelectorPool - Using a shared selector for servlet write/read
14:38:14.159 [main] INFO  com.ruoyi.RuoYiApplication - Started RuoYiApplication in 8.081 seconds (JVM running for 8.847)
14:38:15.468 [Quartz Scheduler [RuoyiScheduler]] INFO  org.quartz.core.QuartzScheduler - Scheduler RuoyiScheduler_$_yff-PC1528785489516 started.
14:38:31.454 [http-nio-80-exec-1] INFO  org.apache.catalina.core.ContainerBase.[Tomcat].[localhost].[/] - Initializing Spring FrameworkServlet 'dispatcherServlet'
14:38:31.487 [http-nio-80-exec-1] INFO  org.apache.shiro.session.mgt.AbstractValidatingSessionManager - Enabling session validation scheduler...
14:38:31.487 [http-nio-80-exec-1] DEBUG com.ruoyi.framework.shiro.web.session.SpringSessionValidationScheduler - Scheduling session validation job using Spring Scheduler with session validation interval of [600000]ms...
14:38:31.488 [http-nio-80-exec-1] DEBUG com.ruoyi.framework.shiro.web.session.SpringSessionValidationScheduler - Session validation job successfully scheduled with Spring Scheduler.
14:38:31.502 [http-nio-80-exec-1] INFO  org.apache.shiro.cache.ehcache.EhCacheManager - Using existing EHCache named [shiro-activeSessionCache]
14:38:31.778 [http-nio-80-exec-2] DEBUG com.ruoyi.project.system.config.mapper.ConfigMapper.selectConfigByKey - ==>  Preparing: select config_id, config_name, config_key, config_value, config_type, create_by, create_time, update_by, update_time, remark from sys_config where config_key = ? 
14:38:31.779 [http-nio-80-exec-2] DEBUG com.ruoyi.project.system.config.mapper.ConfigMapper.selectConfigByKey - ==> Parameters: sys.name(String)
14:38:31.941 [http-nio-80-exec-2] DEBUG com.ruoyi.project.system.config.mapper.ConfigMapper.selectConfigByKey - <==      Total: 1
14:38:32.006 [http-nio-80-exec-2] DEBUG com.ruoyi.project.system.config.mapper.ConfigMapper.selectConfigByKey - ==>  Preparing: select config_id, config_name, config_key, config_value, config_type, create_by, create_time, update_by, update_time, remark from sys_config where config_key = ? 
14:38:32.006 [http-nio-80-exec-2] DEBUG com.ruoyi.project.system.config.mapper.ConfigMapper.selectConfigByKey - ==> Parameters: sys.name(String)
14:38:32.007 [http-nio-80-exec-2] DEBUG com.ruoyi.project.system.config.mapper.ConfigMapper.selectConfigByKey - <==      Total: 1
14:38:32.009 [http-nio-80-exec-2] DEBUG com.ruoyi.project.system.config.mapper.ConfigMapper.selectConfigByKey - ==>  Preparing: select config_id, config_name, config_key, config_value, config_type, create_by, create_time, update_by, update_time, remark from sys_config where config_key = ? 
14:38:32.009 [http-nio-80-exec-2] DEBUG com.ruoyi.project.system.config.mapper.ConfigMapper.selectConfigByKey - ==> Parameters: sys.name(String)
14:38:32.010 [http-nio-80-exec-2] DEBUG com.ruoyi.project.system.config.mapper.ConfigMapper.selectConfigByKey - <==      Total: 1
14:38:32.024 [http-nio-80-exec-2] DEBUG com.ruoyi.project.system.config.mapper.ConfigMapper.selectConfigByKey - ==>  Preparing: select config_id, config_name, config_key, config_value, config_type, create_by, create_time, update_by, update_time, remark from sys_config where config_key = ? 
14:38:32.025 [http-nio-80-exec-2] DEBUG com.ruoyi.project.system.config.mapper.ConfigMapper.selectConfigByKey - ==> Parameters: sys.name(String)
14:38:32.026 [http-nio-80-exec-2] DEBUG com.ruoyi.project.system.config.mapper.ConfigMapper.selectConfigByKey - <==      Total: 1
14:38:32.028 [http-nio-80-exec-2] DEBUG com.ruoyi.project.system.config.mapper.ConfigMapper.selectConfigByKey - ==>  Preparing: select config_id, config_name, config_key, config_value, config_type, create_by, create_time, update_by, update_time, remark from sys_config where config_key = ? 
14:38:32.029 [http-nio-80-exec-2] DEBUG com.ruoyi.project.system.config.mapper.ConfigMapper.selectConfigByKey - ==> Parameters: sys.login.slogan(String)
14:38:32.030 [http-nio-80-exec-2] DEBUG com.ruoyi.project.system.config.mapper.ConfigMapper.selectConfigByKey - <==      Total: 1
14:38:32.035 [http-nio-80-exec-2] DEBUG com.ruoyi.project.system.config.mapper.ConfigMapper.selectConfigByKey - ==>  Preparing: select config_id, config_name, config_key, config_value, config_type, create_by, create_time, update_by, update_time, remark from sys_config where config_key = ? 
14:38:32.036 [http-nio-80-exec-2] DEBUG com.ruoyi.project.system.config.mapper.ConfigMapper.selectConfigByKey - ==> Parameters: sys.login.copyright(String)
14:38:32.037 [http-nio-80-exec-2] DEBUG com.ruoyi.project.system.config.mapper.ConfigMapper.selectConfigByKey - <==      Total: 1
14:38:32.489 [pool-1-thread-1] INFO  com.ruoyi.framework.shiro.web.session.OnlineWebSessionManager - invalidation sessions...
14:38:32.500 [pool-1-thread-1] DEBUG com.ruoyi.project.monitor.online.mapper.UserOnlineMapper.selectOnlineByExpired - ==>  Preparing: SELECT * FROM sys_user_online o WHERE o.last_access_time <= ? ORDER BY o.last_access_time ASC 
14:38:32.502 [pool-1-thread-1] DEBUG com.ruoyi.project.monitor.online.mapper.UserOnlineMapper.selectOnlineByExpired - ==> Parameters: 2018-06-12 14:08:32(String)
14:38:32.914 [pool-1-thread-1] DEBUG com.ruoyi.project.monitor.online.mapper.UserOnlineMapper.selectOnlineByExpired - <==      Total: 1
14:38:32.917 [pool-1-thread-1] DEBUG com.ruoyi.project.monitor.online.mapper.UserOnlineMapper.selectOnlineById - ==>  Preparing: select * from sys_user_online where sessionid = ? 
14:38:32.919 [pool-1-thread-1] DEBUG com.ruoyi.project.monitor.online.mapper.UserOnlineMapper.selectOnlineById - ==> Parameters: 911333e8-481b-485f-aba5-c4bc61afaf94(String)
14:38:32.922 [pool-1-thread-1] DEBUG com.ruoyi.project.monitor.online.mapper.UserOnlineMapper.selectOnlineById - <==      Total: 1
14:38:32.923 [pool-1-thread-1] DEBUG com.ruoyi.framework.shiro.web.session.OnlineWebSessionManager - Invalidated session with id [911333e8-481b-485f-aba5-c4bc61afaf94] (stopped)
14:38:32.925 [pool-1-thread-1] DEBUG com.ruoyi.project.monitor.online.mapper.UserOnlineMapper.selectOnlineById - ==>  Preparing: select * from sys_user_online where sessionid = ? 
14:38:32.926 [pool-1-thread-1] DEBUG com.ruoyi.project.monitor.online.mapper.UserOnlineMapper.selectOnlineById - ==> Parameters: 911333e8-481b-485f-aba5-c4bc61afaf94(String)
14:38:32.929 [pool-1-thread-1] DEBUG com.ruoyi.project.monitor.online.mapper.UserOnlineMapper.selectOnlineById - <==      Total: 1
14:38:32.930 [pool-1-thread-1] DEBUG com.ruoyi.project.monitor.online.mapper.UserOnlineMapper.deleteOnlineById - ==>  Preparing: delete from sys_user_online where sessionId = ? 
14:38:32.932 [pool-1-thread-1] DEBUG com.ruoyi.project.monitor.online.mapper.UserOnlineMapper.deleteOnlineById - ==> Parameters: 911333e8-481b-485f-aba5-c4bc61afaf94(String)
14:38:33.076 [pool-1-thread-1] DEBUG com.ruoyi.project.monitor.online.mapper.UserOnlineMapper.deleteOnlineById - <==    Updates: 1
14:38:33.077 [pool-1-thread-1] INFO  com.ruoyi.framework.shiro.web.session.OnlineWebSessionManager - Finished invalidation session. [1] sessions were stopped.
14:38:36.069 [http-nio-80-exec-10] DEBUG com.ruoyi.project.system.user.mapper.UserMapper.selectUserByLoginName - ==>  Preparing: select u.user_id, u.dept_id, u.login_name, u.user_name, u.email, u.phonenumber, u.sex, u.avatar, u.password, u.salt, u.status, u.login_ip, u.login_date, u.create_time, u.remark, d.dept_id, d.parent_id, d.dept_name, d.order_num, d.status as dept_status from sys_user u left join sys_dept d on u.dept_id = d.dept_id left join sys_user_role ur on u.user_id = ur.user_id where u.login_name = ? 
14:38:36.070 [http-nio-80-exec-10] DEBUG com.ruoyi.project.system.user.mapper.UserMapper.selectUserByLoginName - ==> Parameters: admin(String)
14:38:36.321 [http-nio-80-exec-10] DEBUG com.ruoyi.project.system.user.mapper.UserMapper.selectUserByLoginName - <==      Total: 1
14:38:36.558 [http-nio-80-exec-10] INFO  sys-user - [127.0.0.1]XXXX内网IP[admin][Success][登录成功]
14:38:36.751 [http-nio-80-exec-10] DEBUG com.ruoyi.project.monitor.logininfor.mapper.LogininforMapper.insertLogininfor - ==>  Preparing: insert into sys_logininfor (login_name, status, ipaddr, login_location, browser, os, msg, login_time) values (?, ?, ?, ?, ?, ?, ?, sysdate()) 
14:38:36.757 [http-nio-80-exec-10] DEBUG com.ruoyi.project.monitor.logininfor.mapper.LogininforMapper.insertLogininfor - ==> Parameters: admin(String), 0(String), 127.0.0.1(String), XXXX内网IP(String), Chrome(String), Windows 7(String), 登录成功(String)
14:38:36.884 [http-nio-80-exec-10] DEBUG com.ruoyi.project.monitor.logininfor.mapper.LogininforMapper.insertLogininfor - <==    Updates: 1
14:38:36.913 [http-nio-80-exec-10] DEBUG com.ruoyi.project.system.user.mapper.UserMapper.updateUser - ==>  Preparing: update sys_user SET dept_id = ?, login_name = ?, user_name = ?, email = ?, phonenumber = ?, sex = ?, password = ?, salt = ?, status = ?, login_ip = ?, login_date = ?, remark = ?, update_time = sysdate() where 1=1 and user_id = ? 
14:38:36.916 [http-nio-80-exec-10] DEBUG com.ruoyi.project.system.user.mapper.UserMapper.updateUser - ==> Parameters: 106(Long), admin(String), 那谁(String), 1888@163.com(String), 15888888889(String), 0(String), 8f02c9f5377c332a359cdf2b3701b2e4(String), de88b6(String), 0(Integer), 127.0.0.1(String), 2018-06-12 14:38:36.886(Timestamp), 管理员(String), 1(Long)
14:38:36.976 [http-nio-80-exec-10] DEBUG com.ruoyi.project.system.user.mapper.UserMapper.updateUser - <==    Updates: 1
14:38:37.034 [http-nio-80-exec-1] DEBUG com.ruoyi.project.system.menu.mapper.MenuMapper.selectMenusByUserId - ==>  Preparing: select distinct m.menu_id, m.parent_id, m.menu_name, m.url, m.perms , m.menu_type, m.icon, m.order_num, m.create_time, m.open_mode from sys_menu m left join sys_role_menu rm on m.menu_id = rm.menu_id left join sys_user_role ur on rm.role_id = ur.role_id where ur.user_id = ? and m.menu_type in ('M', 'C') and m.visible = 0 order by m.order_num 
14:38:37.035 [http-nio-80-exec-1] DEBUG com.ruoyi.project.system.menu.mapper.MenuMapper.selectMenusByUserId - ==> Parameters: 1(Long)
14:38:37.585 [http-nio-80-exec-1] DEBUG com.ruoyi.project.system.menu.mapper.MenuMapper.selectMenusByUserId - <==      Total: 20
14:38:37.601 [http-nio-80-exec-1] DEBUG com.ruoyi.project.system.config.mapper.ConfigMapper.selectConfigByKey - ==>  Preparing: select config_id, config_name, config_key, config_value, config_type, create_by, create_time, update_by, update_time, remark from sys_config where config_key = ? 
14:38:37.602 [http-nio-80-exec-1] DEBUG com.ruoyi.project.system.config.mapper.ConfigMapper.selectConfigByKey - ==> Parameters: sys.name(String)
14:38:37.604 [http-nio-80-exec-1] DEBUG com.ruoyi.project.system.config.mapper.ConfigMapper.selectConfigByKey - <==      Total: 1
14:38:37.606 [http-nio-80-exec-1] DEBUG com.ruoyi.project.system.config.mapper.ConfigMapper.selectConfigByKey - ==>  Preparing: select config_id, config_name, config_key, config_value, config_type, create_by, create_time, update_by, update_time, remark from sys_config where config_key = ? 
14:38:37.607 [http-nio-80-exec-1] DEBUG com.ruoyi.project.system.config.mapper.ConfigMapper.selectConfigByKey - ==> Parameters: sys.name(String)
14:38:37.608 [http-nio-80-exec-1] DEBUG com.ruoyi.project.system.config.mapper.ConfigMapper.selectConfigByKey - <==      Total: 1
14:38:37.610 [http-nio-80-exec-1] DEBUG com.ruoyi.project.system.config.mapper.ConfigMapper.selectConfigByKey - ==>  Preparing: select config_id, config_name, config_key, config_value, config_type, create_by, create_time, update_by, update_time, remark from sys_config where config_key = ? 
14:38:37.611 [http-nio-80-exec-1] DEBUG com.ruoyi.project.system.config.mapper.ConfigMapper.selectConfigByKey - ==> Parameters: sys.name(String)
14:38:37.612 [http-nio-80-exec-1] DEBUG com.ruoyi.project.system.config.mapper.ConfigMapper.selectConfigByKey - <==      Total: 1
14:38:37.615 [http-nio-80-exec-1] DEBUG com.ruoyi.project.system.config.mapper.ConfigMapper.selectConfigByKey - ==>  Preparing: select config_id, config_name, config_key, config_value, config_type, create_by, create_time, update_by, update_time, remark from sys_config where config_key = ? 
14:38:37.615 [http-nio-80-exec-1] DEBUG com.ruoyi.project.system.config.mapper.ConfigMapper.selectConfigByKey - ==> Parameters: sys.index.skinName(String)
14:38:37.618 [http-nio-80-exec-1] DEBUG com.ruoyi.project.system.config.mapper.ConfigMapper.selectConfigByKey - <==      Total: 1
14:38:37.638 [http-nio-80-exec-1] DEBUG com.ruoyi.project.system.config.mapper.ConfigMapper.selectConfigByKey - ==>  Preparing: select config_id, config_name, config_key, config_value, config_type, create_by, create_time, update_by, update_time, remark from sys_config where config_key = ? 
14:38:37.639 [http-nio-80-exec-1] DEBUG com.ruoyi.project.system.config.mapper.ConfigMapper.selectConfigByKey - ==> Parameters: sys.name(String)
14:38:37.641 [http-nio-80-exec-1] DEBUG com.ruoyi.project.system.config.mapper.ConfigMapper.selectConfigByKey - <==      Total: 1
14:38:37.645 [http-nio-80-exec-1] DEBUG com.ruoyi.project.system.config.mapper.ConfigMapper.selectConfigByKey - ==>  Preparing: select config_id, config_name, config_key, config_value, config_type, create_by, create_time, update_by, update_time, remark from sys_config where config_key = ? 
14:38:37.647 [http-nio-80-exec-1] DEBUG com.ruoyi.project.system.config.mapper.ConfigMapper.selectConfigByKey - ==> Parameters: sys.login.copyright(String)
14:38:37.649 [http-nio-80-exec-1] DEBUG com.ruoyi.project.system.config.mapper.ConfigMapper.selectConfigByKey - <==      Total: 1
14:38:37.742 [http-nio-80-exec-8] DEBUG com.ruoyi.project.monitor.online.mapper.UserOnlineMapper.saveOnline - ==>  Preparing: replace into sys_user_online(sessionId, login_name, dept_name, ipaddr, login_location, browser, os, status, start_timestsamp, last_access_time, expire_time) values (?, ?, ?, ?, ?, ?, ?, ?, ?, ?, ?) 
14:38:37.752 [http-nio-80-exec-8] DEBUG com.ruoyi.project.monitor.online.mapper.UserOnlineMapper.saveOnline - ==> Parameters: ea783dd1-413b-4dd7-8b6b-fe56c6b6aef6(String), admin(String), 研发一部(String), 127.0.0.1(String), XXXX内网IP(String), Chrome(String), Windows 7(String), on_line(String), 2018-06-12 14:38:31.493(Timestamp), 2018-06-12 14:38:37.673(Timestamp), 1800000(Long)
14:38:38.000 [http-nio-80-exec-8] DEBUG com.ruoyi.project.monitor.online.mapper.UserOnlineMapper.saveOnline - <==    Updates: 1
14:38:38.005 [http-nio-80-exec-8] DEBUG com.ruoyi.project.system.role.mapper.RoleMapper.selectRolesByUserId - ==>  Preparing: SELECT r.role_id, r.role_name, r.role_key FROM sys_user u LEFT JOIN sys_user_role ur ON u.user_id = ur.user_id LEFT JOIN sys_role r ON ur.role_id = r.role_id WHERE ur.user_id = ? 
14:38:38.006 [http-nio-80-exec-8] DEBUG com.ruoyi.project.system.role.mapper.RoleMapper.selectRolesByUserId - ==> Parameters: 1(Long)
14:38:38.261 [http-nio-80-exec-8] DEBUG com.ruoyi.project.system.role.mapper.RoleMapper.selectRolesByUserId - <==      Total: 1
14:38:38.262 [http-nio-80-exec-8] DEBUG com.ruoyi.project.system.menu.mapper.MenuMapper.selectPermsByUserId - ==>  Preparing: select distinct m.perms from sys_menu m left join sys_role_menu rm on m.menu_id = rm.menu_id left join sys_user_role ur on rm.role_id = ur.role_id where ur.user_id = ? 
14:38:38.263 [http-nio-80-exec-8] DEBUG com.ruoyi.project.system.menu.mapper.MenuMapper.selectPermsByUserId - ==> Parameters: 1(Long)
14:38:38.265 [http-nio-80-exec-8] DEBUG com.ruoyi.project.system.menu.mapper.MenuMapper.selectPermsByUserId - <==      Total: 74
14:39:08.110 [http-nio-80-exec-4] DEBUG com.ruoyi.project.system.dept.mapper.DeptMapper.selectDeptAll - ==>  Preparing: select dept_id, parent_id, dept_name, order_num, leader, phone, email, status, create_by, create_time from sys_dept 
14:39:08.111 [http-nio-80-exec-4] DEBUG com.ruoyi.project.system.dept.mapper.DeptMapper.selectDeptAll - ==> Parameters: 
14:39:08.114 [http-nio-80-exec-4] DEBUG com.ruoyi.project.system.dept.mapper.DeptMapper.selectDeptAll - <==      Total: 10
14:39:08.138 [http-nio-80-exec-3] DEBUG com.ruoyi.project.system.user.mapper.UserMapper.selectUserList_COUNT - ==>  Preparing: SELECT count(0) FROM sys_user u LEFT JOIN sys_dept d ON u.dept_id = d.dept_id WHERE u.status IN (0, 1) 
14:39:08.138 [http-nio-80-exec-3] DEBUG com.ruoyi.project.system.user.mapper.UserMapper.selectUserList_COUNT - ==> Parameters: 
14:39:08.140 [http-nio-80-exec-3] DEBUG com.ruoyi.project.system.user.mapper.UserMapper.selectUserList_COUNT - <==      Total: 1
14:39:08.142 [http-nio-80-exec-3] DEBUG com.ruoyi.project.system.user.mapper.UserMapper.selectUserList - ==>  Preparing: SELECT u.user_id, u.dept_id, u.login_name, u.user_name, u.email, u.phonenumber, u.password, u.sex, u.avatar, u.salt, u.status, u.create_by, u.create_time, u.remark, d.dept_name FROM sys_user u LEFT JOIN sys_dept d ON u.dept_id = d.dept_id WHERE u.status IN (0, 1) order by create_time desc LIMIT ? 
14:39:08.144 [http-nio-80-exec-3] DEBUG com.ruoyi.project.system.user.mapper.UserMapper.selectUserList - ==> Parameters: 10(Integer)
14:39:08.148 [http-nio-80-exec-3] DEBUG com.ruoyi.project.system.user.mapper.UserMapper.selectUserList - <==      Total: 2
14:39:11.837 [http-nio-80-exec-7] DEBUG com.ruoyi.project.system.role.mapper.RoleMapper.selectRoleList_COUNT - ==>  Preparing: SELECT count(0) FROM sys_role 
14:39:11.838 [http-nio-80-exec-7] DEBUG com.ruoyi.project.system.role.mapper.RoleMapper.selectRoleList_COUNT - ==> Parameters: 
14:39:11.839 [http-nio-80-exec-7] DEBUG com.ruoyi.project.system.role.mapper.RoleMapper.selectRoleList_COUNT - <==      Total: 1
14:39:11.840 [http-nio-80-exec-7] DEBUG com.ruoyi.project.system.role.mapper.RoleMapper.selectRoleList - ==>  Preparing: SELECT role_id, role_name, role_key, role_sort, status, create_time, remark FROM sys_role order by role_sort asc LIMIT ? 
14:39:11.841 [http-nio-80-exec-7] DEBUG com.ruoyi.project.system.role.mapper.RoleMapper.selectRoleList - ==> Parameters: 10(Integer)
14:39:11.842 [http-nio-80-exec-7] DEBUG com.ruoyi.project.system.role.mapper.RoleMapper.selectRoleList - <==      Total: 2
14:39:13.526 [http-nio-80-exec-4] DEBUG com.ruoyi.project.system.dept.mapper.DeptMapper.selectDeptAll - ==>  Preparing: select dept_id, parent_id, dept_name, order_num, leader, phone, email, status, create_by, create_time from sys_dept 
14:39:13.526 [http-nio-80-exec-4] DEBUG com.ruoyi.project.system.dept.mapper.DeptMapper.selectDeptAll - ==> Parameters: 
14:39:13.529 [http-nio-80-exec-4] DEBUG com.ruoyi.project.system.dept.mapper.DeptMapper.selectDeptAll - <==      Total: 10
14:39:23.712 [http-nio-80-exec-8] DEBUG com.ruoyi.project.monitor.job.mapper.JobMapper.selectJobList_COUNT - ==>  Preparing: SELECT count(0) FROM sys_job 
14:39:23.712 [http-nio-80-exec-8] DEBUG com.ruoyi.project.monitor.job.mapper.JobMapper.selectJobList_COUNT - ==> Parameters: 
14:39:23.715 [http-nio-80-exec-8] DEBUG com.ruoyi.project.monitor.job.mapper.JobMapper.selectJobList_COUNT - <==      Total: 1
14:39:23.717 [http-nio-80-exec-8] DEBUG com.ruoyi.project.monitor.job.mapper.JobMapper.selectJobList - ==>  Preparing: SELECT job_id, job_name, job_group, method_name, params, cron_expression, status, create_by, create_time, remark FROM sys_job order by create_time asc LIMIT ? 
14:39:23.718 [http-nio-80-exec-8] DEBUG com.ruoyi.project.monitor.job.mapper.JobMapper.selectJobList - ==> Parameters: 10(Integer)
14:39:23.737 [http-nio-80-exec-8] DEBUG com.ruoyi.project.monitor.job.mapper.JobMapper.selectJobList - <==      Total: 3
14:39:39.560 [http-nio-80-exec-7] DEBUG com.ruoyi.project.monitor.online.mapper.UserOnlineMapper.saveOnline - ==>  Preparing: replace into sys_user_online(sessionId, login_name, dept_name, ipaddr, login_location, browser, os, status, start_timestsamp, last_access_time, expire_time) values (?, ?, ?, ?, ?, ?, ?, ?, ?, ?, ?) 
14:39:39.562 [http-nio-80-exec-7] DEBUG com.ruoyi.project.monitor.online.mapper.UserOnlineMapper.saveOnline - ==> Parameters: ea783dd1-413b-4dd7-8b6b-fe56c6b6aef6(String), admin(String), 研发一部(String), 127.0.0.1(String), XXXX内网IP(String), Chrome(String), Windows 7(String), on_line(String), 2018-06-12 14:38:31.493(Timestamp), 2018-06-12 14:39:39.488(Timestamp), 1800000(Long)
14:39:39.619 [http-nio-80-exec-7] DEBUG com.ruoyi.project.monitor.online.mapper.UserOnlineMapper.saveOnline - <==    Updates: 2
14:39:39.762 [http-nio-80-exec-10] DEBUG com.ruoyi.project.monitor.operlog.mapper.OperLogMapper.selectOperLogList_COUNT - ==>  Preparing: SELECT count(0) FROM sys_oper_log 
14:39:39.763 [http-nio-80-exec-10] DEBUG com.ruoyi.project.monitor.operlog.mapper.OperLogMapper.selectOperLogList_COUNT - ==> Parameters: 
14:39:39.842 [http-nio-80-exec-10] DEBUG com.ruoyi.project.monitor.operlog.mapper.OperLogMapper.selectOperLogList_COUNT - <==      Total: 1
14:39:39.845 [http-nio-80-exec-10] DEBUG com.ruoyi.project.monitor.operlog.mapper.OperLogMapper.selectOperLogList - ==>  Preparing: SELECT * FROM sys_oper_log order by oper_time desc LIMIT ? 
14:39:39.847 [http-nio-80-exec-10] DEBUG com.ruoyi.project.monitor.operlog.mapper.OperLogMapper.selectOperLogList - ==> Parameters: 10(Integer)
14:39:39.853 [http-nio-80-exec-10] DEBUG com.ruoyi.project.monitor.operlog.mapper.OperLogMapper.selectOperLogList - <==      Total: 10
14:39:45.409 [http-nio-80-exec-2] DEBUG com.ruoyi.project.system.dict.mapper.DictTypeMapper.selectDictTypeList_COUNT - ==>  Preparing: SELECT count(0) FROM sys_dict_type 
14:39:45.411 [http-nio-80-exec-2] DEBUG com.ruoyi.project.system.dict.mapper.DictTypeMapper.selectDictTypeList_COUNT - ==> Parameters: 
14:39:45.509 [http-nio-80-exec-2] DEBUG com.ruoyi.project.system.dict.mapper.DictTypeMapper.selectDictTypeList_COUNT - <==      Total: 1
14:39:45.513 [http-nio-80-exec-2] DEBUG com.ruoyi.project.system.dict.mapper.DictTypeMapper.selectDictTypeList - ==>  Preparing: SELECT dict_id, dict_name, dict_type, status, create_by, create_time, remark FROM sys_dict_type order by create_time asc LIMIT ? 
14:39:45.515 [http-nio-80-exec-2] DEBUG com.ruoyi.project.system.dict.mapper.DictTypeMapper.selectDictTypeList - ==> Parameters: 10(Integer)
14:39:45.521 [http-nio-80-exec-2] DEBUG com.ruoyi.project.system.dict.mapper.DictTypeMapper.selectDictTypeList - <==      Total: 8
14:39:49.074 [http-nio-80-exec-6] DEBUG com.ruoyi.project.system.dict.mapper.DictTypeMapper.selectDictTypeById - ==>  Preparing: select dict_id, dict_name, dict_type, status, create_by, create_time, remark from sys_dict_type where dict_id = ? 
14:39:49.075 [http-nio-80-exec-6] DEBUG com.ruoyi.project.system.dict.mapper.DictTypeMapper.selectDictTypeById - ==> Parameters: 7(Long)
14:39:49.076 [http-nio-80-exec-6] DEBUG com.ruoyi.project.system.dict.mapper.DictTypeMapper.selectDictTypeById - <==      Total: 1
14:39:49.168 [http-nio-80-exec-6] DEBUG com.ruoyi.project.monitor.operlog.mapper.OperLogMapper.insertOperlog - ==>  Preparing: insert into sys_oper_log(title, action, method, channel, login_name, dept_name, oper_url, oper_ip, oper_location, oper_param, status, error_msg, oper_time) values (?, ?, ?, ?, ?, ?, ?, ?, ?, ?, ?, ?, sysdate()) 
14:39:49.172 [http-nio-80-exec-6] DEBUG com.ruoyi.project.monitor.operlog.mapper.OperLogMapper.insertOperlog - ==> Parameters: 系统管理(String), 字典管理-查询字典数据(String), com.ruoyi.project.system.dict.controller.DictTypeController.detail()(String), web(String), admin(String), 研发一部(String), /system/dict/detail/7(String), 127.0.0.1(String), XXXX内网IP(String), {}(String), 0(Integer), null
14:39:49.323 [http-nio-80-exec-6] DEBUG com.ruoyi.project.monitor.operlog.mapper.OperLogMapper.insertOperlog - <==    Updates: 1
14:39:49.461 [http-nio-80-exec-5] DEBUG com.ruoyi.project.system.dict.mapper.DictDataMapper.selectDictDataList_COUNT - ==>  Preparing: SELECT count(0) FROM sys_dict_data WHERE dict_type = ? 
14:39:49.462 [http-nio-80-exec-5] DEBUG com.ruoyi.project.system.dict.mapper.DictDataMapper.selectDictDataList_COUNT - ==> Parameters: sys_yes_no(String)
14:39:49.520 [http-nio-80-exec-5] DEBUG com.ruoyi.project.system.dict.mapper.DictDataMapper.selectDictDataList_COUNT - <==      Total: 1
14:39:49.524 [http-nio-80-exec-5] DEBUG com.ruoyi.project.system.dict.mapper.DictDataMapper.selectDictDataList - ==>  Preparing: SELECT dict_code, dict_sort, dict_label, dict_value, dict_type, css_class, is_default, status, create_by, create_time, remark FROM sys_dict_data WHERE dict_type = ? order by create_time asc LIMIT ? 
14:39:49.526 [http-nio-80-exec-5] DEBUG com.ruoyi.project.system.dict.mapper.DictDataMapper.selectDictDataList - ==> Parameters: sys_yes_no(String), 10(Integer)
14:39:49.529 [http-nio-80-exec-5] DEBUG com.ruoyi.project.system.dict.mapper.DictDataMapper.selectDictDataList - <==      Total: 2
14:39:59.440 [http-nio-80-exec-7] DEBUG com.ruoyi.project.system.dict.mapper.DictTypeMapper.selectDictTypeById - ==>  Preparing: select dict_id, dict_name, dict_type, status, create_by, create_time, remark from sys_dict_type where dict_id = ? 
14:39:59.441 [http-nio-80-exec-7] DEBUG com.ruoyi.project.system.dict.mapper.DictTypeMapper.selectDictTypeById - ==> Parameters: 6(Long)
14:39:59.443 [http-nio-80-exec-7] DEBUG com.ruoyi.project.system.dict.mapper.DictTypeMapper.selectDictTypeById - <==      Total: 1
14:39:59.516 [http-nio-80-exec-7] DEBUG com.ruoyi.project.monitor.operlog.mapper.OperLogMapper.insertOperlog - ==>  Preparing: insert into sys_oper_log(title, action, method, channel, login_name, dept_name, oper_url, oper_ip, oper_location, oper_param, status, error_msg, oper_time) values (?, ?, ?, ?, ?, ?, ?, ?, ?, ?, ?, ?, sysdate()) 
14:39:59.517 [http-nio-80-exec-7] DEBUG com.ruoyi.project.monitor.operlog.mapper.OperLogMapper.insertOperlog - ==> Parameters: 系统管理(String), 字典管理-查询字典数据(String), com.ruoyi.project.system.dict.controller.DictTypeController.detail()(String), web(String), admin(String), 研发一部(String), /system/dict/detail/6(String), 127.0.0.1(String), XXXX内网IP(String), {}(String), 0(Integer), null
14:39:59.586 [http-nio-80-exec-7] DEBUG com.ruoyi.project.monitor.operlog.mapper.OperLogMapper.insertOperlog - <==    Updates: 1
14:39:59.718 [http-nio-80-exec-3] DEBUG com.ruoyi.project.system.dict.mapper.DictDataMapper.selectDictDataList_COUNT - ==>  Preparing: SELECT count(0) FROM sys_dict_data WHERE dict_type = ? 
14:39:59.719 [http-nio-80-exec-3] DEBUG com.ruoyi.project.system.dict.mapper.DictDataMapper.selectDictDataList_COUNT - ==> Parameters: sys_job_status(String)
14:39:59.721 [http-nio-80-exec-3] DEBUG com.ruoyi.project.system.dict.mapper.DictDataMapper.selectDictDataList_COUNT - <==      Total: 1
14:39:59.723 [http-nio-80-exec-3] DEBUG com.ruoyi.project.system.dict.mapper.DictDataMapper.selectDictDataList - ==>  Preparing: SELECT dict_code, dict_sort, dict_label, dict_value, dict_type, css_class, is_default, status, create_by, create_time, remark FROM sys_dict_data WHERE dict_type = ? order by create_time asc LIMIT ? 
14:39:59.723 [http-nio-80-exec-3] DEBUG com.ruoyi.project.system.dict.mapper.DictDataMapper.selectDictDataList - ==> Parameters: sys_job_status(String), 10(Integer)
14:39:59.725 [http-nio-80-exec-3] DEBUG com.ruoyi.project.system.dict.mapper.DictDataMapper.selectDictDataList - <==      Total: 2
14:40:06.919 [http-nio-80-exec-10] DEBUG com.ruoyi.project.system.dict.mapper.DictTypeMapper.selectDictTypeById - ==>  Preparing: select dict_id, dict_name, dict_type, status, create_by, create_time, remark from sys_dict_type where dict_id = ? 
14:40:06.920 [http-nio-80-exec-10] DEBUG com.ruoyi.project.system.dict.mapper.DictTypeMapper.selectDictTypeById - ==> Parameters: 5(Long)
14:40:06.923 [http-nio-80-exec-10] DEBUG com.ruoyi.project.system.dict.mapper.DictTypeMapper.selectDictTypeById - <==      Total: 1
14:40:06.999 [http-nio-80-exec-10] DEBUG com.ruoyi.project.monitor.operlog.mapper.OperLogMapper.insertOperlog - ==>  Preparing: insert into sys_oper_log(title, action, method, channel, login_name, dept_name, oper_url, oper_ip, oper_location, oper_param, status, error_msg, oper_time) values (?, ?, ?, ?, ?, ?, ?, ?, ?, ?, ?, ?, sysdate()) 
14:40:07.002 [http-nio-80-exec-10] DEBUG com.ruoyi.project.monitor.operlog.mapper.OperLogMapper.insertOperlog - ==> Parameters: 系统管理(String), 字典管理-查询字典数据(String), com.ruoyi.project.system.dict.controller.DictTypeController.detail()(String), web(String), admin(String), 研发一部(String), /system/dict/detail/5(String), 127.0.0.1(String), XXXX内网IP(String), {}(String), 0(Integer), null
14:40:07.071 [http-nio-80-exec-10] DEBUG com.ruoyi.project.monitor.operlog.mapper.OperLogMapper.insertOperlog - <==    Updates: 1
14:40:07.189 [http-nio-80-exec-9] DEBUG com.ruoyi.project.system.dict.mapper.DictDataMapper.selectDictDataList_COUNT - ==>  Preparing: SELECT count(0) FROM sys_dict_data WHERE dict_type = ? 
14:40:07.190 [http-nio-80-exec-9] DEBUG com.ruoyi.project.system.dict.mapper.DictDataMapper.selectDictDataList_COUNT - ==> Parameters: sys_dict_status(String)
14:40:07.191 [http-nio-80-exec-9] DEBUG com.ruoyi.project.system.dict.mapper.DictDataMapper.selectDictDataList_COUNT - <==      Total: 1
14:40:07.192 [http-nio-80-exec-9] DEBUG com.ruoyi.project.system.dict.mapper.DictDataMapper.selectDictDataList - ==>  Preparing: SELECT dict_code, dict_sort, dict_label, dict_value, dict_type, css_class, is_default, status, create_by, create_time, remark FROM sys_dict_data WHERE dict_type = ? order by create_time asc LIMIT ? 
14:40:07.193 [http-nio-80-exec-9] DEBUG com.ruoyi.project.system.dict.mapper.DictDataMapper.selectDictDataList - ==> Parameters: sys_dict_status(String), 10(Integer)
14:40:07.194 [http-nio-80-exec-9] DEBUG com.ruoyi.project.system.dict.mapper.DictDataMapper.selectDictDataList - <==      Total: 2
14:40:12.333 [http-nio-80-exec-2] DEBUG com.ruoyi.project.system.dict.mapper.DictTypeMapper.selectDictTypeById - ==>  Preparing: select dict_id, dict_name, dict_type, status, create_by, create_time, remark from sys_dict_type where dict_id = ? 
14:40:12.334 [http-nio-80-exec-2] DEBUG com.ruoyi.project.system.dict.mapper.DictTypeMapper.selectDictTypeById - ==> Parameters: 4(Long)
14:40:12.337 [http-nio-80-exec-2] DEBUG com.ruoyi.project.system.dict.mapper.DictTypeMapper.selectDictTypeById - <==      Total: 1
14:40:12.410 [http-nio-80-exec-2] DEBUG com.ruoyi.project.monitor.operlog.mapper.OperLogMapper.insertOperlog - ==>  Preparing: insert into sys_oper_log(title, action, method, channel, login_name, dept_name, oper_url, oper_ip, oper_location, oper_param, status, error_msg, oper_time) values (?, ?, ?, ?, ?, ?, ?, ?, ?, ?, ?, ?, sysdate()) 
14:40:12.412 [http-nio-80-exec-2] DEBUG com.ruoyi.project.monitor.operlog.mapper.OperLogMapper.insertOperlog - ==> Parameters: 系统管理(String), 字典管理-查询字典数据(String), com.ruoyi.project.system.dict.controller.DictTypeController.detail()(String), web(String), admin(String), 研发一部(String), /system/dict/detail/4(String), 127.0.0.1(String), XXXX内网IP(String), {}(String), 0(Integer), null
14:40:12.483 [http-nio-80-exec-2] DEBUG com.ruoyi.project.monitor.operlog.mapper.OperLogMapper.insertOperlog - <==    Updates: 1
14:40:12.579 [http-nio-80-exec-1] DEBUG com.ruoyi.project.system.dict.mapper.DictDataMapper.selectDictDataList_COUNT - ==>  Preparing: SELECT count(0) FROM sys_dict_data WHERE dict_type = ? 
14:40:12.579 [http-nio-80-exec-1] DEBUG com.ruoyi.project.system.dict.mapper.DictDataMapper.selectDictDataList_COUNT - ==> Parameters: sys_post_status(String)
14:40:12.580 [http-nio-80-exec-1] DEBUG com.ruoyi.project.system.dict.mapper.DictDataMapper.selectDictDataList_COUNT - <==      Total: 1
14:40:12.582 [http-nio-80-exec-1] DEBUG com.ruoyi.project.system.dict.mapper.DictDataMapper.selectDictDataList - ==>  Preparing: SELECT dict_code, dict_sort, dict_label, dict_value, dict_type, css_class, is_default, status, create_by, create_time, remark FROM sys_dict_data WHERE dict_type = ? order by create_time asc LIMIT ? 
14:40:12.582 [http-nio-80-exec-1] DEBUG com.ruoyi.project.system.dict.mapper.DictDataMapper.selectDictDataList - ==> Parameters: sys_post_status(String), 10(Integer)
14:40:12.584 [http-nio-80-exec-1] DEBUG com.ruoyi.project.system.dict.mapper.DictDataMapper.selectDictDataList - <==      Total: 2
14:40:16.488 [http-nio-80-exec-10] DEBUG com.ruoyi.project.system.dict.mapper.DictTypeMapper.selectDictTypeById - ==>  Preparing: select dict_id, dict_name, dict_type, status, create_by, create_time, remark from sys_dict_type where dict_id = ? 
14:40:16.488 [http-nio-80-exec-10] DEBUG com.ruoyi.project.system.dict.mapper.DictTypeMapper.selectDictTypeById - ==> Parameters: 3(Long)
14:40:16.489 [http-nio-80-exec-10] DEBUG com.ruoyi.project.system.dict.mapper.DictTypeMapper.selectDictTypeById - <==      Total: 1
14:40:16.525 [http-nio-80-exec-10] DEBUG com.ruoyi.project.monitor.operlog.mapper.OperLogMapper.insertOperlog - ==>  Preparing: insert into sys_oper_log(title, action, method, channel, login_name, dept_name, oper_url, oper_ip, oper_location, oper_param, status, error_msg, oper_time) values (?, ?, ?, ?, ?, ?, ?, ?, ?, ?, ?, ?, sysdate()) 
14:40:16.527 [http-nio-80-exec-10] DEBUG com.ruoyi.project.monitor.operlog.mapper.OperLogMapper.insertOperlog - ==> Parameters: 系统管理(String), 字典管理-查询字典数据(String), com.ruoyi.project.system.dict.controller.DictTypeController.detail()(String), web(String), admin(String), 研发一部(String), /system/dict/detail/3(String), 127.0.0.1(String), XXXX内网IP(String), {}(String), 0(Integer), null
14:40:16.587 [http-nio-80-exec-10] DEBUG com.ruoyi.project.monitor.operlog.mapper.OperLogMapper.insertOperlog - <==    Updates: 1
14:40:16.681 [http-nio-80-exec-7] DEBUG com.ruoyi.project.system.dict.mapper.DictDataMapper.selectDictDataList_COUNT - ==>  Preparing: SELECT count(0) FROM sys_dict_data WHERE dict_type = ? 
14:40:16.681 [http-nio-80-exec-7] DEBUG com.ruoyi.project.system.dict.mapper.DictDataMapper.selectDictDataList_COUNT - ==> Parameters: sys_dept_status(String)
14:40:16.682 [http-nio-80-exec-7] DEBUG com.ruoyi.project.system.dict.mapper.DictDataMapper.selectDictDataList_COUNT - <==      Total: 1
14:40:16.683 [http-nio-80-exec-7] DEBUG com.ruoyi.project.system.dict.mapper.DictDataMapper.selectDictDataList - ==>  Preparing: SELECT dict_code, dict_sort, dict_label, dict_value, dict_type, css_class, is_default, status, create_by, create_time, remark FROM sys_dict_data WHERE dict_type = ? order by create_time asc LIMIT ? 
14:40:16.684 [http-nio-80-exec-7] DEBUG com.ruoyi.project.system.dict.mapper.DictDataMapper.selectDictDataList - ==> Parameters: sys_dept_status(String), 10(Integer)
14:40:16.686 [http-nio-80-exec-7] DEBUG com.ruoyi.project.system.dict.mapper.DictDataMapper.selectDictDataList - <==      Total: 2
14:40:20.016 [http-nio-80-exec-3] DEBUG com.ruoyi.project.system.dict.mapper.DictTypeMapper.selectDictTypeById - ==>  Preparing: select dict_id, dict_name, dict_type, status, create_by, create_time, remark from sys_dict_type where dict_id = ? 
14:40:20.017 [http-nio-80-exec-3] DEBUG com.ruoyi.project.system.dict.mapper.DictTypeMapper.selectDictTypeById - ==> Parameters: 2(Long)
14:40:20.019 [http-nio-80-exec-3] DEBUG com.ruoyi.project.system.dict.mapper.DictTypeMapper.selectDictTypeById - <==      Total: 1
14:40:20.055 [http-nio-80-exec-3] DEBUG com.ruoyi.project.monitor.operlog.mapper.OperLogMapper.insertOperlog - ==>  Preparing: insert into sys_oper_log(title, action, method, channel, login_name, dept_name, oper_url, oper_ip, oper_location, oper_param, status, error_msg, oper_time) values (?, ?, ?, ?, ?, ?, ?, ?, ?, ?, ?, ?, sysdate()) 
14:40:20.056 [http-nio-80-exec-3] DEBUG com.ruoyi.project.monitor.operlog.mapper.OperLogMapper.insertOperlog - ==> Parameters: 系统管理(String), 字典管理-查询字典数据(String), com.ruoyi.project.system.dict.controller.DictTypeController.detail()(String), web(String), admin(String), 研发一部(String), /system/dict/detail/2(String), 127.0.0.1(String), XXXX内网IP(String), {}(String), 0(Integer), null
14:40:20.126 [http-nio-80-exec-3] DEBUG com.ruoyi.project.monitor.operlog.mapper.OperLogMapper.insertOperlog - <==    Updates: 1
14:40:20.273 [http-nio-80-exec-4] DEBUG com.ruoyi.project.system.dict.mapper.DictDataMapper.selectDictDataList_COUNT - ==>  Preparing: SELECT count(0) FROM sys_dict_data WHERE dict_type = ? 
14:40:20.273 [http-nio-80-exec-4] DEBUG com.ruoyi.project.system.dict.mapper.DictDataMapper.selectDictDataList_COUNT - ==> Parameters: sys_menu_visible(String)
14:40:20.274 [http-nio-80-exec-4] DEBUG com.ruoyi.project.system.dict.mapper.DictDataMapper.selectDictDataList_COUNT - <==      Total: 1
14:40:20.276 [http-nio-80-exec-4] DEBUG com.ruoyi.project.system.dict.mapper.DictDataMapper.selectDictDataList - ==>  Preparing: SELECT dict_code, dict_sort, dict_label, dict_value, dict_type, css_class, is_default, status, create_by, create_time, remark FROM sys_dict_data WHERE dict_type = ? order by create_time asc LIMIT ? 
14:40:20.276 [http-nio-80-exec-4] DEBUG com.ruoyi.project.system.dict.mapper.DictDataMapper.selectDictDataList - ==> Parameters: sys_menu_visible(String), 10(Integer)
14:40:20.278 [http-nio-80-exec-4] DEBUG com.ruoyi.project.system.dict.mapper.DictDataMapper.selectDictDataList - <==      Total: 2
14:40:23.647 [http-nio-80-exec-9] DEBUG com.ruoyi.project.system.dict.mapper.DictTypeMapper.selectDictTypeById - ==>  Preparing: select dict_id, dict_name, dict_type, status, create_by, create_time, remark from sys_dict_type where dict_id = ? 
14:40:23.648 [http-nio-80-exec-9] DEBUG com.ruoyi.project.system.dict.mapper.DictTypeMapper.selectDictTypeById - ==> Parameters: 1(Long)
14:40:23.650 [http-nio-80-exec-9] DEBUG com.ruoyi.project.system.dict.mapper.DictTypeMapper.selectDictTypeById - <==      Total: 1
14:40:23.694 [http-nio-80-exec-9] DEBUG com.ruoyi.project.monitor.operlog.mapper.OperLogMapper.insertOperlog - ==>  Preparing: insert into sys_oper_log(title, action, method, channel, login_name, dept_name, oper_url, oper_ip, oper_location, oper_param, status, error_msg, oper_time) values (?, ?, ?, ?, ?, ?, ?, ?, ?, ?, ?, ?, sysdate()) 
14:40:23.695 [http-nio-80-exec-9] DEBUG com.ruoyi.project.monitor.operlog.mapper.OperLogMapper.insertOperlog - ==> Parameters: 系统管理(String), 字典管理-查询字典数据(String), com.ruoyi.project.system.dict.controller.DictTypeController.detail()(String), web(String), admin(String), 研发一部(String), /system/dict/detail/1(String), 127.0.0.1(String), XXXX内网IP(String), {}(String), 0(Integer), null
14:40:23.791 [http-nio-80-exec-9] DEBUG com.ruoyi.project.monitor.operlog.mapper.OperLogMapper.insertOperlog - <==    Updates: 1
14:40:23.880 [http-nio-80-exec-6] DEBUG com.ruoyi.project.system.dict.mapper.DictDataMapper.selectDictDataList_COUNT - ==>  Preparing: SELECT count(0) FROM sys_dict_data WHERE dict_type = ? 
14:40:23.880 [http-nio-80-exec-6] DEBUG com.ruoyi.project.system.dict.mapper.DictDataMapper.selectDictDataList_COUNT - ==> Parameters: sys_user_sex(String)
14:40:23.882 [http-nio-80-exec-6] DEBUG com.ruoyi.project.system.dict.mapper.DictDataMapper.selectDictDataList_COUNT - <==      Total: 1
14:40:23.884 [http-nio-80-exec-6] DEBUG com.ruoyi.project.system.dict.mapper.DictDataMapper.selectDictDataList - ==>  Preparing: SELECT dict_code, dict_sort, dict_label, dict_value, dict_type, css_class, is_default, status, create_by, create_time, remark FROM sys_dict_data WHERE dict_type = ? order by create_time asc LIMIT ? 
14:40:23.885 [http-nio-80-exec-6] DEBUG com.ruoyi.project.system.dict.mapper.DictDataMapper.selectDictDataList - ==> Parameters: sys_user_sex(String), 10(Integer)
14:40:23.886 [http-nio-80-exec-6] DEBUG com.ruoyi.project.system.dict.mapper.DictDataMapper.selectDictDataList - <==      Total: 3
14:40:27.891 [http-nio-80-exec-1] DEBUG com.ruoyi.project.system.dict.mapper.DictDataMapper.selectDictDataById - ==>  Preparing: select dict_code, dict_sort, dict_label, dict_value, dict_type, css_class, is_default, status, create_by, create_time, remark from sys_dict_data where dict_code = ? 
14:40:27.893 [http-nio-80-exec-1] DEBUG com.ruoyi.project.system.dict.mapper.DictDataMapper.selectDictDataById - ==> Parameters: 3(Long)
14:40:27.901 [http-nio-80-exec-1] DEBUG com.ruoyi.project.system.dict.mapper.DictDataMapper.selectDictDataById - <==      Total: 1
14:40:27.939 [http-nio-80-exec-1] DEBUG com.ruoyi.project.monitor.operlog.mapper.OperLogMapper.insertOperlog - ==>  Preparing: insert into sys_oper_log(title, action, method, channel, login_name, dept_name, oper_url, oper_ip, oper_location, oper_param, status, error_msg, oper_time) values (?, ?, ?, ?, ?, ?, ?, ?, ?, ?, ?, ?, sysdate()) 
14:40:27.939 [http-nio-80-exec-1] DEBUG com.ruoyi.project.monitor.operlog.mapper.OperLogMapper.insertOperlog - ==> Parameters: 系统管理(String), 字典管理-修改字典数据(String), com.ruoyi.project.system.dict.controller.DictDataController.edit()(String), web(String), admin(String), 研发一部(String), /system/dict/data/edit/3(String), 127.0.0.1(String), XXXX内网IP(String), {}(String), 0(Integer), null
14:40:28.005 [http-nio-80-exec-1] DEBUG com.ruoyi.project.monitor.operlog.mapper.OperLogMapper.insertOperlog - <==    Updates: 1
14:40:28.020 [http-nio-80-exec-1] DEBUG com.ruoyi.project.system.dict.mapper.DictDataMapper.selectDictDataByType - ==>  Preparing: select dict_code, dict_sort, dict_label, dict_value, dict_type, css_class, is_default, status, create_by, create_time, remark from sys_dict_data where dict_type = ? order by dict_sort asc 
14:40:28.021 [http-nio-80-exec-1] DEBUG com.ruoyi.project.system.dict.mapper.DictDataMapper.selectDictDataByType - ==> Parameters: sys_yes_no(String)
14:40:28.022 [http-nio-80-exec-1] DEBUG com.ruoyi.project.system.dict.mapper.DictDataMapper.selectDictDataByType - <==      Total: 2
14:40:28.307 [http-nio-80-exec-1] DEBUG com.ruoyi.project.system.dict.mapper.DictDataMapper.selectDictDataByType - ==>  Preparing: select dict_code, dict_sort, dict_label, dict_value, dict_type, css_class, is_default, status, create_by, create_time, remark from sys_dict_data where dict_type = ? order by dict_sort asc 
14:40:28.308 [http-nio-80-exec-1] DEBUG com.ruoyi.project.system.dict.mapper.DictDataMapper.selectDictDataByType - ==> Parameters: sys_dict_status(String)
14:40:28.312 [http-nio-80-exec-1] DEBUG com.ruoyi.project.system.dict.mapper.DictDataMapper.selectDictDataByType - <==      Total: 2
14:40:38.936 [http-nio-80-exec-8] DEBUG com.ruoyi.project.system.dict.mapper.DictTypeMapper.selectDictTypeById - ==>  Preparing: select dict_id, dict_name, dict_type, status, create_by, create_time, remark from sys_dict_type where dict_id = ? 
14:40:38.938 [http-nio-80-exec-8] DEBUG com.ruoyi.project.system.dict.mapper.DictTypeMapper.selectDictTypeById - ==> Parameters: 8(Long)
14:40:38.944 [http-nio-80-exec-8] DEBUG com.ruoyi.project.system.dict.mapper.DictTypeMapper.selectDictTypeById - <==      Total: 1
14:40:39.016 [http-nio-80-exec-8] DEBUG com.ruoyi.project.monitor.operlog.mapper.OperLogMapper.insertOperlog - ==>  Preparing: insert into sys_oper_log(title, action, method, channel, login_name, dept_name, oper_url, oper_ip, oper_location, oper_param, status, error_msg, oper_time) values (?, ?, ?, ?, ?, ?, ?, ?, ?, ?, ?, ?, sysdate()) 
14:40:39.018 [http-nio-80-exec-8] DEBUG com.ruoyi.project.monitor.operlog.mapper.OperLogMapper.insertOperlog - ==> Parameters: 系统管理(String), 字典管理-查询字典数据(String), com.ruoyi.project.system.dict.controller.DictTypeController.detail()(String), web(String), admin(String), 研发一部(String), /system/dict/detail/8(String), 127.0.0.1(String), XXXX内网IP(String), {}(String), 0(Integer), null
14:40:39.085 [http-nio-80-exec-8] DEBUG com.ruoyi.project.monitor.operlog.mapper.OperLogMapper.insertOperlog - <==    Updates: 1
14:40:39.171 [http-nio-80-exec-7] DEBUG com.ruoyi.project.system.dict.mapper.DictDataMapper.selectDictDataList_COUNT - ==>  Preparing: SELECT count(0) FROM sys_dict_data WHERE dict_type = ? 
14:40:39.171 [http-nio-80-exec-7] DEBUG com.ruoyi.project.system.dict.mapper.DictDataMapper.selectDictDataList_COUNT - ==> Parameters: sys_menu_openmode(String)
14:40:39.172 [http-nio-80-exec-7] DEBUG com.ruoyi.project.system.dict.mapper.DictDataMapper.selectDictDataList_COUNT - <==      Total: 1
14:40:39.174 [http-nio-80-exec-7] DEBUG com.ruoyi.project.system.dict.mapper.DictDataMapper.selectDictDataList - ==>  Preparing: SELECT dict_code, dict_sort, dict_label, dict_value, dict_type, css_class, is_default, status, create_by, create_time, remark FROM sys_dict_data WHERE dict_type = ? order by create_time asc LIMIT ? 
14:40:39.175 [http-nio-80-exec-7] DEBUG com.ruoyi.project.system.dict.mapper.DictDataMapper.selectDictDataList - ==> Parameters: sys_menu_openmode(String), 10(Integer)
14:40:39.176 [http-nio-80-exec-7] DEBUG com.ruoyi.project.system.dict.mapper.DictDataMapper.selectDictDataList - <==      Total: 2
14:40:41.870 [http-nio-80-exec-9] DEBUG com.ruoyi.project.monitor.online.mapper.UserOnlineMapper.saveOnline - ==>  Preparing: replace into sys_user_online(sessionId, login_name, dept_name, ipaddr, login_location, browser, os, status, start_timestsamp, last_access_time, expire_time) values (?, ?, ?, ?, ?, ?, ?, ?, ?, ?, ?) 
14:40:41.870 [http-nio-80-exec-9] DEBUG com.ruoyi.project.monitor.online.mapper.UserOnlineMapper.saveOnline - ==> Parameters: ea783dd1-413b-4dd7-8b6b-fe56c6b6aef6(String), admin(String), 研发一部(String), 127.0.0.1(String), XXXX内网IP(String), Chrome(String), Windows 7(String), on_line(String), 2018-06-12 14:38:31.493(Timestamp), 2018-06-12 14:40:41.832(Timestamp), 1800000(Long)
14:40:41.924 [http-nio-80-exec-9] DEBUG com.ruoyi.project.monitor.online.mapper.UserOnlineMapper.saveOnline - <==    Updates: 2
14:40:41.931 [http-nio-80-exec-9] DEBUG com.ruoyi.project.system.dict.mapper.DictDataMapper.selectDictDataById - ==>  Preparing: select dict_code, dict_sort, dict_label, dict_value, dict_type, css_class, is_default, status, create_by, create_time, remark from sys_dict_data where dict_code = ? 
14:40:41.932 [http-nio-80-exec-9] DEBUG com.ruoyi.project.system.dict.mapper.DictDataMapper.selectDictDataById - ==> Parameters: 18(Long)
14:40:41.936 [http-nio-80-exec-9] DEBUG com.ruoyi.project.system.dict.mapper.DictDataMapper.selectDictDataById - <==      Total: 1
14:40:43.950 [http-nio-80-exec-9] DEBUG com.ruoyi.project.monitor.operlog.mapper.OperLogMapper.insertOperlog - ==>  Preparing: insert into sys_oper_log(title, action, method, channel, login_name, dept_name, oper_url, oper_ip, oper_location, oper_param, status, error_msg, oper_time) values (?, ?, ?, ?, ?, ?, ?, ?, ?, ?, ?, ?, sysdate()) 
14:40:43.952 [http-nio-80-exec-9] DEBUG com.ruoyi.project.monitor.operlog.mapper.OperLogMapper.insertOperlog - ==> Parameters: 系统管理(String), 字典管理-修改字典数据(String), com.ruoyi.project.system.dict.controller.DictDataController.edit()(String), web(String), admin(String), 研发一部(String), /system/dict/data/edit/18(String), 127.0.0.1(String), null, {}(String), 0(Integer), null
14:40:44.022 [http-nio-80-exec-9] DEBUG com.ruoyi.project.monitor.operlog.mapper.OperLogMapper.insertOperlog - <==    Updates: 1
14:40:44.033 [http-nio-80-exec-9] DEBUG com.ruoyi.project.system.dict.mapper.DictDataMapper.selectDictDataByType - ==>  Preparing: select dict_code, dict_sort, dict_label, dict_value, dict_type, css_class, is_default, status, create_by, create_time, remark from sys_dict_data where dict_type = ? order by dict_sort asc 
14:40:44.034 [http-nio-80-exec-9] DEBUG com.ruoyi.project.system.dict.mapper.DictDataMapper.selectDictDataByType - ==> Parameters: sys_yes_no(String)
14:40:44.037 [http-nio-80-exec-9] DEBUG com.ruoyi.project.system.dict.mapper.DictDataMapper.selectDictDataByType - <==      Total: 2
14:40:44.042 [http-nio-80-exec-9] DEBUG com.ruoyi.project.system.dict.mapper.DictDataMapper.selectDictDataByType - ==>  Preparing: select dict_code, dict_sort, dict_label, dict_value, dict_type, css_class, is_default, status, create_by, create_time, remark from sys_dict_data where dict_type = ? order by dict_sort asc 
14:40:44.044 [http-nio-80-exec-9] DEBUG com.ruoyi.project.system.dict.mapper.DictDataMapper.selectDictDataByType - ==> Parameters: sys_dict_status(String)
14:40:44.046 [http-nio-80-exec-9] DEBUG com.ruoyi.project.system.dict.mapper.DictDataMapper.selectDictDataByType - <==      Total: 2
14:40:49.052 [http-nio-80-exec-3] DEBUG com.ruoyi.project.system.dict.mapper.DictDataMapper.updateDictData - ==>  Preparing: update sys_dict_data SET dict_sort = ?, dict_label = ?, dict_value = ?, css_class = ?, is_default = ?, status = ?, update_by = ?, update_time = sysdate() where 1=1 and dict_code = ? 
14:40:49.054 [http-nio-80-exec-3] DEBUG com.ruoyi.project.system.dict.mapper.DictDataMapper.updateDictData - ==> Parameters: 2(Long), 新窗口(String), _blank(String), radio radio-warning radio-inline(String), N(String), 0(Integer), admin(String), 18(Long)
14:40:49.201 [http-nio-80-exec-3] DEBUG com.ruoyi.project.system.dict.mapper.DictDataMapper.updateDictData - <==    Updates: 1
14:40:49.288 [http-nio-80-exec-3] DEBUG com.ruoyi.project.monitor.operlog.mapper.OperLogMapper.insertOperlog - ==>  Preparing: insert into sys_oper_log(title, action, method, channel, login_name, dept_name, oper_url, oper_ip, oper_location, oper_param, status, error_msg, oper_time) values (?, ?, ?, ?, ?, ?, ?, ?, ?, ?, ?, ?, sysdate()) 
14:40:49.289 [http-nio-80-exec-3] DEBUG com.ruoyi.project.monitor.operlog.mapper.OperLogMapper.insertOperlog - ==> Parameters: 系统管理(String), 字典管理-保存字典数据(String), com.ruoyi.project.system.dict.controller.DictDataController.save()(String), web(String), admin(String), 研发一部(String), /system/dict/data/save(String), 127.0.0.1(String), XXXX内网IP(String), {"dictCode":["18"],"dictLabel":["新窗口"],"dictValue":["_blank"],"cssClass":["radio radio-warning radio-inline"],"isDefault":["N"],"dictSort":["2"],"status":["0"],"remark":[""]}(String), 0(Integer), null
14:40:49.403 [http-nio-80-exec-3] DEBUG com.ruoyi.project.monitor.operlog.mapper.OperLogMapper.insertOperlog - <==    Updates: 1
14:40:50.134 [http-nio-80-exec-6] DEBUG com.ruoyi.project.system.dict.mapper.DictTypeMapper.selectDictTypeById - ==>  Preparing: select dict_id, dict_name, dict_type, status, create_by, create_time, remark from sys_dict_type where dict_id = ? 
14:40:50.135 [http-nio-80-exec-6] DEBUG com.ruoyi.project.system.dict.mapper.DictTypeMapper.selectDictTypeById - ==> Parameters: 8(Long)
14:40:50.138 [http-nio-80-exec-6] DEBUG com.ruoyi.project.system.dict.mapper.DictTypeMapper.selectDictTypeById - <==      Total: 1
14:40:50.176 [http-nio-80-exec-6] DEBUG com.ruoyi.project.monitor.operlog.mapper.OperLogMapper.insertOperlog - ==>  Preparing: insert into sys_oper_log(title, action, method, channel, login_name, dept_name, oper_url, oper_ip, oper_location, oper_param, status, error_msg, oper_time) values (?, ?, ?, ?, ?, ?, ?, ?, ?, ?, ?, ?, sysdate()) 
14:40:50.177 [http-nio-80-exec-6] DEBUG com.ruoyi.project.monitor.operlog.mapper.OperLogMapper.insertOperlog - ==> Parameters: 系统管理(String), 字典管理-查询字典数据(String), com.ruoyi.project.system.dict.controller.DictTypeController.detail()(String), web(String), admin(String), 研发一部(String), /system/dict/detail/8(String), 127.0.0.1(String), XXXX内网IP(String), {}(String), 0(Integer), null
14:40:50.225 [http-nio-80-exec-6] DEBUG com.ruoyi.project.monitor.operlog.mapper.OperLogMapper.insertOperlog - <==    Updates: 1
14:40:50.306 [http-nio-80-exec-5] DEBUG com.ruoyi.project.system.dict.mapper.DictDataMapper.selectDictDataList_COUNT - ==>  Preparing: SELECT count(0) FROM sys_dict_data WHERE dict_type = ? 
14:40:50.306 [http-nio-80-exec-5] DEBUG com.ruoyi.project.system.dict.mapper.DictDataMapper.selectDictDataList_COUNT - ==> Parameters: sys_menu_openmode(String)
14:40:50.307 [http-nio-80-exec-5] DEBUG com.ruoyi.project.system.dict.mapper.DictDataMapper.selectDictDataList_COUNT - <==      Total: 1
14:40:50.308 [http-nio-80-exec-5] DEBUG com.ruoyi.project.system.dict.mapper.DictDataMapper.selectDictDataList - ==>  Preparing: SELECT dict_code, dict_sort, dict_label, dict_value, dict_type, css_class, is_default, status, create_by, create_time, remark FROM sys_dict_data WHERE dict_type = ? order by create_time asc LIMIT ? 
14:40:50.309 [http-nio-80-exec-5] DEBUG com.ruoyi.project.system.dict.mapper.DictDataMapper.selectDictDataList - ==> Parameters: sys_menu_openmode(String), 10(Integer)
14:40:50.310 [http-nio-80-exec-5] DEBUG com.ruoyi.project.system.dict.mapper.DictDataMapper.selectDictDataList - <==      Total: 2
14:40:59.153 [http-nio-80-exec-3] DEBUG com.ruoyi.project.system.menu.mapper.MenuMapper.selectMenuAll - ==>  Preparing: select menu_id, menu_name, parent_id, order_num, url, menu_type, visible, perms, icon, create_by, create_time from sys_menu order by order_num 
14:40:59.154 [http-nio-80-exec-3] DEBUG com.ruoyi.project.system.menu.mapper.MenuMapper.selectMenuAll - ==> Parameters: 
14:40:59.161 [http-nio-80-exec-3] DEBUG com.ruoyi.project.system.menu.mapper.MenuMapper.selectMenuAll - <==      Total: 78
14:41:04.600 [http-nio-80-exec-10] DEBUG com.ruoyi.project.system.menu.mapper.MenuMapper.selectMenuById - ==>  Preparing: SELECT t.menu_id, t.parent_id, t.menu_name, t.order_num, t.url, t.menu_type, t.visible, t.perms, t.icon, t.remark, t.open_mode, (SELECT menu_name FROM sys_menu WHERE menu_id = t.parent_id) parent_name FROM sys_menu t where t.menu_id = ? 
14:41:04.602 [http-nio-80-exec-10] DEBUG com.ruoyi.project.system.menu.mapper.MenuMapper.selectMenuById - ==> Parameters: 4(Long)
14:41:04.605 [http-nio-80-exec-10] DEBUG com.ruoyi.project.system.menu.mapper.MenuMapper.selectMenuById - <==      Total: 1
14:41:04.678 [http-nio-80-exec-10] DEBUG com.ruoyi.project.monitor.operlog.mapper.OperLogMapper.insertOperlog - ==>  Preparing: insert into sys_oper_log(title, action, method, channel, login_name, dept_name, oper_url, oper_ip, oper_location, oper_param, status, error_msg, oper_time) values (?, ?, ?, ?, ?, ?, ?, ?, ?, ?, ?, ?, sysdate()) 
14:41:04.680 [http-nio-80-exec-10] DEBUG com.ruoyi.project.monitor.operlog.mapper.OperLogMapper.insertOperlog - ==> Parameters: 系统管理(String), 菜单管理-修改菜单(String), com.ruoyi.project.system.menu.controller.MenuController.edit()(String), web(String), admin(String), 研发一部(String), /system/menu/edit/4(String), 127.0.0.1(String), XXXX内网IP(String), {}(String), 0(Integer), null
14:41:04.750 [http-nio-80-exec-10] DEBUG com.ruoyi.project.monitor.operlog.mapper.OperLogMapper.insertOperlog - <==    Updates: 1
14:41:04.796 [http-nio-80-exec-10] DEBUG com.ruoyi.project.system.dict.mapper.DictDataMapper.selectDictDataByType - ==>  Preparing: select dict_code, dict_sort, dict_label, dict_value, dict_type, css_class, is_default, status, create_by, create_time, remark from sys_dict_data where dict_type = ? order by dict_sort asc 
14:41:04.796 [http-nio-80-exec-10] DEBUG com.ruoyi.project.system.dict.mapper.DictDataMapper.selectDictDataByType - ==> Parameters: sys_menu_visible(String)
14:41:04.798 [http-nio-80-exec-10] DEBUG com.ruoyi.project.system.dict.mapper.DictDataMapper.selectDictDataByType - <==      Total: 2
14:41:04.802 [http-nio-80-exec-10] DEBUG com.ruoyi.project.system.dict.mapper.DictDataMapper.selectDictDataByType - ==>  Preparing: select dict_code, dict_sort, dict_label, dict_value, dict_type, css_class, is_default, status, create_by, create_time, remark from sys_dict_data where dict_type = ? order by dict_sort asc 
14:41:04.802 [http-nio-80-exec-10] DEBUG com.ruoyi.project.system.dict.mapper.DictDataMapper.selectDictDataByType - ==> Parameters: sys_menu_openmode(String)
14:41:04.804 [http-nio-80-exec-10] DEBUG com.ruoyi.project.system.dict.mapper.DictDataMapper.selectDictDataByType - <==      Total: 2
14:42:55.231 [http-nio-80-exec-9] DEBUG com.ruoyi.project.monitor.online.mapper.UserOnlineMapper.saveOnline - ==>  Preparing: replace into sys_user_online(sessionId, login_name, dept_name, ipaddr, login_location, browser, os, status, start_timestsamp, last_access_time, expire_time) values (?, ?, ?, ?, ?, ?, ?, ?, ?, ?, ?) 
14:42:55.232 [http-nio-80-exec-9] DEBUG com.ruoyi.project.monitor.online.mapper.UserOnlineMapper.saveOnline - ==> Parameters: ea783dd1-413b-4dd7-8b6b-fe56c6b6aef6(String), admin(String), 研发一部(String), 127.0.0.1(String), XXXX内网IP(String), Chrome(String), Windows 7(String), on_line(String), 2018-06-12 14:38:31.493(Timestamp), 2018-06-12 14:42:55.161(Timestamp), 1800000(Long)
14:42:55.288 [http-nio-80-exec-9] DEBUG com.ruoyi.project.monitor.online.mapper.UserOnlineMapper.saveOnline - <==    Updates: 2
14:42:55.386 [http-nio-80-exec-8] DEBUG com.ruoyi.project.system.dict.mapper.DictTypeMapper.selectDictTypeList_COUNT - ==>  Preparing: SELECT count(0) FROM sys_dict_type 
14:42:55.386 [http-nio-80-exec-8] DEBUG com.ruoyi.project.system.dict.mapper.DictTypeMapper.selectDictTypeList_COUNT - ==> Parameters: 
14:42:55.387 [http-nio-80-exec-8] DEBUG com.ruoyi.project.system.dict.mapper.DictTypeMapper.selectDictTypeList_COUNT - <==      Total: 1
14:42:55.389 [http-nio-80-exec-8] DEBUG com.ruoyi.project.system.dict.mapper.DictTypeMapper.selectDictTypeList - ==>  Preparing: SELECT dict_id, dict_name, dict_type, status, create_by, create_time, remark FROM sys_dict_type order by create_time asc LIMIT ? 
14:42:55.389 [http-nio-80-exec-8] DEBUG com.ruoyi.project.system.dict.mapper.DictTypeMapper.selectDictTypeList - ==> Parameters: 10(Integer)
14:42:55.391 [http-nio-80-exec-8] DEBUG com.ruoyi.project.system.dict.mapper.DictTypeMapper.selectDictTypeList - <==      Total: 8
14:43:08.635 [http-nio-80-exec-9] DEBUG com.ruoyi.project.system.config.mapper.ConfigMapper.selectConfigList_COUNT - ==>  Preparing: SELECT count(0) FROM sys_config 
14:43:08.636 [http-nio-80-exec-9] DEBUG com.ruoyi.project.system.config.mapper.ConfigMapper.selectConfigList_COUNT - ==> Parameters: 
14:43:08.638 [http-nio-80-exec-9] DEBUG com.ruoyi.project.system.config.mapper.ConfigMapper.selectConfigList_COUNT - <==      Total: 1
14:43:08.640 [http-nio-80-exec-9] DEBUG com.ruoyi.project.system.config.mapper.ConfigMapper.selectConfigList - ==>  Preparing: SELECT config_id, config_name, config_key, config_value, config_type, create_by, create_time, update_by, update_time, remark FROM sys_config order by config_id asc LIMIT ? 
14:43:08.641 [http-nio-80-exec-9] DEBUG com.ruoyi.project.system.config.mapper.ConfigMapper.selectConfigList - ==> Parameters: 10(Integer)
14:43:08.644 [http-nio-80-exec-9] DEBUG com.ruoyi.project.system.config.mapper.ConfigMapper.selectConfigList - <==      Total: 5
14:43:25.112 [http-nio-80-exec-4] DEBUG com.ruoyi.project.system.menu.mapper.MenuMapper.selectMenuAll - ==>  Preparing: select menu_id, menu_name, parent_id, order_num, url, menu_type, visible, perms, icon, create_by, create_time from sys_menu order by order_num 
14:43:25.112 [http-nio-80-exec-4] DEBUG com.ruoyi.project.system.menu.mapper.MenuMapper.selectMenuAll - ==> Parameters: 
14:43:25.117 [http-nio-80-exec-4] DEBUG com.ruoyi.project.system.menu.mapper.MenuMapper.selectMenuAll - <==      Total: 78
14:48:32.502 [pool-1-thread-1] INFO  com.ruoyi.framework.shiro.web.session.OnlineWebSessionManager - invalidation sessions...
14:48:32.504 [pool-1-thread-1] DEBUG com.ruoyi.project.monitor.online.mapper.UserOnlineMapper.selectOnlineByExpired - ==>  Preparing: SELECT * FROM sys_user_online o WHERE o.last_access_time <= ? ORDER BY o.last_access_time ASC 
14:48:32.505 [pool-1-thread-1] DEBUG com.ruoyi.project.monitor.online.mapper.UserOnlineMapper.selectOnlineByExpired - ==> Parameters: 2018-06-12 14:18:32(String)
14:48:32.507 [pool-1-thread-1] DEBUG com.ruoyi.project.monitor.online.mapper.UserOnlineMapper.selectOnlineByExpired - <==      Total: 0
14:48:32.508 [pool-1-thread-1] INFO  com.ruoyi.framework.shiro.web.session.OnlineWebSessionManager - Finished invalidation session. No sessions were stopped.
14:58:32.515 [pool-1-thread-1] INFO  com.ruoyi.framework.shiro.web.session.OnlineWebSessionManager - invalidation sessions...
14:58:32.517 [pool-1-thread-1] DEBUG com.ruoyi.project.monitor.online.mapper.UserOnlineMapper.selectOnlineByExpired - ==>  Preparing: SELECT * FROM sys_user_online o WHERE o.last_access_time <= ? ORDER BY o.last_access_time ASC 
14:58:32.518 [pool-1-thread-1] DEBUG com.ruoyi.project.monitor.online.mapper.UserOnlineMapper.selectOnlineByExpired - ==> Parameters: 2018-06-12 14:28:32(String)
14:58:32.520 [pool-1-thread-1] DEBUG com.ruoyi.project.monitor.online.mapper.UserOnlineMapper.selectOnlineByExpired - <==      Total: 0
14:58:32.520 [pool-1-thread-1] INFO  com.ruoyi.framework.shiro.web.session.OnlineWebSessionManager - Finished invalidation session. No sessions were stopped.
15:08:32.528 [pool-1-thread-1] INFO  com.ruoyi.framework.shiro.web.session.OnlineWebSessionManager - invalidation sessions...
15:08:32.530 [pool-1-thread-1] DEBUG com.ruoyi.project.monitor.online.mapper.UserOnlineMapper.selectOnlineByExpired - ==>  Preparing: SELECT * FROM sys_user_online o WHERE o.last_access_time <= ? ORDER BY o.last_access_time ASC 
15:08:32.531 [pool-1-thread-1] DEBUG com.ruoyi.project.monitor.online.mapper.UserOnlineMapper.selectOnlineByExpired - ==> Parameters: 2018-06-12 14:38:32(String)
15:08:32.535 [pool-1-thread-1] DEBUG com.ruoyi.project.monitor.online.mapper.UserOnlineMapper.selectOnlineByExpired - <==      Total: 0
15:08:32.536 [pool-1-thread-1] INFO  com.ruoyi.framework.shiro.web.session.OnlineWebSessionManager - Finished invalidation session. No sessions were stopped.
15:18:32.541 [pool-1-thread-1] INFO  com.ruoyi.framework.shiro.web.session.OnlineWebSessionManager - invalidation sessions...
15:18:32.542 [pool-1-thread-1] DEBUG com.ruoyi.project.monitor.online.mapper.UserOnlineMapper.selectOnlineByExpired - ==>  Preparing: SELECT * FROM sys_user_online o WHERE o.last_access_time <= ? ORDER BY o.last_access_time ASC 
15:18:32.542 [pool-1-thread-1] DEBUG com.ruoyi.project.monitor.online.mapper.UserOnlineMapper.selectOnlineByExpired - ==> Parameters: 2018-06-12 14:48:32(String)
15:18:32.543 [pool-1-thread-1] DEBUG com.ruoyi.project.monitor.online.mapper.UserOnlineMapper.selectOnlineByExpired - <==      Total: 1
15:18:32.543 [pool-1-thread-1] DEBUG com.ruoyi.framework.shiro.web.session.OnlineWebSessionManager - Invalidated session with id [ea783dd1-413b-4dd7-8b6b-fe56c6b6aef6] (stopped)
15:18:32.544 [pool-1-thread-1] DEBUG com.ruoyi.project.monitor.online.mapper.UserOnlineMapper.selectOnlineById - ==>  Preparing: select * from sys_user_online where sessionid = ? 
15:18:32.544 [pool-1-thread-1] DEBUG com.ruoyi.project.monitor.online.mapper.UserOnlineMapper.selectOnlineById - ==> Parameters: ea783dd1-413b-4dd7-8b6b-fe56c6b6aef6(String)
15:18:32.545 [pool-1-thread-1] DEBUG com.ruoyi.project.monitor.online.mapper.UserOnlineMapper.selectOnlineById - <==      Total: 1
15:18:32.545 [pool-1-thread-1] DEBUG com.ruoyi.project.monitor.online.mapper.UserOnlineMapper.deleteOnlineById - ==>  Preparing: delete from sys_user_online where sessionId = ? 
15:18:32.545 [pool-1-thread-1] DEBUG com.ruoyi.project.monitor.online.mapper.UserOnlineMapper.deleteOnlineById - ==> Parameters: ea783dd1-413b-4dd7-8b6b-fe56c6b6aef6(String)
15:18:32.587 [pool-1-thread-1] DEBUG com.ruoyi.project.monitor.online.mapper.UserOnlineMapper.deleteOnlineById - <==    Updates: 1
15:18:32.588 [pool-1-thread-1] INFO  com.ruoyi.framework.shiro.web.session.OnlineWebSessionManager - Finished invalidation session. [1] sessions were stopped.
15:28:32.554 [pool-1-thread-1] INFO  com.ruoyi.framework.shiro.web.session.OnlineWebSessionManager - invalidation sessions...
15:28:32.557 [pool-1-thread-1] DEBUG com.ruoyi.project.monitor.online.mapper.UserOnlineMapper.selectOnlineByExpired - ==>  Preparing: SELECT * FROM sys_user_online o WHERE o.last_access_time <= ? ORDER BY o.last_access_time ASC 
15:28:32.557 [pool-1-thread-1] DEBUG com.ruoyi.project.monitor.online.mapper.UserOnlineMapper.selectOnlineByExpired - ==> Parameters: 2018-06-12 14:58:32(String)
15:28:32.559 [pool-1-thread-1] DEBUG com.ruoyi.project.monitor.online.mapper.UserOnlineMapper.selectOnlineByExpired - <==      Total: 0
15:28:32.560 [pool-1-thread-1] INFO  com.ruoyi.framework.shiro.web.session.OnlineWebSessionManager - Finished invalidation session. No sessions were stopped.
15:38:32.567 [pool-1-thread-1] INFO  com.ruoyi.framework.shiro.web.session.OnlineWebSessionManager - invalidation sessions...
15:38:32.569 [pool-1-thread-1] DEBUG com.ruoyi.project.monitor.online.mapper.UserOnlineMapper.selectOnlineByExpired - ==>  Preparing: SELECT * FROM sys_user_online o WHERE o.last_access_time <= ? ORDER BY o.last_access_time ASC 
15:38:32.570 [pool-1-thread-1] DEBUG com.ruoyi.project.monitor.online.mapper.UserOnlineMapper.selectOnlineByExpired - ==> Parameters: 2018-06-12 15:08:32(String)
15:38:32.572 [pool-1-thread-1] DEBUG com.ruoyi.project.monitor.online.mapper.UserOnlineMapper.selectOnlineByExpired - <==      Total: 0
15:38:32.573 [pool-1-thread-1] INFO  com.ruoyi.framework.shiro.web.session.OnlineWebSessionManager - Finished invalidation session. No sessions were stopped.
15:48:32.580 [pool-1-thread-1] INFO  com.ruoyi.framework.shiro.web.session.OnlineWebSessionManager - invalidation sessions...
15:48:32.583 [pool-1-thread-1] DEBUG com.ruoyi.project.monitor.online.mapper.UserOnlineMapper.selectOnlineByExpired - ==>  Preparing: SELECT * FROM sys_user_online o WHERE o.last_access_time <= ? ORDER BY o.last_access_time ASC 
15:48:32.583 [pool-1-thread-1] DEBUG com.ruoyi.project.monitor.online.mapper.UserOnlineMapper.selectOnlineByExpired - ==> Parameters: 2018-06-12 15:18:32(String)
15:48:32.585 [pool-1-thread-1] DEBUG com.ruoyi.project.monitor.online.mapper.UserOnlineMapper.selectOnlineByExpired - <==      Total: 0
15:48:32.586 [pool-1-thread-1] INFO  com.ruoyi.framework.shiro.web.session.OnlineWebSessionManager - Finished invalidation session. No sessions were stopped.
15:58:32.593 [pool-1-thread-1] INFO  com.ruoyi.framework.shiro.web.session.OnlineWebSessionManager - invalidation sessions...
15:58:32.595 [pool-1-thread-1] DEBUG com.ruoyi.project.monitor.online.mapper.UserOnlineMapper.selectOnlineByExpired - ==>  Preparing: SELECT * FROM sys_user_online o WHERE o.last_access_time <= ? ORDER BY o.last_access_time ASC 
15:58:32.596 [pool-1-thread-1] DEBUG com.ruoyi.project.monitor.online.mapper.UserOnlineMapper.selectOnlineByExpired - ==> Parameters: 2018-06-12 15:28:32(String)
15:58:32.598 [pool-1-thread-1] DEBUG com.ruoyi.project.monitor.online.mapper.UserOnlineMapper.selectOnlineByExpired - <==      Total: 0
15:58:32.599 [pool-1-thread-1] INFO  com.ruoyi.framework.shiro.web.session.OnlineWebSessionManager - Finished invalidation session. No sessions were stopped.
16:08:32.606 [pool-1-thread-1] INFO  com.ruoyi.framework.shiro.web.session.OnlineWebSessionManager - invalidation sessions...
16:08:32.607 [pool-1-thread-1] DEBUG com.ruoyi.project.monitor.online.mapper.UserOnlineMapper.selectOnlineByExpired - ==>  Preparing: SELECT * FROM sys_user_online o WHERE o.last_access_time <= ? ORDER BY o.last_access_time ASC 
16:08:32.607 [pool-1-thread-1] DEBUG com.ruoyi.project.monitor.online.mapper.UserOnlineMapper.selectOnlineByExpired - ==> Parameters: 2018-06-12 15:38:32(String)
16:08:32.607 [pool-1-thread-1] DEBUG com.ruoyi.project.monitor.online.mapper.UserOnlineMapper.selectOnlineByExpired - <==      Total: 0
16:08:32.608 [pool-1-thread-1] INFO  com.ruoyi.framework.shiro.web.session.OnlineWebSessionManager - Finished invalidation session. No sessions were stopped.
16:18:32.619 [pool-1-thread-1] INFO  com.ruoyi.framework.shiro.web.session.OnlineWebSessionManager - invalidation sessions...
16:18:32.621 [pool-1-thread-1] DEBUG com.ruoyi.project.monitor.online.mapper.UserOnlineMapper.selectOnlineByExpired - ==>  Preparing: SELECT * FROM sys_user_online o WHERE o.last_access_time <= ? ORDER BY o.last_access_time ASC 
16:18:32.622 [pool-1-thread-1] DEBUG com.ruoyi.project.monitor.online.mapper.UserOnlineMapper.selectOnlineByExpired - ==> Parameters: 2018-06-12 15:48:32(String)
16:18:32.624 [pool-1-thread-1] DEBUG com.ruoyi.project.monitor.online.mapper.UserOnlineMapper.selectOnlineByExpired - <==      Total: 0
16:18:32.625 [pool-1-thread-1] INFO  com.ruoyi.framework.shiro.web.session.OnlineWebSessionManager - Finished invalidation session. No sessions were stopped.
16:28:32.632 [pool-1-thread-1] INFO  com.ruoyi.framework.shiro.web.session.OnlineWebSessionManager - invalidation sessions...
16:28:32.634 [pool-1-thread-1] DEBUG com.ruoyi.project.monitor.online.mapper.UserOnlineMapper.selectOnlineByExpired - ==>  Preparing: SELECT * FROM sys_user_online o WHERE o.last_access_time <= ? ORDER BY o.last_access_time ASC 
16:28:32.635 [pool-1-thread-1] DEBUG com.ruoyi.project.monitor.online.mapper.UserOnlineMapper.selectOnlineByExpired - ==> Parameters: 2018-06-12 15:58:32(String)
16:28:32.637 [pool-1-thread-1] DEBUG com.ruoyi.project.monitor.online.mapper.UserOnlineMapper.selectOnlineByExpired - <==      Total: 0
16:28:32.638 [pool-1-thread-1] INFO  com.ruoyi.framework.shiro.web.session.OnlineWebSessionManager - Finished invalidation session. No sessions were stopped.
16:38:32.644 [pool-1-thread-1] INFO  com.ruoyi.framework.shiro.web.session.OnlineWebSessionManager - invalidation sessions...
16:38:32.646 [pool-1-thread-1] DEBUG com.ruoyi.project.monitor.online.mapper.UserOnlineMapper.selectOnlineByExpired - ==>  Preparing: SELECT * FROM sys_user_online o WHERE o.last_access_time <= ? ORDER BY o.last_access_time ASC 
16:38:32.647 [pool-1-thread-1] DEBUG com.ruoyi.project.monitor.online.mapper.UserOnlineMapper.selectOnlineByExpired - ==> Parameters: 2018-06-12 16:08:32(String)
16:38:32.649 [pool-1-thread-1] DEBUG com.ruoyi.project.monitor.online.mapper.UserOnlineMapper.selectOnlineByExpired - <==      Total: 0
16:38:32.650 [pool-1-thread-1] INFO  com.ruoyi.framework.shiro.web.session.OnlineWebSessionManager - Finished invalidation session. No sessions were stopped.
16:48:32.658 [pool-1-thread-1] INFO  com.ruoyi.framework.shiro.web.session.OnlineWebSessionManager - invalidation sessions...
16:48:32.661 [pool-1-thread-1] DEBUG com.ruoyi.project.monitor.online.mapper.UserOnlineMapper.selectOnlineByExpired - ==>  Preparing: SELECT * FROM sys_user_online o WHERE o.last_access_time <= ? ORDER BY o.last_access_time ASC 
16:48:32.661 [pool-1-thread-1] DEBUG com.ruoyi.project.monitor.online.mapper.UserOnlineMapper.selectOnlineByExpired - ==> Parameters: 2018-06-12 16:18:32(String)
16:48:32.664 [pool-1-thread-1] DEBUG com.ruoyi.project.monitor.online.mapper.UserOnlineMapper.selectOnlineByExpired - <==      Total: 0
16:48:32.664 [pool-1-thread-1] INFO  com.ruoyi.framework.shiro.web.session.OnlineWebSessionManager - Finished invalidation session. No sessions were stopped.
16:58:32.671 [pool-1-thread-1] INFO  com.ruoyi.framework.shiro.web.session.OnlineWebSessionManager - invalidation sessions...
16:58:32.673 [pool-1-thread-1] DEBUG com.ruoyi.project.monitor.online.mapper.UserOnlineMapper.selectOnlineByExpired - ==>  Preparing: SELECT * FROM sys_user_online o WHERE o.last_access_time <= ? ORDER BY o.last_access_time ASC 
16:58:32.674 [pool-1-thread-1] DEBUG com.ruoyi.project.monitor.online.mapper.UserOnlineMapper.selectOnlineByExpired - ==> Parameters: 2018-06-12 16:28:32(String)
16:58:32.675 [pool-1-thread-1] DEBUG com.ruoyi.project.monitor.online.mapper.UserOnlineMapper.selectOnlineByExpired - <==      Total: 0
16:58:32.676 [pool-1-thread-1] INFO  com.ruoyi.framework.shiro.web.session.OnlineWebSessionManager - Finished invalidation session. No sessions were stopped.
17:07:29.465 [http-nio-80-exec-8] DEBUG com.ruoyi.project.system.config.mapper.ConfigMapper.selectConfigByKey - ==>  Preparing: select config_id, config_name, config_key, config_value, config_type, create_by, create_time, update_by, update_time, remark from sys_config where config_key = ? 
17:07:29.468 [http-nio-80-exec-8] DEBUG com.ruoyi.project.system.config.mapper.ConfigMapper.selectConfigByKey - ==> Parameters: sys.name(String)
17:07:29.470 [http-nio-80-exec-8] DEBUG com.ruoyi.project.system.config.mapper.ConfigMapper.selectConfigByKey - <==      Total: 1
17:07:29.471 [http-nio-80-exec-8] DEBUG com.ruoyi.project.system.config.mapper.ConfigMapper.selectConfigByKey - ==>  Preparing: select config_id, config_name, config_key, config_value, config_type, create_by, create_time, update_by, update_time, remark from sys_config where config_key = ? 
17:07:29.472 [http-nio-80-exec-8] DEBUG com.ruoyi.project.system.config.mapper.ConfigMapper.selectConfigByKey - ==> Parameters: sys.name(String)
17:07:29.472 [http-nio-80-exec-8] DEBUG com.ruoyi.project.system.config.mapper.ConfigMapper.selectConfigByKey - <==      Total: 1
17:07:29.473 [http-nio-80-exec-8] DEBUG com.ruoyi.project.system.config.mapper.ConfigMapper.selectConfigByKey - ==>  Preparing: select config_id, config_name, config_key, config_value, config_type, create_by, create_time, update_by, update_time, remark from sys_config where config_key = ? 
17:07:29.474 [http-nio-80-exec-8] DEBUG com.ruoyi.project.system.config.mapper.ConfigMapper.selectConfigByKey - ==> Parameters: sys.name(String)
17:07:29.474 [http-nio-80-exec-8] DEBUG com.ruoyi.project.system.config.mapper.ConfigMapper.selectConfigByKey - <==      Total: 1
17:07:29.476 [http-nio-80-exec-8] DEBUG com.ruoyi.project.system.config.mapper.ConfigMapper.selectConfigByKey - ==>  Preparing: select config_id, config_name, config_key, config_value, config_type, create_by, create_time, update_by, update_time, remark from sys_config where config_key = ? 
17:07:29.476 [http-nio-80-exec-8] DEBUG com.ruoyi.project.system.config.mapper.ConfigMapper.selectConfigByKey - ==> Parameters: sys.name(String)
17:07:29.477 [http-nio-80-exec-8] DEBUG com.ruoyi.project.system.config.mapper.ConfigMapper.selectConfigByKey - <==      Total: 1
17:07:29.478 [http-nio-80-exec-8] DEBUG com.ruoyi.project.system.config.mapper.ConfigMapper.selectConfigByKey - ==>  Preparing: select config_id, config_name, config_key, config_value, config_type, create_by, create_time, update_by, update_time, remark from sys_config where config_key = ? 
17:07:29.479 [http-nio-80-exec-8] DEBUG com.ruoyi.project.system.config.mapper.ConfigMapper.selectConfigByKey - ==> Parameters: sys.login.slogan(String)
17:07:29.479 [http-nio-80-exec-8] DEBUG com.ruoyi.project.system.config.mapper.ConfigMapper.selectConfigByKey - <==      Total: 1
17:07:29.480 [http-nio-80-exec-8] DEBUG com.ruoyi.project.system.config.mapper.ConfigMapper.selectConfigByKey - ==>  Preparing: select config_id, config_name, config_key, config_value, config_type, create_by, create_time, update_by, update_time, remark from sys_config where config_key = ? 
17:07:29.480 [http-nio-80-exec-8] DEBUG com.ruoyi.project.system.config.mapper.ConfigMapper.selectConfigByKey - ==> Parameters: sys.login.copyright(String)
17:07:29.481 [http-nio-80-exec-8] DEBUG com.ruoyi.project.system.config.mapper.ConfigMapper.selectConfigByKey - <==      Total: 1
17:08:32.684 [pool-1-thread-1] INFO  com.ruoyi.framework.shiro.web.session.OnlineWebSessionManager - invalidation sessions...
17:08:32.684 [pool-1-thread-1] DEBUG com.ruoyi.project.monitor.online.mapper.UserOnlineMapper.selectOnlineByExpired - ==>  Preparing: SELECT * FROM sys_user_online o WHERE o.last_access_time <= ? ORDER BY o.last_access_time ASC 
17:08:32.685 [pool-1-thread-1] DEBUG com.ruoyi.project.monitor.online.mapper.UserOnlineMapper.selectOnlineByExpired - ==> Parameters: 2018-06-12 16:38:32(String)
17:08:32.685 [pool-1-thread-1] DEBUG com.ruoyi.project.monitor.online.mapper.UserOnlineMapper.selectOnlineByExpired - <==      Total: 0
17:08:32.686 [pool-1-thread-1] INFO  com.ruoyi.framework.shiro.web.session.OnlineWebSessionManager - Finished invalidation session. No sessions were stopped.
17:18:32.696 [pool-1-thread-1] INFO  com.ruoyi.framework.shiro.web.session.OnlineWebSessionManager - invalidation sessions...
17:18:32.698 [pool-1-thread-1] DEBUG com.ruoyi.project.monitor.online.mapper.UserOnlineMapper.selectOnlineByExpired - ==>  Preparing: SELECT * FROM sys_user_online o WHERE o.last_access_time <= ? ORDER BY o.last_access_time ASC 
17:18:32.699 [pool-1-thread-1] DEBUG com.ruoyi.project.monitor.online.mapper.UserOnlineMapper.selectOnlineByExpired - ==> Parameters: 2018-06-12 16:48:32(String)
17:18:32.701 [pool-1-thread-1] DEBUG com.ruoyi.project.monitor.online.mapper.UserOnlineMapper.selectOnlineByExpired - <==      Total: 0
17:18:32.702 [pool-1-thread-1] INFO  com.ruoyi.framework.shiro.web.session.OnlineWebSessionManager - Finished invalidation session. No sessions were stopped.
17:28:32.710 [pool-1-thread-1] INFO  com.ruoyi.framework.shiro.web.session.OnlineWebSessionManager - invalidation sessions...
17:28:32.711 [pool-1-thread-1] DEBUG com.ruoyi.project.monitor.online.mapper.UserOnlineMapper.selectOnlineByExpired - ==>  Preparing: SELECT * FROM sys_user_online o WHERE o.last_access_time <= ? ORDER BY o.last_access_time ASC 
17:28:32.711 [pool-1-thread-1] DEBUG com.ruoyi.project.monitor.online.mapper.UserOnlineMapper.selectOnlineByExpired - ==> Parameters: 2018-06-12 16:58:32(String)
17:28:32.712 [pool-1-thread-1] DEBUG com.ruoyi.project.monitor.online.mapper.UserOnlineMapper.selectOnlineByExpired - <==      Total: 0
17:28:32.712 [pool-1-thread-1] INFO  com.ruoyi.framework.shiro.web.session.OnlineWebSessionManager - Finished invalidation session. No sessions were stopped.
17:38:32.723 [pool-1-thread-1] INFO  com.ruoyi.framework.shiro.web.session.OnlineWebSessionManager - invalidation sessions...
17:38:32.725 [pool-1-thread-1] DEBUG com.ruoyi.project.monitor.online.mapper.UserOnlineMapper.selectOnlineByExpired - ==>  Preparing: SELECT * FROM sys_user_online o WHERE o.last_access_time <= ? ORDER BY o.last_access_time ASC 
17:38:32.726 [pool-1-thread-1] DEBUG com.ruoyi.project.monitor.online.mapper.UserOnlineMapper.selectOnlineByExpired - ==> Parameters: 2018-06-12 17:08:32(String)
17:38:32.728 [pool-1-thread-1] DEBUG com.ruoyi.project.monitor.online.mapper.UserOnlineMapper.selectOnlineByExpired - <==      Total: 0
17:38:32.728 [pool-1-thread-1] INFO  com.ruoyi.framework.shiro.web.session.OnlineWebSessionManager - Finished invalidation session. No sessions were stopped.
17:39:59.420 [http-nio-80-exec-7] DEBUG com.ruoyi.project.monitor.online.mapper.UserOnlineMapper.selectOnlineById - ==>  Preparing: select * from sys_user_online where sessionid = ? 
17:39:59.421 [http-nio-80-exec-7] DEBUG com.ruoyi.project.monitor.online.mapper.UserOnlineMapper.selectOnlineById - ==> Parameters: ea783dd1-413b-4dd7-8b6b-fe56c6b6aef6(String)
17:39:59.422 [http-nio-80-exec-7] DEBUG com.ruoyi.project.monitor.online.mapper.UserOnlineMapper.selectOnlineById - <==      Total: 0
17:39:59.435 [http-nio-80-exec-2] DEBUG com.ruoyi.project.system.config.mapper.ConfigMapper.selectConfigByKey - ==>  Preparing: select config_id, config_name, config_key, config_value, config_type, create_by, create_time, update_by, update_time, remark from sys_config where config_key = ? 
17:39:59.435 [http-nio-80-exec-2] DEBUG com.ruoyi.project.system.config.mapper.ConfigMapper.selectConfigByKey - ==> Parameters: sys.name(String)
17:39:59.436 [http-nio-80-exec-2] DEBUG com.ruoyi.project.system.config.mapper.ConfigMapper.selectConfigByKey - <==      Total: 1
17:39:59.437 [http-nio-80-exec-2] DEBUG com.ruoyi.project.system.config.mapper.ConfigMapper.selectConfigByKey - ==>  Preparing: select config_id, config_name, config_key, config_value, config_type, create_by, create_time, update_by, update_time, remark from sys_config where config_key = ? 
17:39:59.438 [http-nio-80-exec-2] DEBUG com.ruoyi.project.system.config.mapper.ConfigMapper.selectConfigByKey - ==> Parameters: sys.name(String)
17:39:59.439 [http-nio-80-exec-2] DEBUG com.ruoyi.project.system.config.mapper.ConfigMapper.selectConfigByKey - <==      Total: 1
17:39:59.440 [http-nio-80-exec-2] DEBUG com.ruoyi.project.system.config.mapper.ConfigMapper.selectConfigByKey - ==>  Preparing: select config_id, config_name, config_key, config_value, config_type, create_by, create_time, update_by, update_time, remark from sys_config where config_key = ? 
17:39:59.440 [http-nio-80-exec-2] DEBUG com.ruoyi.project.system.config.mapper.ConfigMapper.selectConfigByKey - ==> Parameters: sys.name(String)
17:39:59.441 [http-nio-80-exec-2] DEBUG com.ruoyi.project.system.config.mapper.ConfigMapper.selectConfigByKey - <==      Total: 1
17:39:59.442 [http-nio-80-exec-2] DEBUG com.ruoyi.project.system.config.mapper.ConfigMapper.selectConfigByKey - ==>  Preparing: select config_id, config_name, config_key, config_value, config_type, create_by, create_time, update_by, update_time, remark from sys_config where config_key = ? 
17:39:59.443 [http-nio-80-exec-2] DEBUG com.ruoyi.project.system.config.mapper.ConfigMapper.selectConfigByKey - ==> Parameters: sys.name(String)
17:39:59.444 [http-nio-80-exec-2] DEBUG com.ruoyi.project.system.config.mapper.ConfigMapper.selectConfigByKey - <==      Total: 1
17:39:59.444 [http-nio-80-exec-2] DEBUG com.ruoyi.project.system.config.mapper.ConfigMapper.selectConfigByKey - ==>  Preparing: select config_id, config_name, config_key, config_value, config_type, create_by, create_time, update_by, update_time, remark from sys_config where config_key = ? 
17:39:59.445 [http-nio-80-exec-2] DEBUG com.ruoyi.project.system.config.mapper.ConfigMapper.selectConfigByKey - ==> Parameters: sys.login.slogan(String)
17:39:59.447 [http-nio-80-exec-2] DEBUG com.ruoyi.project.system.config.mapper.ConfigMapper.selectConfigByKey - <==      Total: 1
17:39:59.449 [http-nio-80-exec-2] DEBUG com.ruoyi.project.system.config.mapper.ConfigMapper.selectConfigByKey - ==>  Preparing: select config_id, config_name, config_key, config_value, config_type, create_by, create_time, update_by, update_time, remark from sys_config where config_key = ? 
17:39:59.450 [http-nio-80-exec-2] DEBUG com.ruoyi.project.system.config.mapper.ConfigMapper.selectConfigByKey - ==> Parameters: sys.login.copyright(String)
17:39:59.452 [http-nio-80-exec-2] DEBUG com.ruoyi.project.system.config.mapper.ConfigMapper.selectConfigByKey - <==      Total: 1
17:48:32.735 [pool-1-thread-1] INFO  com.ruoyi.framework.shiro.web.session.OnlineWebSessionManager - invalidation sessions...
17:48:32.737 [pool-1-thread-1] DEBUG com.ruoyi.project.monitor.online.mapper.UserOnlineMapper.selectOnlineByExpired - ==>  Preparing: SELECT * FROM sys_user_online o WHERE o.last_access_time <= ? ORDER BY o.last_access_time ASC 
17:48:32.738 [pool-1-thread-1] DEBUG com.ruoyi.project.monitor.online.mapper.UserOnlineMapper.selectOnlineByExpired - ==> Parameters: 2018-06-12 17:18:32(String)
17:48:32.740 [pool-1-thread-1] DEBUG com.ruoyi.project.monitor.online.mapper.UserOnlineMapper.selectOnlineByExpired - <==      Total: 0
17:48:32.741 [pool-1-thread-1] INFO  com.ruoyi.framework.shiro.web.session.OnlineWebSessionManager - Finished invalidation session. No sessions were stopped.
17:58:32.749 [pool-1-thread-1] INFO  com.ruoyi.framework.shiro.web.session.OnlineWebSessionManager - invalidation sessions...
17:58:32.751 [pool-1-thread-1] DEBUG com.ruoyi.project.monitor.online.mapper.UserOnlineMapper.selectOnlineByExpired - ==>  Preparing: SELECT * FROM sys_user_online o WHERE o.last_access_time <= ? ORDER BY o.last_access_time ASC 
17:58:32.752 [pool-1-thread-1] DEBUG com.ruoyi.project.monitor.online.mapper.UserOnlineMapper.selectOnlineByExpired - ==> Parameters: 2018-06-12 17:28:32(String)
17:58:32.753 [pool-1-thread-1] DEBUG com.ruoyi.project.monitor.online.mapper.UserOnlineMapper.selectOnlineByExpired - <==      Total: 0
17:58:32.754 [pool-1-thread-1] INFO  com.ruoyi.framework.shiro.web.session.OnlineWebSessionManager - Finished invalidation session. No sessions were stopped.
