15:07:24.804 [main] INFO  com.ruoyi.RuoYiApplication - Starting RuoYiApplication on yff-PC with PID 10212 (F:\IDEA_Project\RuoYi\target\classes started by yff in F:\IDEA_Project\RuoYi)
15:07:24.820 [main] DEBUG com.ruoyi.RuoYiApplication - Running with Spring Boot v1.5.10.RELEASE, Spring v4.3.14.RELEASE
15:07:24.820 [main] INFO  com.ruoyi.RuoYiApplication - The following profiles are active: druid
15:07:24.960 [background-preinit] INFO  org.hibernate.validator.internal.util.Version - HV000001: Hibernate Validator 5.3.6.Final
15:07:27.513 [main] INFO  org.apache.shiro.cache.ehcache.EhCacheManager - Cache with name 'com.ruoyi.framework.shiro.realm.UserRealm.authorizationCache' does not yet exist.  Creating now.
15:07:27.513 [main] INFO  org.apache.shiro.cache.ehcache.EhCacheManager - Added EhCache named [com.ruoyi.framework.shiro.realm.UserRealm.authorizationCache]
15:07:28.899 [main] INFO  com.alibaba.druid.pool.DruidDataSource - {dataSource-1} inited
15:07:29.517 [main] INFO  org.apache.shiro.cache.ehcache.EhCacheManager - Using existing EHCache named [loginRecordCache]
15:07:30.306 [main] INFO  org.apache.catalina.core.StandardService - Starting service [Tomcat]
15:07:30.306 [main] INFO  org.apache.catalina.core.StandardEngine - Starting Servlet Engine: Apache Tomcat/8.5.27
15:07:30.431 [localhost-startStop-1] INFO  org.apache.catalina.core.ContainerBase.[Tomcat].[localhost].[/] - Initializing Spring embedded WebApplicationContext
15:07:30.914 [main] INFO  org.quartz.impl.StdSchedulerFactory - Using default implementation for ThreadExecutor
15:07:30.929 [main] INFO  org.quartz.core.SchedulerSignalerImpl - Initialized Scheduler Signaller of type: class org.quartz.core.SchedulerSignalerImpl
15:07:30.929 [main] INFO  org.quartz.core.QuartzScheduler - Quartz Scheduler v.2.3.0 created.
15:07:30.929 [main] INFO  org.quartz.core.QuartzScheduler - Scheduler meta-data: Quartz Scheduler (v2.3.0) 'RuoyiScheduler' with instanceId 'yff-PC1529651250914'
  Scheduler class: 'org.quartz.core.QuartzScheduler' - running locally.
  NOT STARTED.
  Currently in standby mode.
  Number of jobs executed: 0
  Using thread pool 'org.quartz.simpl.SimpleThreadPool' - with 20 threads.
  Using job-store 'org.springframework.scheduling.quartz.LocalDataSourceJobStore' - which supports persistence. and is clustered.

15:07:30.929 [main] INFO  org.quartz.impl.StdSchedulerFactory - Quartz scheduler 'RuoyiScheduler' initialized from an externally provided properties instance.
15:07:30.929 [main] INFO  org.quartz.impl.StdSchedulerFactory - Quartz scheduler version: 2.3.0
15:07:30.929 [main] INFO  org.quartz.core.QuartzScheduler - JobFactory set to: org.springframework.scheduling.quartz.AdaptableJobFactory@59edb4f5
15:07:30.960 [main] DEBUG com.ruoyi.project.monitor.job.mapper.JobMapper.selectJobAll - ==>  Preparing: SELECT job_id, job_name, job_group, method_name, params, cron_expression, status, create_by, create_time FROM sys_job 
15:07:31.023 [main] DEBUG com.ruoyi.project.monitor.job.mapper.JobMapper.selectJobAll - ==> Parameters: 
15:07:31.905 [main] DEBUG com.ruoyi.project.monitor.job.mapper.JobMapper.selectJobAll - <==      Total: 3
15:07:37.191 [main] INFO  org.apache.coyote.http11.Http11NioProtocol - Initializing ProtocolHandler ["http-nio-80"]
15:07:37.191 [main] INFO  org.apache.coyote.http11.Http11NioProtocol - Starting ProtocolHandler ["http-nio-80"]
15:07:37.206 [main] INFO  org.apache.tomcat.util.net.NioSelectorPool - Using a shared selector for servlet write/read
15:07:37.222 [main] INFO  com.ruoyi.RuoYiApplication - Started RuoYiApplication in 13.058 seconds (JVM running for 15.123)
15:07:38.492 [Quartz Scheduler [RuoyiScheduler]] INFO  org.quartz.core.QuartzScheduler - Scheduler RuoyiScheduler_$_yff-PC1529651250914 started.
15:07:59.080 [http-nio-80-exec-1] INFO  org.apache.catalina.core.ContainerBase.[Tomcat].[localhost].[/] - Initializing Spring FrameworkServlet 'dispatcherServlet'
15:09:27.746 [main] INFO  com.ruoyi.RuoYiApplication - Starting RuoYiApplication on yff-PC with PID 5272 (F:\IDEA_Project\RuoYi\target\classes started by yff in F:\IDEA_Project\RuoYi)
15:09:27.746 [main] DEBUG com.ruoyi.RuoYiApplication - Running with Spring Boot v1.5.10.RELEASE, Spring v4.3.14.RELEASE
15:09:27.746 [main] INFO  com.ruoyi.RuoYiApplication - The following profiles are active: druid
15:09:27.955 [background-preinit] INFO  org.hibernate.validator.internal.util.Version - HV000001: Hibernate Validator 5.3.6.Final
15:09:28.923 [main] INFO  org.apache.shiro.cache.ehcache.EhCacheManager - Cache with name 'com.ruoyi.framework.shiro.realm.UserRealm.authorizationCache' does not yet exist.  Creating now.
15:09:28.923 [main] INFO  org.apache.shiro.cache.ehcache.EhCacheManager - Added EhCache named [com.ruoyi.framework.shiro.realm.UserRealm.authorizationCache]
15:09:29.268 [main] INFO  com.alibaba.druid.pool.DruidDataSource - {dataSource-1} inited
15:09:29.638 [main] INFO  org.apache.shiro.cache.ehcache.EhCacheManager - Using existing EHCache named [loginRecordCache]
15:09:31.356 [main] INFO  org.apache.catalina.core.StandardService - Starting service [Tomcat]
15:09:31.356 [main] INFO  org.apache.catalina.core.StandardEngine - Starting Servlet Engine: Apache Tomcat/8.5.27
15:09:31.450 [localhost-startStop-1] INFO  org.apache.catalina.core.ContainerBase.[Tomcat].[localhost].[/] - Initializing Spring embedded WebApplicationContext
15:09:31.823 [main] INFO  org.quartz.impl.StdSchedulerFactory - Using default implementation for ThreadExecutor
15:09:31.838 [main] INFO  org.quartz.core.SchedulerSignalerImpl - Initialized Scheduler Signaller of type: class org.quartz.core.SchedulerSignalerImpl
15:09:31.838 [main] INFO  org.quartz.core.QuartzScheduler - Quartz Scheduler v.2.3.0 created.
15:09:31.838 [main] INFO  org.quartz.core.QuartzScheduler - Scheduler meta-data: Quartz Scheduler (v2.3.0) 'RuoyiScheduler' with instanceId 'yff-PC1529651371823'
  Scheduler class: 'org.quartz.core.QuartzScheduler' - running locally.
  NOT STARTED.
  Currently in standby mode.
  Number of jobs executed: 0
  Using thread pool 'org.quartz.simpl.SimpleThreadPool' - with 20 threads.
  Using job-store 'org.springframework.scheduling.quartz.LocalDataSourceJobStore' - which supports persistence. and is clustered.

15:09:31.838 [main] INFO  org.quartz.impl.StdSchedulerFactory - Quartz scheduler 'RuoyiScheduler' initialized from an externally provided properties instance.
15:09:31.838 [main] INFO  org.quartz.impl.StdSchedulerFactory - Quartz scheduler version: 2.3.0
15:09:31.838 [main] INFO  org.quartz.core.QuartzScheduler - JobFactory set to: org.springframework.scheduling.quartz.AdaptableJobFactory@3a7e365
15:09:31.870 [main] DEBUG com.ruoyi.project.monitor.job.mapper.JobMapper.selectJobAll - ==>  Preparing: SELECT job_id, job_name, job_group, method_name, params, cron_expression, status, create_by, create_time FROM sys_job 
15:09:31.916 [main] DEBUG com.ruoyi.project.monitor.job.mapper.JobMapper.selectJobAll - ==> Parameters: 
15:09:31.932 [main] DEBUG com.ruoyi.project.monitor.job.mapper.JobMapper.selectJobAll - <==      Total: 3
15:09:35.919 [main] INFO  org.apache.coyote.http11.Http11NioProtocol - Initializing ProtocolHandler ["http-nio-80"]
15:09:35.981 [main] INFO  org.apache.coyote.http11.Http11NioProtocol - Starting ProtocolHandler ["http-nio-80"]
15:09:36.013 [main] INFO  org.apache.tomcat.util.net.NioSelectorPool - Using a shared selector for servlet write/read
15:09:36.044 [main] INFO  com.ruoyi.RuoYiApplication - Started RuoYiApplication in 8.599 seconds (JVM running for 9.417)
15:09:37.048 [Quartz Scheduler [RuoyiScheduler]] INFO  org.quartz.core.QuartzScheduler - Scheduler RuoyiScheduler_$_yff-PC1529651371823 started.
15:10:45.244 [http-nio-80-exec-1] INFO  org.apache.catalina.core.ContainerBase.[Tomcat].[localhost].[/] - Initializing Spring FrameworkServlet 'dispatcherServlet'
15:10:45.274 [http-nio-80-exec-1] INFO  org.apache.shiro.session.mgt.AbstractValidatingSessionManager - Enabling session validation scheduler...
15:10:45.274 [http-nio-80-exec-1] DEBUG com.ruoyi.framework.shiro.web.session.SpringSessionValidationScheduler - Scheduling session validation job using Spring Scheduler with session validation interval of [600000]ms...
15:10:45.275 [http-nio-80-exec-1] DEBUG com.ruoyi.framework.shiro.web.session.SpringSessionValidationScheduler - Session validation job successfully scheduled with Spring Scheduler.
15:10:45.289 [http-nio-80-exec-1] INFO  org.apache.shiro.cache.ehcache.EhCacheManager - Using existing EHCache named [shiro-activeSessionCache]
15:10:45.558 [http-nio-80-exec-2] DEBUG com.ruoyi.project.system.config.mapper.ConfigMapper.selectConfigByKey - ==>  Preparing: select config_id, config_name, config_key, config_value, config_type, create_by, create_time, update_by, update_time, remark from sys_config where config_key = ? 
15:10:45.560 [http-nio-80-exec-2] DEBUG com.ruoyi.project.system.config.mapper.ConfigMapper.selectConfigByKey - ==> Parameters: sys.name(String)
15:10:45.642 [http-nio-80-exec-2] DEBUG com.ruoyi.project.system.config.mapper.ConfigMapper.selectConfigByKey - <==      Total: 1
15:10:45.696 [http-nio-80-exec-2] DEBUG com.ruoyi.project.system.config.mapper.ConfigMapper.selectConfigByKey - ==>  Preparing: select config_id, config_name, config_key, config_value, config_type, create_by, create_time, update_by, update_time, remark from sys_config where config_key = ? 
15:10:45.697 [http-nio-80-exec-2] DEBUG com.ruoyi.project.system.config.mapper.ConfigMapper.selectConfigByKey - ==> Parameters: sys.name(String)
15:10:45.699 [http-nio-80-exec-2] DEBUG com.ruoyi.project.system.config.mapper.ConfigMapper.selectConfigByKey - <==      Total: 1
15:10:45.701 [http-nio-80-exec-2] DEBUG com.ruoyi.project.system.config.mapper.ConfigMapper.selectConfigByKey - ==>  Preparing: select config_id, config_name, config_key, config_value, config_type, create_by, create_time, update_by, update_time, remark from sys_config where config_key = ? 
15:10:45.701 [http-nio-80-exec-2] DEBUG com.ruoyi.project.system.config.mapper.ConfigMapper.selectConfigByKey - ==> Parameters: sys.name(String)
15:10:45.703 [http-nio-80-exec-2] DEBUG com.ruoyi.project.system.config.mapper.ConfigMapper.selectConfigByKey - <==      Total: 1
15:10:45.717 [http-nio-80-exec-2] DEBUG com.ruoyi.project.system.config.mapper.ConfigMapper.selectConfigByKey - ==>  Preparing: select config_id, config_name, config_key, config_value, config_type, create_by, create_time, update_by, update_time, remark from sys_config where config_key = ? 
15:10:45.718 [http-nio-80-exec-2] DEBUG com.ruoyi.project.system.config.mapper.ConfigMapper.selectConfigByKey - ==> Parameters: sys.name(String)
15:10:45.720 [http-nio-80-exec-2] DEBUG com.ruoyi.project.system.config.mapper.ConfigMapper.selectConfigByKey - <==      Total: 1
15:10:45.723 [http-nio-80-exec-2] DEBUG com.ruoyi.project.system.config.mapper.ConfigMapper.selectConfigByKey - ==>  Preparing: select config_id, config_name, config_key, config_value, config_type, create_by, create_time, update_by, update_time, remark from sys_config where config_key = ? 
15:10:45.723 [http-nio-80-exec-2] DEBUG com.ruoyi.project.system.config.mapper.ConfigMapper.selectConfigByKey - ==> Parameters: sys.login.slogan(String)
15:10:45.725 [http-nio-80-exec-2] DEBUG com.ruoyi.project.system.config.mapper.ConfigMapper.selectConfigByKey - <==      Total: 1
15:10:45.730 [http-nio-80-exec-2] DEBUG com.ruoyi.project.system.config.mapper.ConfigMapper.selectConfigByKey - ==>  Preparing: select config_id, config_name, config_key, config_value, config_type, create_by, create_time, update_by, update_time, remark from sys_config where config_key = ? 
15:10:45.730 [http-nio-80-exec-2] DEBUG com.ruoyi.project.system.config.mapper.ConfigMapper.selectConfigByKey - ==> Parameters: sys.login.copyright(String)
15:10:45.732 [http-nio-80-exec-2] DEBUG com.ruoyi.project.system.config.mapper.ConfigMapper.selectConfigByKey - <==      Total: 1
15:10:46.276 [pool-1-thread-1] INFO  com.ruoyi.framework.shiro.web.session.OnlineWebSessionManager - invalidation sessions...
15:10:46.281 [pool-1-thread-1] DEBUG com.ruoyi.project.monitor.online.mapper.UserOnlineMapper.selectOnlineByExpired - ==>  Preparing: SELECT * FROM sys_user_online o WHERE o.last_access_time <= ? ORDER BY o.last_access_time ASC 
15:10:46.282 [pool-1-thread-1] DEBUG com.ruoyi.project.monitor.online.mapper.UserOnlineMapper.selectOnlineByExpired - ==> Parameters: 2018-06-22 14:40:46(String)
15:10:46.431 [pool-1-thread-1] DEBUG com.ruoyi.project.monitor.online.mapper.UserOnlineMapper.selectOnlineByExpired - <==      Total: 0
15:10:46.432 [pool-1-thread-1] INFO  com.ruoyi.framework.shiro.web.session.OnlineWebSessionManager - Finished invalidation session. No sessions were stopped.
15:10:47.608 [http-nio-80-exec-9] DEBUG com.ruoyi.project.system.user.mapper.UserMapper.selectUserByLoginName - ==>  Preparing: select u.user_id, u.dept_id, u.login_name, u.user_name, u.email, u.phonenumber, u.sex, u.avatar, u.password, u.salt, u.status, u.login_ip, u.login_date, u.create_time, u.remark, d.dept_id, d.parent_id, d.dept_name, d.order_num, d.status as dept_status from sys_user u left join sys_dept d on u.dept_id = d.dept_id left join sys_user_role ur on u.user_id = ur.user_id where u.login_name = ? 
15:10:47.610 [http-nio-80-exec-9] DEBUG com.ruoyi.project.system.user.mapper.UserMapper.selectUserByLoginName - ==> Parameters: admin(String)
15:10:48.128 [http-nio-80-exec-9] DEBUG com.ruoyi.project.system.user.mapper.UserMapper.selectUserByLoginName - <==      Total: 1
15:10:48.254 [http-nio-80-exec-9] INFO  sys-user - [127.0.0.1]XXXX内网IP[admin][Success][登录成功]
15:10:48.718 [http-nio-80-exec-9] DEBUG com.ruoyi.project.monitor.logininfor.mapper.LogininforMapper.insertLogininfor - ==>  Preparing: insert into sys_logininfor (login_name, status, ipaddr, login_location, browser, os, msg, login_time) values (?, ?, ?, ?, ?, ?, ?, sysdate()) 
15:10:48.720 [http-nio-80-exec-9] DEBUG com.ruoyi.project.monitor.logininfor.mapper.LogininforMapper.insertLogininfor - ==> Parameters: admin(String), 0(String), 127.0.0.1(String), XXXX内网IP(String), Chrome(String), Windows 7(String), 登录成功(String)
15:10:48.897 [http-nio-80-exec-9] DEBUG com.ruoyi.project.monitor.logininfor.mapper.LogininforMapper.insertLogininfor - <==    Updates: 1
15:10:48.915 [http-nio-80-exec-9] DEBUG com.ruoyi.project.system.user.mapper.UserMapper.updateUser - ==>  Preparing: update sys_user SET dept_id = ?, login_name = ?, user_name = ?, email = ?, phonenumber = ?, sex = ?, password = ?, salt = ?, status = ?, login_ip = ?, login_date = ?, remark = ?, update_time = sysdate() where 1=1 and user_id = ? 
15:10:48.919 [http-nio-80-exec-9] DEBUG com.ruoyi.project.system.user.mapper.UserMapper.updateUser - ==> Parameters: 106(Long), admin(String), 那谁(String), 1888@163.com(String), 15888888889(String), 0(String), 8f02c9f5377c332a359cdf2b3701b2e4(String), de88b6(String), 0(Integer), 127.0.0.1(String), 2018-06-22 15:10:48.898(Timestamp), 管理员(String), 1(Long)
15:10:48.997 [http-nio-80-exec-9] DEBUG com.ruoyi.project.system.user.mapper.UserMapper.updateUser - <==    Updates: 1
15:10:49.047 [http-nio-80-exec-6] DEBUG com.ruoyi.project.system.menu.mapper.MenuMapper.selectMenusByUserId - ==>  Preparing: select distinct m.menu_id, m.parent_id, m.menu_name, m.url, m.perms , m.menu_type, m.icon, m.order_num, m.create_time, m.open_mode from sys_menu m left join sys_role_menu rm on m.menu_id = rm.menu_id left join sys_user_role ur on rm.role_id = ur.role_id where ur.user_id = ? and m.menu_type in ('M', 'C') and m.visible = 0 order by m.order_num 
15:10:49.048 [http-nio-80-exec-6] DEBUG com.ruoyi.project.system.menu.mapper.MenuMapper.selectMenusByUserId - ==> Parameters: 1(Long)
15:10:49.232 [http-nio-80-exec-6] DEBUG com.ruoyi.project.system.menu.mapper.MenuMapper.selectMenusByUserId - <==      Total: 20
15:10:49.244 [http-nio-80-exec-6] DEBUG com.ruoyi.project.system.config.mapper.ConfigMapper.selectConfigByKey - ==>  Preparing: select config_id, config_name, config_key, config_value, config_type, create_by, create_time, update_by, update_time, remark from sys_config where config_key = ? 
15:10:49.244 [http-nio-80-exec-6] DEBUG com.ruoyi.project.system.config.mapper.ConfigMapper.selectConfigByKey - ==> Parameters: sys.name(String)
15:10:49.246 [http-nio-80-exec-6] DEBUG com.ruoyi.project.system.config.mapper.ConfigMapper.selectConfigByKey - <==      Total: 1
15:10:49.247 [http-nio-80-exec-6] DEBUG com.ruoyi.project.system.config.mapper.ConfigMapper.selectConfigByKey - ==>  Preparing: select config_id, config_name, config_key, config_value, config_type, create_by, create_time, update_by, update_time, remark from sys_config where config_key = ? 
15:10:49.247 [http-nio-80-exec-6] DEBUG com.ruoyi.project.system.config.mapper.ConfigMapper.selectConfigByKey - ==> Parameters: sys.name(String)
15:10:49.248 [http-nio-80-exec-6] DEBUG com.ruoyi.project.system.config.mapper.ConfigMapper.selectConfigByKey - <==      Total: 1
15:10:49.249 [http-nio-80-exec-6] DEBUG com.ruoyi.project.system.config.mapper.ConfigMapper.selectConfigByKey - ==>  Preparing: select config_id, config_name, config_key, config_value, config_type, create_by, create_time, update_by, update_time, remark from sys_config where config_key = ? 
15:10:49.250 [http-nio-80-exec-6] DEBUG com.ruoyi.project.system.config.mapper.ConfigMapper.selectConfigByKey - ==> Parameters: sys.name(String)
15:10:49.251 [http-nio-80-exec-6] DEBUG com.ruoyi.project.system.config.mapper.ConfigMapper.selectConfigByKey - <==      Total: 1
15:10:49.255 [http-nio-80-exec-6] DEBUG com.ruoyi.project.system.config.mapper.ConfigMapper.selectConfigByKey - ==>  Preparing: select config_id, config_name, config_key, config_value, config_type, create_by, create_time, update_by, update_time, remark from sys_config where config_key = ? 
15:10:49.256 [http-nio-80-exec-6] DEBUG com.ruoyi.project.system.config.mapper.ConfigMapper.selectConfigByKey - ==> Parameters: sys.index.skinName(String)
15:10:49.258 [http-nio-80-exec-6] DEBUG com.ruoyi.project.system.config.mapper.ConfigMapper.selectConfigByKey - <==      Total: 1
15:10:49.275 [http-nio-80-exec-6] DEBUG com.ruoyi.project.system.config.mapper.ConfigMapper.selectConfigByKey - ==>  Preparing: select config_id, config_name, config_key, config_value, config_type, create_by, create_time, update_by, update_time, remark from sys_config where config_key = ? 
15:10:49.275 [http-nio-80-exec-6] DEBUG com.ruoyi.project.system.config.mapper.ConfigMapper.selectConfigByKey - ==> Parameters: sys.name(String)
15:10:49.277 [http-nio-80-exec-6] DEBUG com.ruoyi.project.system.config.mapper.ConfigMapper.selectConfigByKey - <==      Total: 1
15:10:49.281 [http-nio-80-exec-6] DEBUG com.ruoyi.project.system.config.mapper.ConfigMapper.selectConfigByKey - ==>  Preparing: select config_id, config_name, config_key, config_value, config_type, create_by, create_time, update_by, update_time, remark from sys_config where config_key = ? 
15:10:49.281 [http-nio-80-exec-6] DEBUG com.ruoyi.project.system.config.mapper.ConfigMapper.selectConfigByKey - ==> Parameters: sys.login.copyright(String)
15:10:49.285 [http-nio-80-exec-6] DEBUG com.ruoyi.project.system.config.mapper.ConfigMapper.selectConfigByKey - <==      Total: 1
15:10:50.017 [http-nio-80-exec-7] DEBUG com.ruoyi.project.monitor.online.mapper.UserOnlineMapper.saveOnline - ==>  Preparing: replace into sys_user_online(sessionId, login_name, dept_name, ipaddr, login_location, browser, os, status, start_timestsamp, last_access_time, expire_time) values (?, ?, ?, ?, ?, ?, ?, ?, ?, ?, ?) 
15:10:50.025 [http-nio-80-exec-7] DEBUG com.ruoyi.project.monitor.online.mapper.UserOnlineMapper.saveOnline - ==> Parameters: 072fd64f-da9e-4f10-80af-64514f938f56(String), admin(String), 研发一部(String), 127.0.0.1(String), XXXX内网IP(String), Chrome(String), Windows 7(String), on_line(String), 2018-06-22 15:10:45.281(Timestamp), 2018-06-22 15:10:49.417(Timestamp), 1800000(Long)
15:10:50.073 [http-nio-80-exec-7] DEBUG com.ruoyi.project.monitor.online.mapper.UserOnlineMapper.saveOnline - <==    Updates: 1
15:10:50.078 [http-nio-80-exec-7] DEBUG com.ruoyi.project.system.role.mapper.RoleMapper.selectRolesByUserId - ==>  Preparing: SELECT r.role_id, r.role_name, r.role_key FROM sys_user u LEFT JOIN sys_user_role ur ON u.user_id = ur.user_id LEFT JOIN sys_role r ON ur.role_id = r.role_id WHERE ur.user_id = ? 
15:10:50.080 [http-nio-80-exec-7] DEBUG com.ruoyi.project.system.role.mapper.RoleMapper.selectRolesByUserId - ==> Parameters: 1(Long)
15:10:50.120 [http-nio-80-exec-7] DEBUG com.ruoyi.project.system.role.mapper.RoleMapper.selectRolesByUserId - <==      Total: 1
15:10:50.121 [http-nio-80-exec-7] DEBUG com.ruoyi.project.system.menu.mapper.MenuMapper.selectPermsByUserId - ==>  Preparing: select distinct m.perms from sys_menu m left join sys_role_menu rm on m.menu_id = rm.menu_id left join sys_user_role ur on rm.role_id = ur.role_id where ur.user_id = ? 
15:10:50.122 [http-nio-80-exec-7] DEBUG com.ruoyi.project.system.menu.mapper.MenuMapper.selectPermsByUserId - ==> Parameters: 1(Long)
15:10:50.124 [http-nio-80-exec-7] DEBUG com.ruoyi.project.system.menu.mapper.MenuMapper.selectPermsByUserId - <==      Total: 74
15:10:54.782 [http-nio-80-exec-9] DEBUG com.ruoyi.project.system.role.mapper.RoleMapper.selectRoleList_COUNT - ==>  Preparing: SELECT count(0) FROM sys_role 
15:10:54.782 [http-nio-80-exec-9] DEBUG com.ruoyi.project.system.role.mapper.RoleMapper.selectRoleList_COUNT - ==> Parameters: 
15:10:54.784 [http-nio-80-exec-9] DEBUG com.ruoyi.project.system.role.mapper.RoleMapper.selectRoleList_COUNT - <==      Total: 1
15:10:54.786 [http-nio-80-exec-9] DEBUG com.ruoyi.project.system.role.mapper.RoleMapper.selectRoleList - ==>  Preparing: SELECT role_id, role_name, role_key, role_sort, status, create_time, remark FROM sys_role order by role_sort asc LIMIT ? 
15:10:54.788 [http-nio-80-exec-9] DEBUG com.ruoyi.project.system.role.mapper.RoleMapper.selectRoleList - ==> Parameters: 10(Integer)
15:10:54.790 [http-nio-80-exec-9] DEBUG com.ruoyi.project.system.role.mapper.RoleMapper.selectRoleList - <==      Total: 2
15:10:55.831 [http-nio-80-exec-4] DEBUG com.ruoyi.project.system.user.mapper.UserMapper.selectUserList_COUNT - ==>  Preparing: SELECT count(0) FROM sys_user u LEFT JOIN sys_dept d ON u.dept_id = d.dept_id WHERE u.status IN (0, 1) 
15:10:55.832 [http-nio-80-exec-4] DEBUG com.ruoyi.project.system.user.mapper.UserMapper.selectUserList_COUNT - ==> Parameters: 
15:10:55.834 [http-nio-80-exec-4] DEBUG com.ruoyi.project.system.user.mapper.UserMapper.selectUserList_COUNT - <==      Total: 1
15:10:55.836 [http-nio-80-exec-4] DEBUG com.ruoyi.project.system.user.mapper.UserMapper.selectUserList - ==>  Preparing: SELECT u.user_id, u.dept_id, u.login_name, u.user_name, u.email, u.phonenumber, u.password, u.sex, u.avatar, u.salt, u.status, u.create_by, u.create_time, u.remark, d.dept_name FROM sys_user u LEFT JOIN sys_dept d ON u.dept_id = d.dept_id WHERE u.status IN (0, 1) order by create_time desc LIMIT ? 
15:10:55.836 [http-nio-80-exec-3] DEBUG com.ruoyi.project.system.dept.mapper.DeptMapper.selectDeptAll - ==>  Preparing: select dept_id, parent_id, dept_name, order_num, leader, phone, email, status, create_by, create_time from sys_dept 
15:10:55.837 [http-nio-80-exec-4] DEBUG com.ruoyi.project.system.user.mapper.UserMapper.selectUserList - ==> Parameters: 10(Integer)
15:10:55.837 [http-nio-80-exec-3] DEBUG com.ruoyi.project.system.dept.mapper.DeptMapper.selectDeptAll - ==> Parameters: 
15:10:55.839 [http-nio-80-exec-4] DEBUG com.ruoyi.project.system.user.mapper.UserMapper.selectUserList - <==      Total: 2
15:10:55.841 [http-nio-80-exec-3] DEBUG com.ruoyi.project.system.dept.mapper.DeptMapper.selectDeptAll - <==      Total: 10
15:11:00.777 [http-nio-80-exec-2] DEBUG com.ruoyi.project.system.post.mapper.PostMapper.selectPostList_COUNT - ==>  Preparing: SELECT count(0) FROM sys_post 
15:11:00.778 [http-nio-80-exec-2] DEBUG com.ruoyi.project.system.post.mapper.PostMapper.selectPostList_COUNT - ==> Parameters: 
15:11:00.832 [http-nio-80-exec-2] DEBUG com.ruoyi.project.system.post.mapper.PostMapper.selectPostList_COUNT - <==      Total: 1
15:11:00.834 [http-nio-80-exec-2] DEBUG com.ruoyi.project.system.post.mapper.PostMapper.selectPostList - ==>  Preparing: SELECT post_id, post_code, post_name, post_sort, status, create_by, create_time, remark FROM sys_post order by post_sort asc LIMIT ? 
15:11:00.835 [http-nio-80-exec-2] DEBUG com.ruoyi.project.system.post.mapper.PostMapper.selectPostList - ==> Parameters: 10(Integer)
15:11:00.837 [http-nio-80-exec-2] DEBUG com.ruoyi.project.system.post.mapper.PostMapper.selectPostList - <==      Total: 4
15:11:05.130 [http-nio-80-exec-5] DEBUG com.ruoyi.project.system.config.mapper.ConfigMapper.selectConfigList_COUNT - ==>  Preparing: SELECT count(0) FROM sys_config 
15:11:05.131 [http-nio-80-exec-5] DEBUG com.ruoyi.project.system.config.mapper.ConfigMapper.selectConfigList_COUNT - ==> Parameters: 
15:11:05.133 [http-nio-80-exec-5] DEBUG com.ruoyi.project.system.config.mapper.ConfigMapper.selectConfigList_COUNT - <==      Total: 1
15:11:05.135 [http-nio-80-exec-5] DEBUG com.ruoyi.project.system.config.mapper.ConfigMapper.selectConfigList - ==>  Preparing: SELECT config_id, config_name, config_key, config_value, config_type, create_by, create_time, update_by, update_time, remark FROM sys_config order by config_id asc LIMIT ? 
15:11:05.136 [http-nio-80-exec-5] DEBUG com.ruoyi.project.system.config.mapper.ConfigMapper.selectConfigList - ==> Parameters: 10(Integer)
15:11:05.140 [http-nio-80-exec-5] DEBUG com.ruoyi.project.system.config.mapper.ConfigMapper.selectConfigList - <==      Total: 5
15:11:20.751 [http-nio-80-exec-9] DEBUG com.ruoyi.project.tool.gen.mapper.GenMapper.selectTableList_COUNT - ==>  Preparing: SELECT count(0) FROM information_schema.tables WHERE table_comment <> '' AND table_schema = (SELECT database()) 
15:11:20.754 [http-nio-80-exec-9] DEBUG com.ruoyi.project.tool.gen.mapper.GenMapper.selectTableList_COUNT - ==> Parameters: 
15:11:21.547 [http-nio-80-exec-9] DEBUG com.ruoyi.project.tool.gen.mapper.GenMapper.selectTableList_COUNT - <==      Total: 1
15:11:21.549 [http-nio-80-exec-9] DEBUG com.ruoyi.project.tool.gen.mapper.GenMapper.selectTableList - ==>  Preparing: SELECT table_name, table_comment, create_time, update_time FROM information_schema.tables WHERE table_comment <> '' AND table_schema = (SELECT database()) order by create_time desc LIMIT ? 
15:11:21.549 [http-nio-80-exec-9] DEBUG com.ruoyi.project.tool.gen.mapper.GenMapper.selectTableList - ==> Parameters: 10(Integer)
15:11:21.692 [http-nio-80-exec-9] DEBUG com.ruoyi.project.tool.gen.mapper.GenMapper.selectTableList - <==      Total: 10
